[  0%] Built target geometry_msgs_generate_messages_py
[  0%] Built target sensor_msgs_generate_messages_py
[  0%] Built target std_msgs_generate_messages_py
[  0%] Built target vision_msgs_generate_messages_py
[  0%] Built target jsk_recognition_msgs_generate_messages_py
[  0%] Built target _tauv_msgs_generate_messages_check_deps_AlarmReport
[  0%] Built target _tauv_msgs_generate_messages_check_deps_AlarmWithMessage
[  0%] Built target _tauv_msgs_generate_messages_check_deps_ControllerDebug
[  0%] Built target _tauv_msgs_generate_messages_check_deps_FeatureDetection
[  0%] Built target _tauv_msgs_generate_messages_check_deps_DynamicsTuning
[  0%] Built target _tauv_msgs_generate_messages_check_deps_DynamicsParametersEstimate
[  0%] Built target _tauv_msgs_generate_messages_check_deps_FluidDepth
[  0%] Built target _tauv_msgs_generate_messages_check_deps_UpdateDynamicsParameterConfigs
[  0%] Built target _tauv_msgs_generate_messages_check_deps_ControllerCommand
[  0%] Built target _tauv_msgs_generate_messages_check_deps_FeatureDetections
[  0%] Built target _tauv_msgs_generate_messages_check_deps_DynamicsParameterConfigUpdate
[  0%] Built target _tauv_msgs_generate_messages_check_deps_GateDetection
[  0%] Built target _tauv_msgs_generate_messages_check_deps_SonarPulse
[  0%] Built target _tauv_msgs_generate_messages_check_deps_Message
[  0%] Built target _tauv_msgs_generate_messages_check_deps_Servos
[  0%] Built target _tauv_msgs_generate_messages_check_deps_PoseGraphMeasurement
[  0%] Built target _tauv_msgs_generate_messages_check_deps_RegisterMeasurement
[  0%] Built target _tauv_msgs_generate_messages_check_deps_ReadableAlarmReport
[  0%] Built target _tauv_msgs_generate_messages_check_deps_Thrust
[  0%] Built target _tauv_msgs_generate_messages_check_deps_TrajPoint
[  0%] Built target _tauv_msgs_generate_messages_check_deps_PIDDebug
[  0%] Built target _tauv_msgs_generate_messages_check_deps_NavigationState
[  0%] Built target _tauv_msgs_generate_messages_check_deps_PIDTuning
[  0%] Built target _tauv_msgs_generate_messages_check_deps_FeatureDetectionsSync
[  0%] Built target _tauv_msgs_generate_messages_check_deps_PIDPlannerDebug
[  0%] Built target _tauv_msgs_generate_messages_check_deps_PingDetection
[  0%] Built target _tauv_msgs_generate_messages_check_deps_SonarControl
[  0%] Built target _tauv_msgs_generate_messages_check_deps_XsensImuData
[  0%] Built target _tauv_msgs_generate_messages_check_deps_XsensImuSync
[  0%] Built target _tauv_msgs_generate_messages_check_deps_Battery
[  0%] Built target _tauv_msgs_generate_messages_check_deps_TeledyneDvlData
[  0%] Built target _tauv_msgs_generate_messages_check_deps_MapFind
[  0%] Built target _tauv_msgs_generate_messages_check_deps_GetCameraInfo
[  0%] Built target _tauv_msgs_generate_messages_check_deps_MapFindOne
[  0%] Built target _tauv_msgs_generate_messages_check_deps_TunePIDPlanner
[  0%] Built target _tauv_msgs_generate_messages_check_deps_TuneController
[  0%] Built target _tauv_msgs_generate_messages_check_deps_MapFindClosest
[  0%] Built target _tauv_msgs_generate_messages_check_deps_TuneDynamics
[  0%] Built target _tauv_msgs_generate_messages_check_deps_SyncAlarms
[  0%] Built target geometry_msgs_generate_messages_cpp
[  0%] Built target std_msgs_generate_messages_cpp
[  0%] Built target sensor_msgs_generate_messages_cpp
[  0%] Built target jsk_recognition_msgs_generate_messages_cpp
[  0%] Built target geometry_msgs_generate_messages_eus
[  0%] Built target vision_msgs_generate_messages_cpp
[  0%] Built target std_msgs_generate_messages_eus
[  0%] Built target sensor_msgs_generate_messages_eus
[  0%] Built target vision_msgs_generate_messages_eus
[  0%] Built target geometry_msgs_generate_messages_lisp
[  0%] Built target jsk_recognition_msgs_generate_messages_eus
[  0%] Built target sensor_msgs_generate_messages_lisp
[  0%] Built target jsk_recognition_msgs_generate_messages_lisp
[  0%] Built target std_msgs_generate_messages_lisp
[  0%] Built target geometry_msgs_generate_messages_nodejs
[  0%] Built target vision_msgs_generate_messages_lisp
[  0%] Built target std_msgs_generate_messages_nodejs
[  0%] Built target sensor_msgs_generate_messages_nodejs
[  0%] Built target vision_msgs_generate_messages_nodejs
[  0%] Built target jsk_recognition_msgs_generate_messages_nodejs
[  0%] Built target _tauv_msgs_generate_messages_check_deps_SetTargetPose
[  0%] Built target _tauv_msgs_generate_messages_check_deps_GetTrajectory
[  0%] Built target _tauv_msgs_generate_messages_check_deps_SetPose
[  0%] Built target _tauv_msgs_generate_messages_check_deps_RunMission
[ 26%] Built target tauv_msgs_generate_messages_py
[ 41%] Built target tauv_msgs_generate_messages_cpp
[ 68%] Built target tauv_msgs_generate_messages_eus
[ 80%] Built target tauv_msgs_generate_messages_lisp
[100%] Built target tauv_msgs_generate_messages_nodejs
[100%] Built target tauv_msgs_generate_messages
