Symlinking /home/jiaxi/Projects/aCube/planner/TAUV-ROS-Packages/devel/share/roseus/ros/tauv_msgs/manifest.l
Symlinking /home/jiaxi/Projects/aCube/planner/TAUV-ROS-Packages/devel/share/roseus/ros/tauv_msgs/msg/TrajPoint.l
Symlinking /home/jiaxi/Projects/aCube/planner/TAUV-ROS-Packages/devel/share/roseus/ros/tauv_msgs/msg/PIDPlannerDebug.l
Symlinking /home/jiaxi/Projects/aCube/planner/TAUV-ROS-Packages/devel/share/roseus/ros/tauv_msgs/msg/FeatureDetections.l
Symlinking /home/jiaxi/Projects/aCube/planner/TAUV-ROS-Packages/devel/share/roseus/ros/tauv_msgs/msg/DynamicsTuning.l
Symlinking /home/jiaxi/Projects/aCube/planner/TAUV-ROS-Packages/devel/share/roseus/ros/tauv_msgs/msg/PIDTuning.l
Symlinking /home/jiaxi/Projects/aCube/planner/TAUV-ROS-Packages/devel/share/roseus/ros/tauv_msgs/msg/RegisterMeasurement.l
Symlinking /home/jiaxi/Projects/aCube/planner/TAUV-ROS-Packages/devel/share/roseus/ros/tauv_msgs/msg/XsensImuData.l
Symlinking /home/jiaxi/Projects/aCube/planner/TAUV-ROS-Packages/devel/share/roseus/ros/tauv_msgs/msg/FluidDepth.l
Symlinking /home/jiaxi/Projects/aCube/planner/TAUV-ROS-Packages/devel/share/roseus/ros/tauv_msgs/msg/SonarPulse.l
Symlinking /home/jiaxi/Projects/aCube/planner/TAUV-ROS-Packages/devel/share/roseus/ros/tauv_msgs/msg/Message.l
Symlinking /home/jiaxi/Projects/aCube/planner/TAUV-ROS-Packages/devel/share/roseus/ros/tauv_msgs/msg/GateDetection.l
Symlinking /home/jiaxi/Projects/aCube/planner/TAUV-ROS-Packages/devel/share/roseus/ros/tauv_msgs/msg/PIDDebug.l
Symlinking /home/jiaxi/Projects/aCube/planner/TAUV-ROS-Packages/devel/share/roseus/ros/tauv_msgs/msg/NavigationState.l
Symlinking /home/jiaxi/Projects/aCube/planner/TAUV-ROS-Packages/devel/share/roseus/ros/tauv_msgs/msg/ControllerCommand.l
Symlinking /home/jiaxi/Projects/aCube/planner/TAUV-ROS-Packages/devel/share/roseus/ros/tauv_msgs/msg/Servos.l
Symlinking /home/jiaxi/Projects/aCube/planner/TAUV-ROS-Packages/devel/share/roseus/ros/tauv_msgs/msg/TeledyneDvlData.l
Symlinking /home/jiaxi/Projects/aCube/planner/TAUV-ROS-Packages/devel/share/roseus/ros/tauv_msgs/msg/ControllerDebug.l
Symlinking /home/jiaxi/Projects/aCube/planner/TAUV-ROS-Packages/devel/share/roseus/ros/tauv_msgs/msg/XsensImuSync.l
Symlinking /home/jiaxi/Projects/aCube/planner/TAUV-ROS-Packages/devel/share/roseus/ros/tauv_msgs/msg/AlarmReport.l
Symlinking /home/jiaxi/Projects/aCube/planner/TAUV-ROS-Packages/devel/share/roseus/ros/tauv_msgs/msg/ReadableAlarmReport.l
Symlinking /home/jiaxi/Projects/aCube/planner/TAUV-ROS-Packages/devel/share/roseus/ros/tauv_msgs/msg/Battery.l
Symlinking /home/jiaxi/Projects/aCube/planner/TAUV-ROS-Packages/devel/share/roseus/ros/tauv_msgs/msg/DynamicsParametersEstimate.l
Symlinking /home/jiaxi/Projects/aCube/planner/TAUV-ROS-Packages/devel/share/roseus/ros/tauv_msgs/msg/PingDetection.l
Symlinking /home/jiaxi/Projects/aCube/planner/TAUV-ROS-Packages/devel/share/roseus/ros/tauv_msgs/msg/DynamicsParameterConfigUpdate.l
Symlinking /home/jiaxi/Projects/aCube/planner/TAUV-ROS-Packages/devel/share/roseus/ros/tauv_msgs/msg/PoseGraphMeasurement.l
Symlinking /home/jiaxi/Projects/aCube/planner/TAUV-ROS-Packages/devel/share/roseus/ros/tauv_msgs/msg/Thrust.l
Symlinking /home/jiaxi/Projects/aCube/planner/TAUV-ROS-Packages/devel/share/roseus/ros/tauv_msgs/msg/AlarmWithMessage.l
Symlinking /home/jiaxi/Projects/aCube/planner/TAUV-ROS-Packages/devel/share/roseus/ros/tauv_msgs/msg/FeatureDetection.l
Symlinking /home/jiaxi/Projects/aCube/planner/TAUV-ROS-Packages/devel/share/roseus/ros/tauv_msgs/srv/UpdateDynamicsParameterConfigs.l
Symlinking /home/jiaxi/Projects/aCube/planner/TAUV-ROS-Packages/devel/share/roseus/ros/tauv_msgs/srv/MapFindOne.l
Symlinking /home/jiaxi/Projects/aCube/planner/TAUV-ROS-Packages/devel/share/roseus/ros/tauv_msgs/srv/GetTrajectory.l
Symlinking /home/jiaxi/Projects/aCube/planner/TAUV-ROS-Packages/devel/share/roseus/ros/tauv_msgs/srv/FeatureDetectionsSync.l
Symlinking /home/jiaxi/Projects/aCube/planner/TAUV-ROS-Packages/devel/share/roseus/ros/tauv_msgs/srv/TuneDynamics.l
Symlinking /home/jiaxi/Projects/aCube/planner/TAUV-ROS-Packages/devel/share/roseus/ros/tauv_msgs/srv/SetPose.l
Symlinking /home/jiaxi/Projects/aCube/planner/TAUV-ROS-Packages/devel/share/roseus/ros/tauv_msgs/srv/GetCameraInfo.l
Symlinking /home/jiaxi/Projects/aCube/planner/TAUV-ROS-Packages/devel/share/roseus/ros/tauv_msgs/srv/TunePIDPlanner.l
Symlinking /home/jiaxi/Projects/aCube/planner/TAUV-ROS-Packages/devel/share/roseus/ros/tauv_msgs/srv/SonarControl.l
Symlinking /home/jiaxi/Projects/aCube/planner/TAUV-ROS-Packages/devel/share/roseus/ros/tauv_msgs/srv/MapFindClosest.l
Symlinking /home/jiaxi/Projects/aCube/planner/TAUV-ROS-Packages/devel/share/roseus/ros/tauv_msgs/srv/TuneController.l
Symlinking /home/jiaxi/Projects/aCube/planner/TAUV-ROS-Packages/devel/share/roseus/ros/tauv_msgs/srv/SetTargetPose.l
Symlinking /home/jiaxi/Projects/aCube/planner/TAUV-ROS-Packages/devel/share/roseus/ros/tauv_msgs/srv/RunMission.l
Symlinking /home/jiaxi/Projects/aCube/planner/TAUV-ROS-Packages/devel/share/roseus/ros/tauv_msgs/srv/SyncAlarms.l
Symlinking /home/jiaxi/Projects/aCube/planner/TAUV-ROS-Packages/devel/share/roseus/ros/tauv_msgs/srv/MapFind.l
Symlinking /home/jiaxi/Projects/aCube/planner/TAUV-ROS-Packages/devel/share/gennodejs/ros/tauv_msgs/_index.js
Symlinking /home/jiaxi/Projects/aCube/planner/TAUV-ROS-Packages/devel/share/gennodejs/ros/tauv_msgs/msg/GateDetection.js
Symlinking /home/jiaxi/Projects/aCube/planner/TAUV-ROS-Packages/devel/share/gennodejs/ros/tauv_msgs/msg/PIDDebug.js
Symlinking /home/jiaxi/Projects/aCube/planner/TAUV-ROS-Packages/devel/share/gennodejs/ros/tauv_msgs/msg/XsensImuData.js
Symlinking /home/jiaxi/Projects/aCube/planner/TAUV-ROS-Packages/devel/share/gennodejs/ros/tauv_msgs/msg/PoseGraphMeasurement.js
Symlinking /home/jiaxi/Projects/aCube/planner/TAUV-ROS-Packages/devel/share/gennodejs/ros/tauv_msgs/msg/ControllerDebug.js
Symlinking /home/jiaxi/Projects/aCube/planner/TAUV-ROS-Packages/devel/share/gennodejs/ros/tauv_msgs/msg/TrajPoint.js
Symlinking /home/jiaxi/Projects/aCube/planner/TAUV-ROS-Packages/devel/share/gennodejs/ros/tauv_msgs/msg/ControllerCommand.js
Symlinking /home/jiaxi/Projects/aCube/planner/TAUV-ROS-Packages/devel/share/gennodejs/ros/tauv_msgs/msg/FluidDepth.js
Symlinking /home/jiaxi/Projects/aCube/planner/TAUV-ROS-Packages/devel/share/gennodejs/ros/tauv_msgs/msg/ReadableAlarmReport.js
Symlinking /home/jiaxi/Projects/aCube/planner/TAUV-ROS-Packages/devel/share/gennodejs/ros/tauv_msgs/msg/FeatureDetection.js
Symlinking /home/jiaxi/Projects/aCube/planner/TAUV-ROS-Packages/devel/share/gennodejs/ros/tauv_msgs/msg/Battery.js
Symlinking /home/jiaxi/Projects/aCube/planner/TAUV-ROS-Packages/devel/share/gennodejs/ros/tauv_msgs/msg/FeatureDetections.js
Symlinking /home/jiaxi/Projects/aCube/planner/TAUV-ROS-Packages/devel/share/gennodejs/ros/tauv_msgs/msg/Thrust.js
Symlinking /home/jiaxi/Projects/aCube/planner/TAUV-ROS-Packages/devel/share/gennodejs/ros/tauv_msgs/msg/NavigationState.js
Symlinking /home/jiaxi/Projects/aCube/planner/TAUV-ROS-Packages/devel/share/gennodejs/ros/tauv_msgs/msg/AlarmReport.js
Symlinking /home/jiaxi/Projects/aCube/planner/TAUV-ROS-Packages/devel/share/gennodejs/ros/tauv_msgs/msg/SonarPulse.js
Symlinking /home/jiaxi/Projects/aCube/planner/TAUV-ROS-Packages/devel/share/gennodejs/ros/tauv_msgs/msg/AlarmWithMessage.js
Symlinking /home/jiaxi/Projects/aCube/planner/TAUV-ROS-Packages/devel/share/gennodejs/ros/tauv_msgs/msg/PIDPlannerDebug.js
Symlinking /home/jiaxi/Projects/aCube/planner/TAUV-ROS-Packages/devel/share/gennodejs/ros/tauv_msgs/msg/XsensImuSync.js
Symlinking /home/jiaxi/Projects/aCube/planner/TAUV-ROS-Packages/devel/share/gennodejs/ros/tauv_msgs/msg/PingDetection.js
Symlinking /home/jiaxi/Projects/aCube/planner/TAUV-ROS-Packages/devel/share/gennodejs/ros/tauv_msgs/msg/Message.js
Symlinking /home/jiaxi/Projects/aCube/planner/TAUV-ROS-Packages/devel/share/gennodejs/ros/tauv_msgs/msg/DynamicsTuning.js
Symlinking /home/jiaxi/Projects/aCube/planner/TAUV-ROS-Packages/devel/share/gennodejs/ros/tauv_msgs/msg/Servos.js
Symlinking /home/jiaxi/Projects/aCube/planner/TAUV-ROS-Packages/devel/share/gennodejs/ros/tauv_msgs/msg/DynamicsParametersEstimate.js
Symlinking /home/jiaxi/Projects/aCube/planner/TAUV-ROS-Packages/devel/share/gennodejs/ros/tauv_msgs/msg/PIDTuning.js
Symlinking /home/jiaxi/Projects/aCube/planner/TAUV-ROS-Packages/devel/share/gennodejs/ros/tauv_msgs/msg/DynamicsParameterConfigUpdate.js
Symlinking /home/jiaxi/Projects/aCube/planner/TAUV-ROS-Packages/devel/share/gennodejs/ros/tauv_msgs/msg/TeledyneDvlData.js
Symlinking /home/jiaxi/Projects/aCube/planner/TAUV-ROS-Packages/devel/share/gennodejs/ros/tauv_msgs/msg/RegisterMeasurement.js
Symlinking /home/jiaxi/Projects/aCube/planner/TAUV-ROS-Packages/devel/share/gennodejs/ros/tauv_msgs/msg/_index.js
Symlinking /home/jiaxi/Projects/aCube/planner/TAUV-ROS-Packages/devel/share/gennodejs/ros/tauv_msgs/srv/GetTrajectory.js
Symlinking /home/jiaxi/Projects/aCube/planner/TAUV-ROS-Packages/devel/share/gennodejs/ros/tauv_msgs/srv/SetPose.js
Symlinking /home/jiaxi/Projects/aCube/planner/TAUV-ROS-Packages/devel/share/gennodejs/ros/tauv_msgs/srv/TuneDynamics.js
Symlinking /home/jiaxi/Projects/aCube/planner/TAUV-ROS-Packages/devel/share/gennodejs/ros/tauv_msgs/srv/MapFindClosest.js
Symlinking /home/jiaxi/Projects/aCube/planner/TAUV-ROS-Packages/devel/share/gennodejs/ros/tauv_msgs/srv/MapFindOne.js
Symlinking /home/jiaxi/Projects/aCube/planner/TAUV-ROS-Packages/devel/share/gennodejs/ros/tauv_msgs/srv/SonarControl.js
Symlinking /home/jiaxi/Projects/aCube/planner/TAUV-ROS-Packages/devel/share/gennodejs/ros/tauv_msgs/srv/MapFind.js
Symlinking /home/jiaxi/Projects/aCube/planner/TAUV-ROS-Packages/devel/share/gennodejs/ros/tauv_msgs/srv/SyncAlarms.js
Symlinking /home/jiaxi/Projects/aCube/planner/TAUV-ROS-Packages/devel/share/gennodejs/ros/tauv_msgs/srv/RunMission.js
Symlinking /home/jiaxi/Projects/aCube/planner/TAUV-ROS-Packages/devel/share/gennodejs/ros/tauv_msgs/srv/UpdateDynamicsParameterConfigs.js
Symlinking /home/jiaxi/Projects/aCube/planner/TAUV-ROS-Packages/devel/share/gennodejs/ros/tauv_msgs/srv/SetTargetPose.js
Symlinking /home/jiaxi/Projects/aCube/planner/TAUV-ROS-Packages/devel/share/gennodejs/ros/tauv_msgs/srv/GetCameraInfo.js
Symlinking /home/jiaxi/Projects/aCube/planner/TAUV-ROS-Packages/devel/share/gennodejs/ros/tauv_msgs/srv/FeatureDetectionsSync.js
Symlinking /home/jiaxi/Projects/aCube/planner/TAUV-ROS-Packages/devel/share/gennodejs/ros/tauv_msgs/srv/TunePIDPlanner.js
Symlinking /home/jiaxi/Projects/aCube/planner/TAUV-ROS-Packages/devel/share/gennodejs/ros/tauv_msgs/srv/_index.js
Symlinking /home/jiaxi/Projects/aCube/planner/TAUV-ROS-Packages/devel/share/gennodejs/ros/tauv_msgs/srv/TuneController.js
Symlinking /home/jiaxi/Projects/aCube/planner/TAUV-ROS-Packages/devel/share/tauv_msgs/cmake/tauv_msgs-msg-paths.cmake
Symlinking /home/jiaxi/Projects/aCube/planner/TAUV-ROS-Packages/devel/share/tauv_msgs/cmake/tauv_msgsConfig.cmake
Symlinking /home/jiaxi/Projects/aCube/planner/TAUV-ROS-Packages/devel/share/tauv_msgs/cmake/tauv_msgs-msg-extras.cmake
Symlinking /home/jiaxi/Projects/aCube/planner/TAUV-ROS-Packages/devel/share/tauv_msgs/cmake/tauv_msgsConfig-version.cmake
Symlinking /home/jiaxi/Projects/aCube/planner/TAUV-ROS-Packages/devel/share/common-lisp/ros/tauv_msgs/msg/_package_PoseGraphMeasurement.lisp
Symlinking /home/jiaxi/Projects/aCube/planner/TAUV-ROS-Packages/devel/share/common-lisp/ros/tauv_msgs/msg/_package_Battery.lisp
Symlinking /home/jiaxi/Projects/aCube/planner/TAUV-ROS-Packages/devel/share/common-lisp/ros/tauv_msgs/msg/_package_GateDetection.lisp
Symlinking /home/jiaxi/Projects/aCube/planner/TAUV-ROS-Packages/devel/share/common-lisp/ros/tauv_msgs/msg/DynamicsParameterConfigUpdate.lisp
Symlinking /home/jiaxi/Projects/aCube/planner/TAUV-ROS-Packages/devel/share/common-lisp/ros/tauv_msgs/msg/_package_RegisterMeasurement.lisp
Symlinking /home/jiaxi/Projects/aCube/planner/TAUV-ROS-Packages/devel/share/common-lisp/ros/tauv_msgs/msg/TrajPoint.lisp
Symlinking /home/jiaxi/Projects/aCube/planner/TAUV-ROS-Packages/devel/share/common-lisp/ros/tauv_msgs/msg/_package_ControllerDebug.lisp
Symlinking /home/jiaxi/Projects/aCube/planner/TAUV-ROS-Packages/devel/share/common-lisp/ros/tauv_msgs/msg/Battery.lisp
Symlinking /home/jiaxi/Projects/aCube/planner/TAUV-ROS-Packages/devel/share/common-lisp/ros/tauv_msgs/msg/_package_PIDDebug.lisp
Symlinking /home/jiaxi/Projects/aCube/planner/TAUV-ROS-Packages/devel/share/common-lisp/ros/tauv_msgs/msg/SonarPulse.lisp
Symlinking /home/jiaxi/Projects/aCube/planner/TAUV-ROS-Packages/devel/share/common-lisp/ros/tauv_msgs/msg/FeatureDetection.lisp
Symlinking /home/jiaxi/Projects/aCube/planner/TAUV-ROS-Packages/devel/share/common-lisp/ros/tauv_msgs/msg/_package_XsensImuData.lisp
Symlinking /home/jiaxi/Projects/aCube/planner/TAUV-ROS-Packages/devel/share/common-lisp/ros/tauv_msgs/msg/RegisterMeasurement.lisp
Symlinking /home/jiaxi/Projects/aCube/planner/TAUV-ROS-Packages/devel/share/common-lisp/ros/tauv_msgs/msg/_package_DynamicsParameterConfigUpdate.lisp
Symlinking /home/jiaxi/Projects/aCube/planner/TAUV-ROS-Packages/devel/share/common-lisp/ros/tauv_msgs/msg/_package_TrajPoint.lisp
Symlinking /home/jiaxi/Projects/aCube/planner/TAUV-ROS-Packages/devel/share/common-lisp/ros/tauv_msgs/msg/_package_Message.lisp
Symlinking /home/jiaxi/Projects/aCube/planner/TAUV-ROS-Packages/devel/share/common-lisp/ros/tauv_msgs/msg/PingDetection.lisp
Symlinking /home/jiaxi/Projects/aCube/planner/TAUV-ROS-Packages/devel/share/common-lisp/ros/tauv_msgs/msg/_package_NavigationState.lisp
Symlinking /home/jiaxi/Projects/aCube/planner/TAUV-ROS-Packages/devel/share/common-lisp/ros/tauv_msgs/msg/_package_SonarPulse.lisp
Symlinking /home/jiaxi/Projects/aCube/planner/TAUV-ROS-Packages/devel/share/common-lisp/ros/tauv_msgs/msg/Message.lisp
Symlinking /home/jiaxi/Projects/aCube/planner/TAUV-ROS-Packages/devel/share/common-lisp/ros/tauv_msgs/msg/ControllerDebug.lisp
Symlinking /home/jiaxi/Projects/aCube/planner/TAUV-ROS-Packages/devel/share/common-lisp/ros/tauv_msgs/msg/PoseGraphMeasurement.lisp
Symlinking /home/jiaxi/Projects/aCube/planner/TAUV-ROS-Packages/devel/share/common-lisp/ros/tauv_msgs/msg/_package_PingDetection.lisp
Symlinking /home/jiaxi/Projects/aCube/planner/TAUV-ROS-Packages/devel/share/common-lisp/ros/tauv_msgs/msg/AlarmReport.lisp
Symlinking /home/jiaxi/Projects/aCube/planner/TAUV-ROS-Packages/devel/share/common-lisp/ros/tauv_msgs/msg/FluidDepth.lisp
Symlinking /home/jiaxi/Projects/aCube/planner/TAUV-ROS-Packages/devel/share/common-lisp/ros/tauv_msgs/msg/XsensImuData.lisp
Symlinking /home/jiaxi/Projects/aCube/planner/TAUV-ROS-Packages/devel/share/common-lisp/ros/tauv_msgs/msg/_package_TeledyneDvlData.lisp
Symlinking /home/jiaxi/Projects/aCube/planner/TAUV-ROS-Packages/devel/share/common-lisp/ros/tauv_msgs/msg/ReadableAlarmReport.lisp
Symlinking /home/jiaxi/Projects/aCube/planner/TAUV-ROS-Packages/devel/share/common-lisp/ros/tauv_msgs/msg/_package_FeatureDetections.lisp
Symlinking /home/jiaxi/Projects/aCube/planner/TAUV-ROS-Packages/devel/share/common-lisp/ros/tauv_msgs/msg/_package_DynamicsTuning.lisp
Symlinking /home/jiaxi/Projects/aCube/planner/TAUV-ROS-Packages/devel/share/common-lisp/ros/tauv_msgs/msg/_package_PIDTuning.lisp
Symlinking /home/jiaxi/Projects/aCube/planner/TAUV-ROS-Packages/devel/share/common-lisp/ros/tauv_msgs/msg/_package_PIDPlannerDebug.lisp
Symlinking /home/jiaxi/Projects/aCube/planner/TAUV-ROS-Packages/devel/share/common-lisp/ros/tauv_msgs/msg/_package.lisp
Symlinking /home/jiaxi/Projects/aCube/planner/TAUV-ROS-Packages/devel/share/common-lisp/ros/tauv_msgs/msg/DynamicsTuning.lisp
Symlinking /home/jiaxi/Projects/aCube/planner/TAUV-ROS-Packages/devel/share/common-lisp/ros/tauv_msgs/msg/FeatureDetections.lisp
Symlinking /home/jiaxi/Projects/aCube/planner/TAUV-ROS-Packages/devel/share/common-lisp/ros/tauv_msgs/msg/_package_DynamicsParametersEstimate.lisp
Symlinking /home/jiaxi/Projects/aCube/planner/TAUV-ROS-Packages/devel/share/common-lisp/ros/tauv_msgs/msg/PIDTuning.lisp
Symlinking /home/jiaxi/Projects/aCube/planner/TAUV-ROS-Packages/devel/share/common-lisp/ros/tauv_msgs/msg/_package_ReadableAlarmReport.lisp
Symlinking /home/jiaxi/Projects/aCube/planner/TAUV-ROS-Packages/devel/share/common-lisp/ros/tauv_msgs/msg/XsensImuSync.lisp
Symlinking /home/jiaxi/Projects/aCube/planner/TAUV-ROS-Packages/devel/share/common-lisp/ros/tauv_msgs/msg/PIDDebug.lisp
Symlinking /home/jiaxi/Projects/aCube/planner/TAUV-ROS-Packages/devel/share/common-lisp/ros/tauv_msgs/msg/GateDetection.lisp
Symlinking /home/jiaxi/Projects/aCube/planner/TAUV-ROS-Packages/devel/share/common-lisp/ros/tauv_msgs/msg/ControllerCommand.lisp
Symlinking /home/jiaxi/Projects/aCube/planner/TAUV-ROS-Packages/devel/share/common-lisp/ros/tauv_msgs/msg/_package_FeatureDetection.lisp
Symlinking /home/jiaxi/Projects/aCube/planner/TAUV-ROS-Packages/devel/share/common-lisp/ros/tauv_msgs/msg/NavigationState.lisp
Symlinking /home/jiaxi/Projects/aCube/planner/TAUV-ROS-Packages/devel/share/common-lisp/ros/tauv_msgs/msg/_package_Servos.lisp
Symlinking /home/jiaxi/Projects/aCube/planner/TAUV-ROS-Packages/devel/share/common-lisp/ros/tauv_msgs/msg/tauv_msgs-msg.asd
Symlinking /home/jiaxi/Projects/aCube/planner/TAUV-ROS-Packages/devel/share/common-lisp/ros/tauv_msgs/msg/AlarmWithMessage.lisp
Symlinking /home/jiaxi/Projects/aCube/planner/TAUV-ROS-Packages/devel/share/common-lisp/ros/tauv_msgs/msg/_package_AlarmWithMessage.lisp
Symlinking /home/jiaxi/Projects/aCube/planner/TAUV-ROS-Packages/devel/share/common-lisp/ros/tauv_msgs/msg/_package_Thrust.lisp
Symlinking /home/jiaxi/Projects/aCube/planner/TAUV-ROS-Packages/devel/share/common-lisp/ros/tauv_msgs/msg/Thrust.lisp
Symlinking /home/jiaxi/Projects/aCube/planner/TAUV-ROS-Packages/devel/share/common-lisp/ros/tauv_msgs/msg/_package_XsensImuSync.lisp
Symlinking /home/jiaxi/Projects/aCube/planner/TAUV-ROS-Packages/devel/share/common-lisp/ros/tauv_msgs/msg/Servos.lisp
Symlinking /home/jiaxi/Projects/aCube/planner/TAUV-ROS-Packages/devel/share/common-lisp/ros/tauv_msgs/msg/PIDPlannerDebug.lisp
Symlinking /home/jiaxi/Projects/aCube/planner/TAUV-ROS-Packages/devel/share/common-lisp/ros/tauv_msgs/msg/DynamicsParametersEstimate.lisp
Symlinking /home/jiaxi/Projects/aCube/planner/TAUV-ROS-Packages/devel/share/common-lisp/ros/tauv_msgs/msg/TeledyneDvlData.lisp
Symlinking /home/jiaxi/Projects/aCube/planner/TAUV-ROS-Packages/devel/share/common-lisp/ros/tauv_msgs/msg/_package_FluidDepth.lisp
Symlinking /home/jiaxi/Projects/aCube/planner/TAUV-ROS-Packages/devel/share/common-lisp/ros/tauv_msgs/msg/_package_AlarmReport.lisp
Symlinking /home/jiaxi/Projects/aCube/planner/TAUV-ROS-Packages/devel/share/common-lisp/ros/tauv_msgs/msg/_package_ControllerCommand.lisp
Symlinking /home/jiaxi/Projects/aCube/planner/TAUV-ROS-Packages/devel/share/common-lisp/ros/tauv_msgs/srv/TunePIDPlanner.lisp
Symlinking /home/jiaxi/Projects/aCube/planner/TAUV-ROS-Packages/devel/share/common-lisp/ros/tauv_msgs/srv/MapFind.lisp
Symlinking /home/jiaxi/Projects/aCube/planner/TAUV-ROS-Packages/devel/share/common-lisp/ros/tauv_msgs/srv/_package_SetTargetPose.lisp
Symlinking /home/jiaxi/Projects/aCube/planner/TAUV-ROS-Packages/devel/share/common-lisp/ros/tauv_msgs/srv/SetPose.lisp
Symlinking /home/jiaxi/Projects/aCube/planner/TAUV-ROS-Packages/devel/share/common-lisp/ros/tauv_msgs/srv/TuneDynamics.lisp
Symlinking /home/jiaxi/Projects/aCube/planner/TAUV-ROS-Packages/devel/share/common-lisp/ros/tauv_msgs/srv/UpdateDynamicsParameterConfigs.lisp
Symlinking /home/jiaxi/Projects/aCube/planner/TAUV-ROS-Packages/devel/share/common-lisp/ros/tauv_msgs/srv/_package_GetTrajectory.lisp
Symlinking /home/jiaxi/Projects/aCube/planner/TAUV-ROS-Packages/devel/share/common-lisp/ros/tauv_msgs/srv/tauv_msgs-srv.asd
Symlinking /home/jiaxi/Projects/aCube/planner/TAUV-ROS-Packages/devel/share/common-lisp/ros/tauv_msgs/srv/_package_GetCameraInfo.lisp
Symlinking /home/jiaxi/Projects/aCube/planner/TAUV-ROS-Packages/devel/share/common-lisp/ros/tauv_msgs/srv/SyncAlarms.lisp
Symlinking /home/jiaxi/Projects/aCube/planner/TAUV-ROS-Packages/devel/share/common-lisp/ros/tauv_msgs/srv/RunMission.lisp
Symlinking /home/jiaxi/Projects/aCube/planner/TAUV-ROS-Packages/devel/share/common-lisp/ros/tauv_msgs/srv/_package_SetPose.lisp
Symlinking /home/jiaxi/Projects/aCube/planner/TAUV-ROS-Packages/devel/share/common-lisp/ros/tauv_msgs/srv/FeatureDetectionsSync.lisp
Symlinking /home/jiaxi/Projects/aCube/planner/TAUV-ROS-Packages/devel/share/common-lisp/ros/tauv_msgs/srv/_package_SonarControl.lisp
Symlinking /home/jiaxi/Projects/aCube/planner/TAUV-ROS-Packages/devel/share/common-lisp/ros/tauv_msgs/srv/_package_MapFind.lisp
Symlinking /home/jiaxi/Projects/aCube/planner/TAUV-ROS-Packages/devel/share/common-lisp/ros/tauv_msgs/srv/_package_TunePIDPlanner.lisp
Symlinking /home/jiaxi/Projects/aCube/planner/TAUV-ROS-Packages/devel/share/common-lisp/ros/tauv_msgs/srv/_package_TuneDynamics.lisp
Symlinking /home/jiaxi/Projects/aCube/planner/TAUV-ROS-Packages/devel/share/common-lisp/ros/tauv_msgs/srv/_package.lisp
Symlinking /home/jiaxi/Projects/aCube/planner/TAUV-ROS-Packages/devel/share/common-lisp/ros/tauv_msgs/srv/_package_MapFindClosest.lisp
Symlinking /home/jiaxi/Projects/aCube/planner/TAUV-ROS-Packages/devel/share/common-lisp/ros/tauv_msgs/srv/SonarControl.lisp
Symlinking /home/jiaxi/Projects/aCube/planner/TAUV-ROS-Packages/devel/share/common-lisp/ros/tauv_msgs/srv/MapFindOne.lisp
Symlinking /home/jiaxi/Projects/aCube/planner/TAUV-ROS-Packages/devel/share/common-lisp/ros/tauv_msgs/srv/GetTrajectory.lisp
Symlinking /home/jiaxi/Projects/aCube/planner/TAUV-ROS-Packages/devel/share/common-lisp/ros/tauv_msgs/srv/_package_UpdateDynamicsParameterConfigs.lisp
Symlinking /home/jiaxi/Projects/aCube/planner/TAUV-ROS-Packages/devel/share/common-lisp/ros/tauv_msgs/srv/GetCameraInfo.lisp
Symlinking /home/jiaxi/Projects/aCube/planner/TAUV-ROS-Packages/devel/share/common-lisp/ros/tauv_msgs/srv/TuneController.lisp
Symlinking /home/jiaxi/Projects/aCube/planner/TAUV-ROS-Packages/devel/share/common-lisp/ros/tauv_msgs/srv/_package_TuneController.lisp
Symlinking /home/jiaxi/Projects/aCube/planner/TAUV-ROS-Packages/devel/share/common-lisp/ros/tauv_msgs/srv/_package_RunMission.lisp
Symlinking /home/jiaxi/Projects/aCube/planner/TAUV-ROS-Packages/devel/share/common-lisp/ros/tauv_msgs/srv/MapFindClosest.lisp
Symlinking /home/jiaxi/Projects/aCube/planner/TAUV-ROS-Packages/devel/share/common-lisp/ros/tauv_msgs/srv/_package_MapFindOne.lisp
Symlinking /home/jiaxi/Projects/aCube/planner/TAUV-ROS-Packages/devel/share/common-lisp/ros/tauv_msgs/srv/_package_FeatureDetectionsSync.lisp
Symlinking /home/jiaxi/Projects/aCube/planner/TAUV-ROS-Packages/devel/share/common-lisp/ros/tauv_msgs/srv/_package_SyncAlarms.lisp
Symlinking /home/jiaxi/Projects/aCube/planner/TAUV-ROS-Packages/devel/share/common-lisp/ros/tauv_msgs/srv/SetTargetPose.lisp
Symlinking /home/jiaxi/Projects/aCube/planner/TAUV-ROS-Packages/devel/include/tauv_msgs/GetTrajectoryResponse.h
Symlinking /home/jiaxi/Projects/aCube/planner/TAUV-ROS-Packages/devel/include/tauv_msgs/RunMissionRequest.h
Symlinking /home/jiaxi/Projects/aCube/planner/TAUV-ROS-Packages/devel/include/tauv_msgs/ReadableAlarmReport.h
Symlinking /home/jiaxi/Projects/aCube/planner/TAUV-ROS-Packages/devel/include/tauv_msgs/RunMissionResponse.h
Symlinking /home/jiaxi/Projects/aCube/planner/TAUV-ROS-Packages/devel/include/tauv_msgs/Servos.h
Symlinking /home/jiaxi/Projects/aCube/planner/TAUV-ROS-Packages/devel/include/tauv_msgs/TuneControllerRequest.h
Symlinking /home/jiaxi/Projects/aCube/planner/TAUV-ROS-Packages/devel/include/tauv_msgs/PIDTuning.h
Symlinking /home/jiaxi/Projects/aCube/planner/TAUV-ROS-Packages/devel/include/tauv_msgs/PIDDebug.h
Symlinking /home/jiaxi/Projects/aCube/planner/TAUV-ROS-Packages/devel/include/tauv_msgs/SyncAlarmsRequest.h
Symlinking /home/jiaxi/Projects/aCube/planner/TAUV-ROS-Packages/devel/include/tauv_msgs/MapFindClosestRequest.h
Symlinking /home/jiaxi/Projects/aCube/planner/TAUV-ROS-Packages/devel/include/tauv_msgs/SetTargetPose.h
Symlinking /home/jiaxi/Projects/aCube/planner/TAUV-ROS-Packages/devel/include/tauv_msgs/MapFindOne.h
Symlinking /home/jiaxi/Projects/aCube/planner/TAUV-ROS-Packages/devel/include/tauv_msgs/MapFindOneResponse.h
Symlinking /home/jiaxi/Projects/aCube/planner/TAUV-ROS-Packages/devel/include/tauv_msgs/SetTargetPoseResponse.h
Symlinking /home/jiaxi/Projects/aCube/planner/TAUV-ROS-Packages/devel/include/tauv_msgs/SonarControlResponse.h
Symlinking /home/jiaxi/Projects/aCube/planner/TAUV-ROS-Packages/devel/include/tauv_msgs/TuneDynamics.h
Symlinking /home/jiaxi/Projects/aCube/planner/TAUV-ROS-Packages/devel/include/tauv_msgs/RunMission.h
Symlinking /home/jiaxi/Projects/aCube/planner/TAUV-ROS-Packages/devel/include/tauv_msgs/XsensImuSync.h
Symlinking /home/jiaxi/Projects/aCube/planner/TAUV-ROS-Packages/devel/include/tauv_msgs/UpdateDynamicsParameterConfigsResponse.h
Symlinking /home/jiaxi/Projects/aCube/planner/TAUV-ROS-Packages/devel/include/tauv_msgs/SonarControl.h
Symlinking /home/jiaxi/Projects/aCube/planner/TAUV-ROS-Packages/devel/include/tauv_msgs/MapFindClosest.h
Symlinking /home/jiaxi/Projects/aCube/planner/TAUV-ROS-Packages/devel/include/tauv_msgs/GetCameraInfoResponse.h
Symlinking /home/jiaxi/Projects/aCube/planner/TAUV-ROS-Packages/devel/include/tauv_msgs/FeatureDetectionsSyncResponse.h
Symlinking /home/jiaxi/Projects/aCube/planner/TAUV-ROS-Packages/devel/include/tauv_msgs/PIDPlannerDebug.h
Symlinking /home/jiaxi/Projects/aCube/planner/TAUV-ROS-Packages/devel/include/tauv_msgs/ControllerDebug.h
Symlinking /home/jiaxi/Projects/aCube/planner/TAUV-ROS-Packages/devel/include/tauv_msgs/GateDetection.h
Symlinking /home/jiaxi/Projects/aCube/planner/TAUV-ROS-Packages/devel/include/tauv_msgs/TunePIDPlanner.h
Symlinking /home/jiaxi/Projects/aCube/planner/TAUV-ROS-Packages/devel/include/tauv_msgs/SonarPulse.h
Symlinking /home/jiaxi/Projects/aCube/planner/TAUV-ROS-Packages/devel/include/tauv_msgs/TunePIDPlannerRequest.h
Symlinking /home/jiaxi/Projects/aCube/planner/TAUV-ROS-Packages/devel/include/tauv_msgs/PingDetection.h
Symlinking /home/jiaxi/Projects/aCube/planner/TAUV-ROS-Packages/devel/include/tauv_msgs/MapFindRequest.h
Symlinking /home/jiaxi/Projects/aCube/planner/TAUV-ROS-Packages/devel/include/tauv_msgs/TuneDynamicsRequest.h
Symlinking /home/jiaxi/Projects/aCube/planner/TAUV-ROS-Packages/devel/include/tauv_msgs/SyncAlarmsResponse.h
Symlinking /home/jiaxi/Projects/aCube/planner/TAUV-ROS-Packages/devel/include/tauv_msgs/FeatureDetections.h
Symlinking /home/jiaxi/Projects/aCube/planner/TAUV-ROS-Packages/devel/include/tauv_msgs/MapFind.h
Symlinking /home/jiaxi/Projects/aCube/planner/TAUV-ROS-Packages/devel/include/tauv_msgs/MapFindResponse.h
Symlinking /home/jiaxi/Projects/aCube/planner/TAUV-ROS-Packages/devel/include/tauv_msgs/Message.h
Symlinking /home/jiaxi/Projects/aCube/planner/TAUV-ROS-Packages/devel/include/tauv_msgs/GetTrajectoryRequest.h
Symlinking /home/jiaxi/Projects/aCube/planner/TAUV-ROS-Packages/devel/include/tauv_msgs/TrajPoint.h
Symlinking /home/jiaxi/Projects/aCube/planner/TAUV-ROS-Packages/devel/include/tauv_msgs/MapFindClosestResponse.h
Symlinking /home/jiaxi/Projects/aCube/planner/TAUV-ROS-Packages/devel/include/tauv_msgs/TuneDynamicsResponse.h
Symlinking /home/jiaxi/Projects/aCube/planner/TAUV-ROS-Packages/devel/include/tauv_msgs/SetPose.h
Symlinking /home/jiaxi/Projects/aCube/planner/TAUV-ROS-Packages/devel/include/tauv_msgs/Battery.h
Symlinking /home/jiaxi/Projects/aCube/planner/TAUV-ROS-Packages/devel/include/tauv_msgs/DynamicsParameterConfigUpdate.h
Symlinking /home/jiaxi/Projects/aCube/planner/TAUV-ROS-Packages/devel/include/tauv_msgs/AlarmWithMessage.h
Symlinking /home/jiaxi/Projects/aCube/planner/TAUV-ROS-Packages/devel/include/tauv_msgs/SetTargetPoseRequest.h
Symlinking /home/jiaxi/Projects/aCube/planner/TAUV-ROS-Packages/devel/include/tauv_msgs/FeatureDetectionsSyncRequest.h
Symlinking /home/jiaxi/Projects/aCube/planner/TAUV-ROS-Packages/devel/include/tauv_msgs/GetCameraInfoRequest.h
Symlinking /home/jiaxi/Projects/aCube/planner/TAUV-ROS-Packages/devel/include/tauv_msgs/SetPoseResponse.h
Symlinking /home/jiaxi/Projects/aCube/planner/TAUV-ROS-Packages/devel/include/tauv_msgs/SetPoseRequest.h
Symlinking /home/jiaxi/Projects/aCube/planner/TAUV-ROS-Packages/devel/include/tauv_msgs/FeatureDetectionsSync.h
Symlinking /home/jiaxi/Projects/aCube/planner/TAUV-ROS-Packages/devel/include/tauv_msgs/FeatureDetection.h
Symlinking /home/jiaxi/Projects/aCube/planner/TAUV-ROS-Packages/devel/include/tauv_msgs/SyncAlarms.h
Symlinking /home/jiaxi/Projects/aCube/planner/TAUV-ROS-Packages/devel/include/tauv_msgs/MapFindOneRequest.h
Symlinking /home/jiaxi/Projects/aCube/planner/TAUV-ROS-Packages/devel/include/tauv_msgs/FluidDepth.h
Symlinking /home/jiaxi/Projects/aCube/planner/TAUV-ROS-Packages/devel/include/tauv_msgs/TuneControllerResponse.h
Symlinking /home/jiaxi/Projects/aCube/planner/TAUV-ROS-Packages/devel/include/tauv_msgs/AlarmReport.h
Symlinking /home/jiaxi/Projects/aCube/planner/TAUV-ROS-Packages/devel/include/tauv_msgs/TuneController.h
Symlinking /home/jiaxi/Projects/aCube/planner/TAUV-ROS-Packages/devel/include/tauv_msgs/GetTrajectory.h
Symlinking /home/jiaxi/Projects/aCube/planner/TAUV-ROS-Packages/devel/include/tauv_msgs/TeledyneDvlData.h
Symlinking /home/jiaxi/Projects/aCube/planner/TAUV-ROS-Packages/devel/include/tauv_msgs/DynamicsTuning.h
Symlinking /home/jiaxi/Projects/aCube/planner/TAUV-ROS-Packages/devel/include/tauv_msgs/Thrust.h
Symlinking /home/jiaxi/Projects/aCube/planner/TAUV-ROS-Packages/devel/include/tauv_msgs/XsensImuData.h
Symlinking /home/jiaxi/Projects/aCube/planner/TAUV-ROS-Packages/devel/include/tauv_msgs/SonarControlRequest.h
Symlinking /home/jiaxi/Projects/aCube/planner/TAUV-ROS-Packages/devel/include/tauv_msgs/UpdateDynamicsParameterConfigsRequest.h
Symlinking /home/jiaxi/Projects/aCube/planner/TAUV-ROS-Packages/devel/include/tauv_msgs/TunePIDPlannerResponse.h
Symlinking /home/jiaxi/Projects/aCube/planner/TAUV-ROS-Packages/devel/include/tauv_msgs/NavigationState.h
Symlinking /home/jiaxi/Projects/aCube/planner/TAUV-ROS-Packages/devel/include/tauv_msgs/ControllerCommand.h
Symlinking /home/jiaxi/Projects/aCube/planner/TAUV-ROS-Packages/devel/include/tauv_msgs/GetCameraInfo.h
Symlinking /home/jiaxi/Projects/aCube/planner/TAUV-ROS-Packages/devel/include/tauv_msgs/UpdateDynamicsParameterConfigs.h
Symlinking /home/jiaxi/Projects/aCube/planner/TAUV-ROS-Packages/devel/include/tauv_msgs/DynamicsParametersEstimate.h
Symlinking /home/jiaxi/Projects/aCube/planner/TAUV-ROS-Packages/devel/include/tauv_msgs/PoseGraphMeasurement.h
Symlinking /home/jiaxi/Projects/aCube/planner/TAUV-ROS-Packages/devel/include/tauv_msgs/RegisterMeasurement.h
Symlinking /home/jiaxi/Projects/aCube/planner/TAUV-ROS-Packages/devel/lib/python3/dist-packages/tauv_msgs/__init__.py
Symlinking /home/jiaxi/Projects/aCube/planner/TAUV-ROS-Packages/devel/lib/python3/dist-packages/tauv_msgs/msg/_DynamicsTuning.py
Symlinking /home/jiaxi/Projects/aCube/planner/TAUV-ROS-Packages/devel/lib/python3/dist-packages/tauv_msgs/msg/_FeatureDetections.py
Symlinking /home/jiaxi/Projects/aCube/planner/TAUV-ROS-Packages/devel/lib/python3/dist-packages/tauv_msgs/msg/_ControllerDebug.py
Symlinking /home/jiaxi/Projects/aCube/planner/TAUV-ROS-Packages/devel/lib/python3/dist-packages/tauv_msgs/msg/_DynamicsParametersEstimate.py
Symlinking /home/jiaxi/Projects/aCube/planner/TAUV-ROS-Packages/devel/lib/python3/dist-packages/tauv_msgs/msg/_GateDetection.py
Symlinking /home/jiaxi/Projects/aCube/planner/TAUV-ROS-Packages/devel/lib/python3/dist-packages/tauv_msgs/msg/_SonarPulse.py
Symlinking /home/jiaxi/Projects/aCube/planner/TAUV-ROS-Packages/devel/lib/python3/dist-packages/tauv_msgs/msg/_Battery.py
Symlinking /home/jiaxi/Projects/aCube/planner/TAUV-ROS-Packages/devel/lib/python3/dist-packages/tauv_msgs/msg/_Thrust.py
Symlinking /home/jiaxi/Projects/aCube/planner/TAUV-ROS-Packages/devel/lib/python3/dist-packages/tauv_msgs/msg/_XsensImuSync.py
Symlinking /home/jiaxi/Projects/aCube/planner/TAUV-ROS-Packages/devel/lib/python3/dist-packages/tauv_msgs/msg/_RegisterMeasurement.py
Symlinking /home/jiaxi/Projects/aCube/planner/TAUV-ROS-Packages/devel/lib/python3/dist-packages/tauv_msgs/msg/__init__.py
Symlinking /home/jiaxi/Projects/aCube/planner/TAUV-ROS-Packages/devel/lib/python3/dist-packages/tauv_msgs/msg/_DynamicsParameterConfigUpdate.py
Symlinking /home/jiaxi/Projects/aCube/planner/TAUV-ROS-Packages/devel/lib/python3/dist-packages/tauv_msgs/msg/_AlarmReport.py
Symlinking /home/jiaxi/Projects/aCube/planner/TAUV-ROS-Packages/devel/lib/python3/dist-packages/tauv_msgs/msg/_PingDetection.py
Symlinking /home/jiaxi/Projects/aCube/planner/TAUV-ROS-Packages/devel/lib/python3/dist-packages/tauv_msgs/msg/_ReadableAlarmReport.py
Symlinking /home/jiaxi/Projects/aCube/planner/TAUV-ROS-Packages/devel/lib/python3/dist-packages/tauv_msgs/msg/_PIDDebug.py
Symlinking /home/jiaxi/Projects/aCube/planner/TAUV-ROS-Packages/devel/lib/python3/dist-packages/tauv_msgs/msg/_PIDTuning.py
Symlinking /home/jiaxi/Projects/aCube/planner/TAUV-ROS-Packages/devel/lib/python3/dist-packages/tauv_msgs/msg/_FluidDepth.py
Symlinking /home/jiaxi/Projects/aCube/planner/TAUV-ROS-Packages/devel/lib/python3/dist-packages/tauv_msgs/msg/_PIDPlannerDebug.py
Symlinking /home/jiaxi/Projects/aCube/planner/TAUV-ROS-Packages/devel/lib/python3/dist-packages/tauv_msgs/msg/_TrajPoint.py
Symlinking /home/jiaxi/Projects/aCube/planner/TAUV-ROS-Packages/devel/lib/python3/dist-packages/tauv_msgs/msg/_AlarmWithMessage.py
Symlinking /home/jiaxi/Projects/aCube/planner/TAUV-ROS-Packages/devel/lib/python3/dist-packages/tauv_msgs/msg/_Message.py
Symlinking /home/jiaxi/Projects/aCube/planner/TAUV-ROS-Packages/devel/lib/python3/dist-packages/tauv_msgs/msg/_ControllerCommand.py
Symlinking /home/jiaxi/Projects/aCube/planner/TAUV-ROS-Packages/devel/lib/python3/dist-packages/tauv_msgs/msg/_Servos.py
Symlinking /home/jiaxi/Projects/aCube/planner/TAUV-ROS-Packages/devel/lib/python3/dist-packages/tauv_msgs/msg/_FeatureDetection.py
Symlinking /home/jiaxi/Projects/aCube/planner/TAUV-ROS-Packages/devel/lib/python3/dist-packages/tauv_msgs/msg/_XsensImuData.py
Symlinking /home/jiaxi/Projects/aCube/planner/TAUV-ROS-Packages/devel/lib/python3/dist-packages/tauv_msgs/msg/_NavigationState.py
Symlinking /home/jiaxi/Projects/aCube/planner/TAUV-ROS-Packages/devel/lib/python3/dist-packages/tauv_msgs/msg/_PoseGraphMeasurement.py
Symlinking /home/jiaxi/Projects/aCube/planner/TAUV-ROS-Packages/devel/lib/python3/dist-packages/tauv_msgs/msg/_TeledyneDvlData.py
Symlinking /home/jiaxi/Projects/aCube/planner/TAUV-ROS-Packages/devel/lib/python3/dist-packages/tauv_msgs/srv/_SonarControl.py
Symlinking /home/jiaxi/Projects/aCube/planner/TAUV-ROS-Packages/devel/lib/python3/dist-packages/tauv_msgs/srv/_UpdateDynamicsParameterConfigs.py
Symlinking /home/jiaxi/Projects/aCube/planner/TAUV-ROS-Packages/devel/lib/python3/dist-packages/tauv_msgs/srv/_GetCameraInfo.py
Symlinking /home/jiaxi/Projects/aCube/planner/TAUV-ROS-Packages/devel/lib/python3/dist-packages/tauv_msgs/srv/_SetPose.py
Symlinking /home/jiaxi/Projects/aCube/planner/TAUV-ROS-Packages/devel/lib/python3/dist-packages/tauv_msgs/srv/_SyncAlarms.py
Symlinking /home/jiaxi/Projects/aCube/planner/TAUV-ROS-Packages/devel/lib/python3/dist-packages/tauv_msgs/srv/_GetTrajectory.py
Symlinking /home/jiaxi/Projects/aCube/planner/TAUV-ROS-Packages/devel/lib/python3/dist-packages/tauv_msgs/srv/_FeatureDetectionsSync.py
Symlinking /home/jiaxi/Projects/aCube/planner/TAUV-ROS-Packages/devel/lib/python3/dist-packages/tauv_msgs/srv/_TunePIDPlanner.py
Symlinking /home/jiaxi/Projects/aCube/planner/TAUV-ROS-Packages/devel/lib/python3/dist-packages/tauv_msgs/srv/_MapFind.py
Symlinking /home/jiaxi/Projects/aCube/planner/TAUV-ROS-Packages/devel/lib/python3/dist-packages/tauv_msgs/srv/_SetTargetPose.py
Symlinking /home/jiaxi/Projects/aCube/planner/TAUV-ROS-Packages/devel/lib/python3/dist-packages/tauv_msgs/srv/__init__.py
Symlinking /home/jiaxi/Projects/aCube/planner/TAUV-ROS-Packages/devel/lib/python3/dist-packages/tauv_msgs/srv/_RunMission.py
Symlinking /home/jiaxi/Projects/aCube/planner/TAUV-ROS-Packages/devel/lib/python3/dist-packages/tauv_msgs/srv/_MapFindClosest.py
Symlinking /home/jiaxi/Projects/aCube/planner/TAUV-ROS-Packages/devel/lib/python3/dist-packages/tauv_msgs/srv/_TuneDynamics.py
Symlinking /home/jiaxi/Projects/aCube/planner/TAUV-ROS-Packages/devel/lib/python3/dist-packages/tauv_msgs/srv/_TuneController.py
Symlinking /home/jiaxi/Projects/aCube/planner/TAUV-ROS-Packages/devel/lib/python3/dist-packages/tauv_msgs/srv/_MapFindOne.py
Symlinking /home/jiaxi/Projects/aCube/planner/TAUV-ROS-Packages/devel/lib/pkgconfig/tauv_msgs.pc
