[  0%] Built target _tauv_msgs_generate_messages_check_deps_UpdateDynamicsParameterConfigs
[  0%] Built target geometry_msgs_generate_messages_py
[  0%] Built target sensor_msgs_generate_messages_py
[  0%] Built target std_msgs_generate_messages_py
[  0%] Built target vision_msgs_generate_messages_py
[  0%] Built target jsk_recognition_msgs_generate_messages_py
[  0%] Built target _tauv_msgs_generate_messages_check_deps_AlarmReport
[  0%] Built target _tauv_msgs_generate_messages_check_deps_AlarmWithMessage
[  0%] Built target _tauv_msgs_generate_messages_check_deps_ControllerCommand
[  0%] Built target _tauv_msgs_generate_messages_check_deps_ControllerDebug
[  0%] Built target _tauv_msgs_generate_messages_check_deps_FeatureDetection
[  0%] Built target _tauv_msgs_generate_messages_check_deps_FeatureDetections
[  0%] Built target _tauv_msgs_generate_messages_check_deps_FluidDepth
[  0%] Built target _tauv_msgs_generate_messages_check_deps_DynamicsTuning
[  0%] Built target _tauv_msgs_generate_messages_check_deps_DynamicsParametersEstimate
[  0%] Built target _tauv_msgs_generate_messages_check_deps_DynamicsParameterConfigUpdate
[  0%] Built target _tauv_msgs_generate_messages_check_deps_GateDetection
[  0%] Built target _tauv_msgs_generate_messages_check_deps_Message
[  0%] Built target _tauv_msgs_generate_messages_check_deps_SonarPulse
[  0%] Built target _tauv_msgs_generate_messages_check_deps_Servos
[  0%] Built target _tauv_msgs_generate_messages_check_deps_RegisterMeasurement
[  0%] Built target _tauv_msgs_generate_messages_check_deps_PoseGraphMeasurement
[  0%] Built target _tauv_msgs_generate_messages_check_deps_ReadableAlarmReport
[  0%] Built target _tauv_msgs_generate_messages_check_deps_Thrust
[  0%] Built target _tauv_msgs_generate_messages_check_deps_TrajPoint
[  0%] Built target _tauv_msgs_generate_messages_check_deps_XsensImuData
[  0%] Built target _tauv_msgs_generate_messages_check_deps_Battery
[  0%] Built target _tauv_msgs_generate_messages_check_deps_XsensImuSync
[  0%] Built target _tauv_msgs_generate_messages_check_deps_NavigationState
[  0%] Built target _tauv_msgs_generate_messages_check_deps_TeledyneDvlData
[  0%] Built target _tauv_msgs_generate_messages_check_deps_PIDTuning
[  0%] Built target _tauv_msgs_generate_messages_check_deps_PIDDebug
[  0%] Built target _tauv_msgs_generate_messages_check_deps_PIDPlannerDebug
[  0%] Built target _tauv_msgs_generate_messages_check_deps_PingDetection
[  0%] Built target _tauv_msgs_generate_messages_check_deps_FeatureDetectionsSync
[  0%] Built target _tauv_msgs_generate_messages_check_deps_SonarControl
[  0%] Built target _tauv_msgs_generate_messages_check_deps_MapFind
[  0%] Built target _tauv_msgs_generate_messages_check_deps_MapFindOne
[  0%] Built target _tauv_msgs_generate_messages_check_deps_GetCameraInfo
[  0%] Built target _tauv_msgs_generate_messages_check_deps_MapFindClosest
[  0%] Built target _tauv_msgs_generate_messages_check_deps_TuneDynamics
[  0%] Built target _tauv_msgs_generate_messages_check_deps_TuneController
[  0%] Built target _tauv_msgs_generate_messages_check_deps_SyncAlarms
[  0%] Built target _tauv_msgs_generate_messages_check_deps_TunePIDPlanner
[  0%] Built target _tauv_msgs_generate_messages_check_deps_GetTrajectory
[  0%] Built target geometry_msgs_generate_messages_cpp
[  0%] Built target _tauv_msgs_generate_messages_check_deps_SetPose
[  0%] Built target std_msgs_generate_messages_cpp
[  0%] Built target sensor_msgs_generate_messages_cpp
[  0%] Built target _tauv_msgs_generate_messages_check_deps_SetTargetPose
[  0%] Built target _tauv_msgs_generate_messages_check_deps_RunMission
[  0%] Built target vision_msgs_generate_messages_cpp
[  0%] Built target jsk_recognition_msgs_generate_messages_cpp
[  0%] Built target geometry_msgs_generate_messages_eus
[  0%] Built target std_msgs_generate_messages_eus
[  0%] Built target sensor_msgs_generate_messages_eus
[  0%] Built target vision_msgs_generate_messages_eus
[  0%] Built target jsk_recognition_msgs_generate_messages_eus
[  0%] Built target geometry_msgs_generate_messages_lisp
[  0%] Built target sensor_msgs_generate_messages_lisp
[  0%] Built target std_msgs_generate_messages_lisp
[  0%] Built target vision_msgs_generate_messages_lisp
[  0%] Built target jsk_recognition_msgs_generate_messages_lisp
[  0%] Built target geometry_msgs_generate_messages_nodejs
[  0%] Built target std_msgs_generate_messages_nodejs
[  0%] Built target vision_msgs_generate_messages_nodejs
[  0%] Built target sensor_msgs_generate_messages_nodejs
[  0%] Built target jsk_recognition_msgs_generate_messages_nodejs
[  0%] [34m[1mGenerating Lisp code from tauv_msgs/AlarmReport.msg[0m
[  0%] [34m[1mGenerating EusLisp code from tauv_msgs/AlarmReport.msg[0m
[  0%] [34m[1mGenerating Python from MSG tauv_msgs/AlarmReport[0m
[  0%] [34m[1mGenerating EusLisp code from tauv_msgs/AlarmWithMessage.msg[0m
[  0%] [34m[1mGenerating C++ code from tauv_msgs/AlarmReport.msg[0m
[  0%] [34m[1mGenerating EusLisp code from tauv_msgs/ControllerCommand.msg[0m
[  0%] [34m[1mGenerating Lisp code from tauv_msgs/AlarmWithMessage.msg[0m
[  1%] [34m[1mGenerating C++ code from tauv_msgs/AlarmWithMessage.msg[0m
[  1%] [34m[1mGenerating Lisp code from tauv_msgs/ControllerCommand.msg[0m
[  2%] [34m[1mGenerating Lisp code from tauv_msgs/ControllerDebug.msg[0m
[  3%] [34m[1mGenerating Lisp code from tauv_msgs/FeatureDetection.msg[0m
[  3%] [34m[1mGenerating Python from MSG tauv_msgs/ControllerCommand[0m
[  3%] [34m[1mGenerating Lisp code from tauv_msgs/FeatureDetections.msg[0m
[  3%] [34m[1mGenerating Python from MSG tauv_msgs/AlarmWithMessage[0m
[  4%] [34m[1mGenerating Python from MSG tauv_msgs/ControllerDebug[0m
[  4%] [34m[1mGenerating Javascript code from tauv_msgs/AlarmReport.msg[0m
[  5%] [34m[1mGenerating C++ code from tauv_msgs/ControllerCommand.msg[0m
[  6%] [34m[1mGenerating EusLisp code from tauv_msgs/ControllerDebug.msg[0m
[  6%] [34m[1mGenerating EusLisp code from tauv_msgs/FeatureDetection.msg[0m
[  7%] [34m[1mGenerating Python from MSG tauv_msgs/FeatureDetection[0m
[  7%] [34m[1mGenerating Javascript code from tauv_msgs/AlarmWithMessage.msg[0m
[  7%] [34m[1mGenerating C++ code from tauv_msgs/ControllerDebug.msg[0m
[  7%] [34m[1mGenerating Lisp code from tauv_msgs/FluidDepth.msg[0m
[  7%] [34m[1mGenerating C++ code from tauv_msgs/FeatureDetection.msg[0m
[  7%] [34m[1mGenerating Python from MSG tauv_msgs/FeatureDetections[0m
[  8%] [34m[1mGenerating EusLisp code from tauv_msgs/FeatureDetections.msg[0m
[  8%] [34m[1mGenerating Python from MSG tauv_msgs/FluidDepth[0m
[  8%] [34m[1mGenerating Lisp code from tauv_msgs/DynamicsTuning.msg[0m
[  8%] [34m[1mGenerating EusLisp code from tauv_msgs/FluidDepth.msg[0m
[  9%] [34m[1mGenerating Lisp code from tauv_msgs/DynamicsParametersEstimate.msg[0m
[  9%] [34m[1mGenerating EusLisp code from tauv_msgs/DynamicsTuning.msg[0m
[  9%] [34m[1mGenerating Python from MSG tauv_msgs/DynamicsTuning[0m
[  9%] [34m[1mGenerating Javascript code from tauv_msgs/ControllerCommand.msg[0m
[ 10%] [34m[1mGenerating Javascript code from tauv_msgs/ControllerDebug.msg[0m
[ 11%] [34m[1mGenerating Python from MSG tauv_msgs/DynamicsParametersEstimate[0m
[ 11%] [34m[1mGenerating Python from MSG tauv_msgs/DynamicsParameterConfigUpdate[0m
[ 12%] [34m[1mGenerating Python from MSG tauv_msgs/GateDetection[0m
[ 13%] [34m[1mGenerating Lisp code from tauv_msgs/DynamicsParameterConfigUpdate.msg[0m
[ 13%] [34m[1mGenerating Python from MSG tauv_msgs/SonarPulse[0m
[ 13%] [34m[1mGenerating Python from MSG tauv_msgs/Message[0m
[ 13%] [34m[1mGenerating Javascript code from tauv_msgs/FeatureDetections.msg[0m
[ 14%] [34m[1mGenerating Javascript code from tauv_msgs/FeatureDetection.msg[0m
[ 15%] [34m[1mGenerating EusLisp code from tauv_msgs/DynamicsParametersEstimate.msg[0m
[ 15%] [34m[1mGenerating Python from MSG tauv_msgs/Servos[0m
[ 15%] [34m[1mGenerating C++ code from tauv_msgs/FluidDepth.msg[0m
[ 16%] [34m[1mGenerating Lisp code from tauv_msgs/GateDetection.msg[0m
[ 16%] [34m[1mGenerating EusLisp code from tauv_msgs/DynamicsParameterConfigUpdate.msg[0m
[ 16%] [34m[1mGenerating C++ code from tauv_msgs/FeatureDetections.msg[0m
[ 16%] [34m[1mGenerating Javascript code from tauv_msgs/FluidDepth.msg[0m
[ 17%] [34m[1mGenerating Python from MSG tauv_msgs/RegisterMeasurement[0m
[ 17%] [34m[1mGenerating Javascript code from tauv_msgs/DynamicsTuning.msg[0m
[ 17%] [34m[1mGenerating Python from MSG tauv_msgs/PoseGraphMeasurement[0m
[ 17%] [34m[1mGenerating Lisp code from tauv_msgs/Message.msg[0m
[ 17%] [34m[1mGenerating Python from MSG tauv_msgs/ReadableAlarmReport[0m
[ 18%] [34m[1mGenerating Lisp code from tauv_msgs/SonarPulse.msg[0m
[ 19%] [34m[1mGenerating Python from MSG tauv_msgs/Thrust[0m
[ 19%] [34m[1mGenerating Lisp code from tauv_msgs/Servos.msg[0m
[ 20%] [34m[1mGenerating Javascript code from tauv_msgs/DynamicsParametersEstimate.msg[0m
[ 21%] [34m[1mGenerating C++ code from tauv_msgs/DynamicsTuning.msg[0m
[ 21%] [34m[1mGenerating Python from MSG tauv_msgs/TrajPoint[0m
[ 21%] [34m[1mGenerating C++ code from tauv_msgs/DynamicsParametersEstimate.msg[0m
[ 22%] [34m[1mGenerating C++ code from tauv_msgs/DynamicsParameterConfigUpdate.msg[0m
[ 23%] [34m[1mGenerating EusLisp code from tauv_msgs/GateDetection.msg[0m
[ 24%] [34m[1mGenerating Python from MSG tauv_msgs/Battery[0m
[ 24%] [34m[1mGenerating Python from MSG tauv_msgs/XsensImuSync[0m
[ 25%] [34m[1mGenerating Python from MSG tauv_msgs/XsensImuData[0m
[ 26%] [34m[1mGenerating Lisp code from tauv_msgs/RegisterMeasurement.msg[0m
[ 26%] [34m[1mGenerating Lisp code from tauv_msgs/PoseGraphMeasurement.msg[0m
[ 26%] [34m[1mGenerating Javascript code from tauv_msgs/DynamicsParameterConfigUpdate.msg[0m
[ 26%] [34m[1mGenerating Lisp code from tauv_msgs/ReadableAlarmReport.msg[0m
[ 27%] [34m[1mGenerating Lisp code from tauv_msgs/Thrust.msg[0m
[ 28%] [34m[1mGenerating C++ code from tauv_msgs/GateDetection.msg[0m
[ 28%] [34m[1mGenerating Python from MSG tauv_msgs/TeledyneDvlData[0m
[ 28%] [34m[1mGenerating C++ code from tauv_msgs/Message.msg[0m
[ 29%] [34m[1mGenerating Javascript code from tauv_msgs/GateDetection.msg[0m
[ 29%] [34m[1mGenerating EusLisp code from tauv_msgs/Message.msg[0m
[ 30%] [34m[1mGenerating EusLisp code from tauv_msgs/SonarPulse.msg[0m
[ 30%] [34m[1mGenerating Javascript code from tauv_msgs/Message.msg[0m
[ 31%] [34m[1mGenerating Javascript code from tauv_msgs/SonarPulse.msg[0m
[ 31%] [34m[1mGenerating Javascript code from tauv_msgs/Servos.msg[0m
[ 32%] [34m[1mGenerating Python from MSG tauv_msgs/NavigationState[0m
[ 34%] [34m[1mGenerating Javascript code from tauv_msgs/RegisterMeasurement.msg[0m
[ 34%] [34m[1mGenerating Javascript code from tauv_msgs/PoseGraphMeasurement.msg[0m
[ 34%] [34m[1mGenerating Lisp code from tauv_msgs/TrajPoint.msg[0m
[ 34%] [34m[1mGenerating Python from MSG tauv_msgs/PIDTuning[0m
[ 35%] [34m[1mGenerating C++ code from tauv_msgs/SonarPulse.msg[0m
[ 35%] [34m[1mGenerating Python from MSG tauv_msgs/PIDDebug[0m
[ 36%] [34m[1mGenerating C++ code from tauv_msgs/Servos.msg[0m
[ 37%] [34m[1mGenerating Python from MSG tauv_msgs/PIDPlannerDebug[0m
[ 37%] [34m[1mGenerating Javascript code from tauv_msgs/ReadableAlarmReport.msg[0m
[ 37%] [34m[1mGenerating EusLisp code from tauv_msgs/Servos.msg[0m
[ 38%] [34m[1mGenerating Javascript code from tauv_msgs/Thrust.msg[0m
[ 39%] [34m[1mGenerating Python from MSG tauv_msgs/PingDetection[0m
[ 40%] [34m[1mGenerating EusLisp code from tauv_msgs/RegisterMeasurement.msg[0m
[ 41%] [34m[1mGenerating Lisp code from tauv_msgs/Battery.msg[0m
[ 42%] [34m[1mGenerating Lisp code from tauv_msgs/XsensImuSync.msg[0m
[ 42%] [34m[1mGenerating Lisp code from tauv_msgs/XsensImuData.msg[0m
[ 42%] [34m[1mGenerating Lisp code from tauv_msgs/TeledyneDvlData.msg[0m
[ 43%] [34m[1mGenerating Python code from SRV tauv_msgs/FeatureDetectionsSync[0m
[ 44%] [34m[1mGenerating Lisp code from tauv_msgs/NavigationState.msg[0m
[ 44%] [34m[1mGenerating Lisp code from tauv_msgs/PIDTuning.msg[0m
[ 45%] [34m[1mGenerating Python code from SRV tauv_msgs/SonarControl[0m
[ 45%] [34m[1mGenerating Python code from SRV tauv_msgs/MapFind[0m
[ 46%] [34m[1mGenerating EusLisp code from tauv_msgs/PoseGraphMeasurement.msg[0m
[ 46%] [34m[1mGenerating C++ code from tauv_msgs/RegisterMeasurement.msg[0m
[ 47%] [34m[1mGenerating C++ code from tauv_msgs/ReadableAlarmReport.msg[0m
[ 47%] [34m[1mGenerating C++ code from tauv_msgs/PoseGraphMeasurement.msg[0m
[ 47%] [34m[1mGenerating Javascript code from tauv_msgs/TrajPoint.msg[0m
[ 48%] [34m[1mGenerating Javascript code from tauv_msgs/Battery.msg[0m
[ 48%] [34m[1mGenerating Javascript code from tauv_msgs/XsensImuSync.msg[0m
[ 48%] [34m[1mGenerating Lisp code from tauv_msgs/PIDDebug.msg[0m
[ 48%] [34m[1mGenerating C++ code from tauv_msgs/Thrust.msg[0m
[ 49%] [34m[1mGenerating Lisp code from tauv_msgs/PIDPlannerDebug.msg[0m
[ 50%] [34m[1mGenerating Javascript code from tauv_msgs/XsensImuData.msg[0m
[ 50%] [34m[1mGenerating EusLisp code from tauv_msgs/ReadableAlarmReport.msg[0m
[ 51%] [34m[1mGenerating EusLisp code from tauv_msgs/Thrust.msg[0m
[ 52%] [34m[1mGenerating Lisp code from tauv_msgs/PingDetection.msg[0m
[ 52%] [34m[1mGenerating Lisp code from tauv_msgs/FeatureDetectionsSync.srv[0m
[ 52%] [34m[1mGenerating Javascript code from tauv_msgs/TeledyneDvlData.msg[0m
[ 52%] [34m[1mGenerating Lisp code from tauv_msgs/SonarControl.srv[0m
[ 53%] [34m[1mGenerating Javascript code from tauv_msgs/NavigationState.msg[0m
[ 53%] [34m[1mGenerating C++ code from tauv_msgs/TrajPoint.msg[0m
[ 53%] [34m[1mGenerating C++ code from tauv_msgs/Battery.msg[0m
[ 53%] [34m[1mGenerating EusLisp code from tauv_msgs/TrajPoint.msg[0m
[ 54%] [34m[1mGenerating Lisp code from tauv_msgs/MapFind.srv[0m
[ 54%] [34m[1mGenerating Javascript code from tauv_msgs/PIDDebug.msg[0m
[ 54%] [34m[1mGenerating Javascript code from tauv_msgs/PIDTuning.msg[0m
[ 55%] [34m[1mGenerating Lisp code from tauv_msgs/MapFindOne.srv[0m
[ 55%] [34m[1mGenerating C++ code from tauv_msgs/XsensImuSync.msg[0m
[ 56%] [34m[1mGenerating Javascript code from tauv_msgs/PIDPlannerDebug.msg[0m
[ 56%] [34m[1mGenerating Lisp code from tauv_msgs/MapFindClosest.srv[0m
[ 57%] [34m[1mGenerating EusLisp code from tauv_msgs/Battery.msg[0m
[ 57%] [34m[1mGenerating Python code from SRV tauv_msgs/MapFindOne[0m
[ 58%] [34m[1mGenerating C++ code from tauv_msgs/XsensImuData.msg[0m
[ 59%] [34m[1mGenerating Python code from SRV tauv_msgs/MapFindClosest[0m
[ 60%] [34m[1mGenerating Lisp code from tauv_msgs/GetCameraInfo.srv[0m
[ 61%] [34m[1mGenerating Lisp code from tauv_msgs/SyncAlarms.srv[0m
[ 62%] [34m[1mGenerating Lisp code from tauv_msgs/TuneDynamics.srv[0m
[ 63%] [34m[1mGenerating Javascript code from tauv_msgs/PingDetection.msg[0m
[ 63%] [34m[1mGenerating Lisp code from tauv_msgs/TuneController.srv[0m
[ 63%] [34m[1mGenerating Lisp code from tauv_msgs/TunePIDPlanner.srv[0m
[ 63%] [34m[1mGenerating Javascript code from tauv_msgs/FeatureDetectionsSync.srv[0m
[ 63%] [34m[1mGenerating Lisp code from tauv_msgs/GetTrajectory.srv[0m
[ 64%] [34m[1mGenerating Lisp code from tauv_msgs/SetTargetPose.srv[0m
[ 64%] [34m[1mGenerating Lisp code from tauv_msgs/SetPose.srv[0m
[ 65%] [34m[1mGenerating EusLisp code from tauv_msgs/XsensImuSync.msg[0m
[ 65%] [34m[1mGenerating Lisp code from tauv_msgs/RunMission.srv[0m
[ 67%] [34m[1mGenerating C++ code from tauv_msgs/TeledyneDvlData.msg[0m
[ 68%] [34m[1mGenerating C++ code from tauv_msgs/NavigationState.msg[0m
[ 68%] [34m[1mGenerating C++ code from tauv_msgs/PIDTuning.msg[0m
[ 69%] [34m[1mGenerating Lisp code from tauv_msgs/UpdateDynamicsParameterConfigs.srv[0m
[ 69%] [34m[1mGenerating Javascript code from tauv_msgs/SonarControl.srv[0m
[ 69%] [34m[1mGenerating C++ code from tauv_msgs/PIDDebug.msg[0m
[ 70%] [34m[1mGenerating C++ code from tauv_msgs/PIDPlannerDebug.msg[0m
[ 71%] [34m[1mGenerating C++ code from tauv_msgs/PingDetection.msg[0m
[ 72%] [34m[1mGenerating Javascript code from tauv_msgs/MapFindOne.srv[0m
[ 73%] [34m[1mGenerating C++ code from tauv_msgs/FeatureDetectionsSync.srv[0m
[ 73%] [34m[1mGenerating Javascript code from tauv_msgs/MapFindClosest.srv[0m
[ 74%] [34m[1mGenerating Javascript code from tauv_msgs/MapFind.srv[0m
[ 74%] [34m[1mGenerating Python code from SRV tauv_msgs/GetCameraInfo[0m
[ 74%] Built target tauv_msgs_generate_messages_lisp
[ 74%] [34m[1mGenerating EusLisp code from tauv_msgs/XsensImuData.msg[0m
[ 74%] [34m[1mGenerating Python code from SRV tauv_msgs/SyncAlarms[0m
[ 75%] [34m[1mGenerating Javascript code from tauv_msgs/GetCameraInfo.srv[0m
[ 75%] [34m[1mGenerating EusLisp code from tauv_msgs/TeledyneDvlData.msg[0m
[ 75%] [34m[1mGenerating Python code from SRV tauv_msgs/TuneDynamics[0m
[ 75%] [34m[1mGenerating C++ code from tauv_msgs/SonarControl.srv[0m
[ 76%] [34m[1mGenerating Javascript code from tauv_msgs/SyncAlarms.srv[0m
[ 76%] [34m[1mGenerating C++ code from tauv_msgs/MapFind.srv[0m
[ 76%] [34m[1mGenerating C++ code from tauv_msgs/MapFindOne.srv[0m
[ 77%] [34m[1mGenerating Javascript code from tauv_msgs/TuneDynamics.srv[0m
[ 78%] [34m[1mGenerating EusLisp code from tauv_msgs/NavigationState.msg[0m
[ 79%] [34m[1mGenerating C++ code from tauv_msgs/MapFindClosest.srv[0m
[ 79%] [34m[1mGenerating C++ code from tauv_msgs/GetCameraInfo.srv[0m
[ 79%] [34m[1mGenerating C++ code from tauv_msgs/SyncAlarms.srv[0m
[ 79%] [34m[1mGenerating EusLisp code from tauv_msgs/PIDTuning.msg[0m
[ 79%] [34m[1mGenerating EusLisp code from tauv_msgs/PIDDebug.msg[0m
[ 80%] [34m[1mGenerating Python code from SRV tauv_msgs/TuneController[0m
[ 80%] [34m[1mGenerating Javascript code from tauv_msgs/TuneController.srv[0m
[ 81%] [34m[1mGenerating EusLisp code from tauv_msgs/PIDPlannerDebug.msg[0m
[ 81%] [34m[1mGenerating C++ code from tauv_msgs/TuneDynamics.srv[0m
[ 81%] [34m[1mGenerating EusLisp code from tauv_msgs/PingDetection.msg[0m
[ 82%] [34m[1mGenerating Python code from SRV tauv_msgs/TunePIDPlanner[0m
[ 82%] [34m[1mGenerating EusLisp code from tauv_msgs/FeatureDetectionsSync.srv[0m
[ 82%] [34m[1mGenerating Javascript code from tauv_msgs/GetTrajectory.srv[0m
[ 82%] [34m[1mGenerating Javascript code from tauv_msgs/TunePIDPlanner.srv[0m
[ 83%] [34m[1mGenerating Javascript code from tauv_msgs/SetTargetPose.srv[0m
[ 84%] [34m[1mGenerating Python code from SRV tauv_msgs/GetTrajectory[0m
[ 84%] [34m[1mGenerating EusLisp code from tauv_msgs/SonarControl.srv[0m
[ 84%] [34m[1mGenerating Python code from SRV tauv_msgs/SetTargetPose[0m
[ 84%] [34m[1mGenerating Python code from SRV tauv_msgs/SetPose[0m
[ 85%] [34m[1mGenerating Python code from SRV tauv_msgs/RunMission[0m
[ 85%] [34m[1mGenerating Python code from SRV tauv_msgs/UpdateDynamicsParameterConfigs[0m
[ 85%] [34m[1mGenerating Javascript code from tauv_msgs/SetPose.srv[0m
[ 86%] [34m[1mGenerating Javascript code from tauv_msgs/UpdateDynamicsParameterConfigs.srv[0m
[ 86%] [34m[1mGenerating Javascript code from tauv_msgs/RunMission.srv[0m
[ 87%] [34m[1mGenerating C++ code from tauv_msgs/TuneController.srv[0m
[ 88%] [34m[1mGenerating C++ code from tauv_msgs/TunePIDPlanner.srv[0m
[ 89%] [34m[1mGenerating EusLisp code from tauv_msgs/MapFind.srv[0m
[ 90%] [34m[1mGenerating C++ code from tauv_msgs/GetTrajectory.srv[0m
[ 91%] [34m[1mGenerating C++ code from tauv_msgs/SetTargetPose.srv[0m
[ 91%] [34m[1mGenerating C++ code from tauv_msgs/RunMission.srv[0m
[ 91%] [34m[1mGenerating C++ code from tauv_msgs/SetPose.srv[0m
[ 91%] [34m[1mGenerating C++ code from tauv_msgs/UpdateDynamicsParameterConfigs.srv[0m
[ 92%] [34m[1mGenerating EusLisp code from tauv_msgs/MapFindOne.srv[0m
[ 92%] [34m[1mGenerating EusLisp code from tauv_msgs/MapFindClosest.srv[0m
[ 93%] [34m[1mGenerating EusLisp code from tauv_msgs/GetCameraInfo.srv[0m
[ 93%] Built target tauv_msgs_generate_messages_nodejs
[ 94%] [34m[1mGenerating EusLisp code from tauv_msgs/SyncAlarms.srv[0m
[ 95%] [34m[1mGenerating EusLisp code from tauv_msgs/TuneDynamics.srv[0m
[ 95%] [34m[1mGenerating EusLisp code from tauv_msgs/TuneController.srv[0m
[ 95%] [34m[1mGenerating EusLisp code from tauv_msgs/TunePIDPlanner.srv[0m
[ 95%] [34m[1mGenerating EusLisp code from tauv_msgs/GetTrajectory.srv[0m
[ 96%] [34m[1mGenerating EusLisp code from tauv_msgs/SetTargetPose.srv[0m
[ 96%] [34m[1mGenerating EusLisp code from tauv_msgs/SetPose.srv[0m
[ 96%] [34m[1mGenerating Python msg __init__.py for tauv_msgs[0m
[ 96%] [34m[1mGenerating EusLisp code from tauv_msgs/RunMission.srv[0m
[ 97%] [34m[1mGenerating EusLisp code from tauv_msgs/UpdateDynamicsParameterConfigs.srv[0m
[ 98%] [34m[1mGenerating Python srv __init__.py for tauv_msgs[0m
[100%] [34m[1mGenerating EusLisp manifest code for tauv_msgs[0m
[100%] Built target tauv_msgs_generate_messages_cpp
[100%] Built target tauv_msgs_generate_messages_py
[100%] Built target tauv_msgs_generate_messages_eus
[100%] Built target tauv_msgs_generate_messages
