Linked: (/home/jiaxi/Projects/aCube/planner/TAUV-ROS-Packages/devel/.private/tauv_msgs/share/roseus/ros/tauv_msgs/manifest.l, /home/jiaxi/Projects/aCube/planner/TAUV-ROS-Packages/devel/share/roseus/ros/tauv_msgs/manifest.l)
Linked: (/home/jiaxi/Projects/aCube/planner/TAUV-ROS-Packages/devel/.private/tauv_msgs/share/roseus/ros/tauv_msgs/msg/TrajPoint.l, /home/jiaxi/Projects/aCube/planner/TAUV-ROS-Packages/devel/share/roseus/ros/tauv_msgs/msg/TrajPoint.l)
Linked: (/home/jiaxi/Projects/aCube/planner/TAUV-ROS-Packages/devel/.private/tauv_msgs/share/roseus/ros/tauv_msgs/msg/PIDPlannerDebug.l, /home/jiaxi/Projects/aCube/planner/TAUV-ROS-Packages/devel/share/roseus/ros/tauv_msgs/msg/PIDPlannerDebug.l)
Linked: (/home/jiaxi/Projects/aCube/planner/TAUV-ROS-Packages/devel/.private/tauv_msgs/share/roseus/ros/tauv_msgs/msg/FeatureDetections.l, /home/jiaxi/Projects/aCube/planner/TAUV-ROS-Packages/devel/share/roseus/ros/tauv_msgs/msg/FeatureDetections.l)
Linked: (/home/jiaxi/Projects/aCube/planner/TAUV-ROS-Packages/devel/.private/tauv_msgs/share/roseus/ros/tauv_msgs/msg/DynamicsTuning.l, /home/jiaxi/Projects/aCube/planner/TAUV-ROS-Packages/devel/share/roseus/ros/tauv_msgs/msg/DynamicsTuning.l)
Linked: (/home/jiaxi/Projects/aCube/planner/TAUV-ROS-Packages/devel/.private/tauv_msgs/share/roseus/ros/tauv_msgs/msg/PIDTuning.l, /home/jiaxi/Projects/aCube/planner/TAUV-ROS-Packages/devel/share/roseus/ros/tauv_msgs/msg/PIDTuning.l)
Linked: (/home/jiaxi/Projects/aCube/planner/TAUV-ROS-Packages/devel/.private/tauv_msgs/share/roseus/ros/tauv_msgs/msg/RegisterMeasurement.l, /home/jiaxi/Projects/aCube/planner/TAUV-ROS-Packages/devel/share/roseus/ros/tauv_msgs/msg/RegisterMeasurement.l)
Linked: (/home/jiaxi/Projects/aCube/planner/TAUV-ROS-Packages/devel/.private/tauv_msgs/share/roseus/ros/tauv_msgs/msg/XsensImuData.l, /home/jiaxi/Projects/aCube/planner/TAUV-ROS-Packages/devel/share/roseus/ros/tauv_msgs/msg/XsensImuData.l)
Linked: (/home/jiaxi/Projects/aCube/planner/TAUV-ROS-Packages/devel/.private/tauv_msgs/share/roseus/ros/tauv_msgs/msg/FluidDepth.l, /home/jiaxi/Projects/aCube/planner/TAUV-ROS-Packages/devel/share/roseus/ros/tauv_msgs/msg/FluidDepth.l)
Linked: (/home/jiaxi/Projects/aCube/planner/TAUV-ROS-Packages/devel/.private/tauv_msgs/share/roseus/ros/tauv_msgs/msg/SonarPulse.l, /home/jiaxi/Projects/aCube/planner/TAUV-ROS-Packages/devel/share/roseus/ros/tauv_msgs/msg/SonarPulse.l)
Symlinking /home/jiaxi/Projects/aCube/planner/TAUV-ROS-Packages/devel/share/roseus/ros/tauv_msgs/msg/Ctrl_cmd.l
Linked: (/home/jiaxi/Projects/aCube/planner/TAUV-ROS-Packages/devel/.private/tauv_msgs/share/roseus/ros/tauv_msgs/msg/Message.l, /home/jiaxi/Projects/aCube/planner/TAUV-ROS-Packages/devel/share/roseus/ros/tauv_msgs/msg/Message.l)
Linked: (/home/jiaxi/Projects/aCube/planner/TAUV-ROS-Packages/devel/.private/tauv_msgs/share/roseus/ros/tauv_msgs/msg/GateDetection.l, /home/jiaxi/Projects/aCube/planner/TAUV-ROS-Packages/devel/share/roseus/ros/tauv_msgs/msg/GateDetection.l)
Linked: (/home/jiaxi/Projects/aCube/planner/TAUV-ROS-Packages/devel/.private/tauv_msgs/share/roseus/ros/tauv_msgs/msg/PIDDebug.l, /home/jiaxi/Projects/aCube/planner/TAUV-ROS-Packages/devel/share/roseus/ros/tauv_msgs/msg/PIDDebug.l)
Linked: (/home/jiaxi/Projects/aCube/planner/TAUV-ROS-Packages/devel/.private/tauv_msgs/share/roseus/ros/tauv_msgs/msg/NavigationState.l, /home/jiaxi/Projects/aCube/planner/TAUV-ROS-Packages/devel/share/roseus/ros/tauv_msgs/msg/NavigationState.l)
Linked: (/home/jiaxi/Projects/aCube/planner/TAUV-ROS-Packages/devel/.private/tauv_msgs/share/roseus/ros/tauv_msgs/msg/ControllerCommand.l, /home/jiaxi/Projects/aCube/planner/TAUV-ROS-Packages/devel/share/roseus/ros/tauv_msgs/msg/ControllerCommand.l)
Linked: (/home/jiaxi/Projects/aCube/planner/TAUV-ROS-Packages/devel/.private/tauv_msgs/share/roseus/ros/tauv_msgs/msg/Servos.l, /home/jiaxi/Projects/aCube/planner/TAUV-ROS-Packages/devel/share/roseus/ros/tauv_msgs/msg/Servos.l)
Linked: (/home/jiaxi/Projects/aCube/planner/TAUV-ROS-Packages/devel/.private/tauv_msgs/share/roseus/ros/tauv_msgs/msg/TeledyneDvlData.l, /home/jiaxi/Projects/aCube/planner/TAUV-ROS-Packages/devel/share/roseus/ros/tauv_msgs/msg/TeledyneDvlData.l)
Linked: (/home/jiaxi/Projects/aCube/planner/TAUV-ROS-Packages/devel/.private/tauv_msgs/share/roseus/ros/tauv_msgs/msg/ControllerDebug.l, /home/jiaxi/Projects/aCube/planner/TAUV-ROS-Packages/devel/share/roseus/ros/tauv_msgs/msg/ControllerDebug.l)
Linked: (/home/jiaxi/Projects/aCube/planner/TAUV-ROS-Packages/devel/.private/tauv_msgs/share/roseus/ros/tauv_msgs/msg/XsensImuSync.l, /home/jiaxi/Projects/aCube/planner/TAUV-ROS-Packages/devel/share/roseus/ros/tauv_msgs/msg/XsensImuSync.l)
Linked: (/home/jiaxi/Projects/aCube/planner/TAUV-ROS-Packages/devel/.private/tauv_msgs/share/roseus/ros/tauv_msgs/msg/AlarmReport.l, /home/jiaxi/Projects/aCube/planner/TAUV-ROS-Packages/devel/share/roseus/ros/tauv_msgs/msg/AlarmReport.l)
Linked: (/home/jiaxi/Projects/aCube/planner/TAUV-ROS-Packages/devel/.private/tauv_msgs/share/roseus/ros/tauv_msgs/msg/ReadableAlarmReport.l, /home/jiaxi/Projects/aCube/planner/TAUV-ROS-Packages/devel/share/roseus/ros/tauv_msgs/msg/ReadableAlarmReport.l)
Linked: (/home/jiaxi/Projects/aCube/planner/TAUV-ROS-Packages/devel/.private/tauv_msgs/share/roseus/ros/tauv_msgs/msg/Battery.l, /home/jiaxi/Projects/aCube/planner/TAUV-ROS-Packages/devel/share/roseus/ros/tauv_msgs/msg/Battery.l)
Linked: (/home/jiaxi/Projects/aCube/planner/TAUV-ROS-Packages/devel/.private/tauv_msgs/share/roseus/ros/tauv_msgs/msg/DynamicsParametersEstimate.l, /home/jiaxi/Projects/aCube/planner/TAUV-ROS-Packages/devel/share/roseus/ros/tauv_msgs/msg/DynamicsParametersEstimate.l)
Linked: (/home/jiaxi/Projects/aCube/planner/TAUV-ROS-Packages/devel/.private/tauv_msgs/share/roseus/ros/tauv_msgs/msg/PingDetection.l, /home/jiaxi/Projects/aCube/planner/TAUV-ROS-Packages/devel/share/roseus/ros/tauv_msgs/msg/PingDetection.l)
Linked: (/home/jiaxi/Projects/aCube/planner/TAUV-ROS-Packages/devel/.private/tauv_msgs/share/roseus/ros/tauv_msgs/msg/DynamicsParameterConfigUpdate.l, /home/jiaxi/Projects/aCube/planner/TAUV-ROS-Packages/devel/share/roseus/ros/tauv_msgs/msg/DynamicsParameterConfigUpdate.l)
Linked: (/home/jiaxi/Projects/aCube/planner/TAUV-ROS-Packages/devel/.private/tauv_msgs/share/roseus/ros/tauv_msgs/msg/PoseGraphMeasurement.l, /home/jiaxi/Projects/aCube/planner/TAUV-ROS-Packages/devel/share/roseus/ros/tauv_msgs/msg/PoseGraphMeasurement.l)
Linked: (/home/jiaxi/Projects/aCube/planner/TAUV-ROS-Packages/devel/.private/tauv_msgs/share/roseus/ros/tauv_msgs/msg/Thrust.l, /home/jiaxi/Projects/aCube/planner/TAUV-ROS-Packages/devel/share/roseus/ros/tauv_msgs/msg/Thrust.l)
Symlinking /home/jiaxi/Projects/aCube/planner/TAUV-ROS-Packages/devel/share/roseus/ros/tauv_msgs/msg/Can.l
Linked: (/home/jiaxi/Projects/aCube/planner/TAUV-ROS-Packages/devel/.private/tauv_msgs/share/roseus/ros/tauv_msgs/msg/AlarmWithMessage.l, /home/jiaxi/Projects/aCube/planner/TAUV-ROS-Packages/devel/share/roseus/ros/tauv_msgs/msg/AlarmWithMessage.l)
Linked: (/home/jiaxi/Projects/aCube/planner/TAUV-ROS-Packages/devel/.private/tauv_msgs/share/roseus/ros/tauv_msgs/msg/FeatureDetection.l, /home/jiaxi/Projects/aCube/planner/TAUV-ROS-Packages/devel/share/roseus/ros/tauv_msgs/msg/FeatureDetection.l)
Linked: (/home/jiaxi/Projects/aCube/planner/TAUV-ROS-Packages/devel/.private/tauv_msgs/share/roseus/ros/tauv_msgs/srv/UpdateDynamicsParameterConfigs.l, /home/jiaxi/Projects/aCube/planner/TAUV-ROS-Packages/devel/share/roseus/ros/tauv_msgs/srv/UpdateDynamicsParameterConfigs.l)
Linked: (/home/jiaxi/Projects/aCube/planner/TAUV-ROS-Packages/devel/.private/tauv_msgs/share/roseus/ros/tauv_msgs/srv/MapFindOne.l, /home/jiaxi/Projects/aCube/planner/TAUV-ROS-Packages/devel/share/roseus/ros/tauv_msgs/srv/MapFindOne.l)
Linked: (/home/jiaxi/Projects/aCube/planner/TAUV-ROS-Packages/devel/.private/tauv_msgs/share/roseus/ros/tauv_msgs/srv/GetTrajectory.l, /home/jiaxi/Projects/aCube/planner/TAUV-ROS-Packages/devel/share/roseus/ros/tauv_msgs/srv/GetTrajectory.l)
Linked: (/home/jiaxi/Projects/aCube/planner/TAUV-ROS-Packages/devel/.private/tauv_msgs/share/roseus/ros/tauv_msgs/srv/FeatureDetectionsSync.l, /home/jiaxi/Projects/aCube/planner/TAUV-ROS-Packages/devel/share/roseus/ros/tauv_msgs/srv/FeatureDetectionsSync.l)
Linked: (/home/jiaxi/Projects/aCube/planner/TAUV-ROS-Packages/devel/.private/tauv_msgs/share/roseus/ros/tauv_msgs/srv/TuneDynamics.l, /home/jiaxi/Projects/aCube/planner/TAUV-ROS-Packages/devel/share/roseus/ros/tauv_msgs/srv/TuneDynamics.l)
Linked: (/home/jiaxi/Projects/aCube/planner/TAUV-ROS-Packages/devel/.private/tauv_msgs/share/roseus/ros/tauv_msgs/srv/SetPose.l, /home/jiaxi/Projects/aCube/planner/TAUV-ROS-Packages/devel/share/roseus/ros/tauv_msgs/srv/SetPose.l)
Linked: (/home/jiaxi/Projects/aCube/planner/TAUV-ROS-Packages/devel/.private/tauv_msgs/share/roseus/ros/tauv_msgs/srv/GetCameraInfo.l, /home/jiaxi/Projects/aCube/planner/TAUV-ROS-Packages/devel/share/roseus/ros/tauv_msgs/srv/GetCameraInfo.l)
Linked: (/home/jiaxi/Projects/aCube/planner/TAUV-ROS-Packages/devel/.private/tauv_msgs/share/roseus/ros/tauv_msgs/srv/TunePIDPlanner.l, /home/jiaxi/Projects/aCube/planner/TAUV-ROS-Packages/devel/share/roseus/ros/tauv_msgs/srv/TunePIDPlanner.l)
Linked: (/home/jiaxi/Projects/aCube/planner/TAUV-ROS-Packages/devel/.private/tauv_msgs/share/roseus/ros/tauv_msgs/srv/SonarControl.l, /home/jiaxi/Projects/aCube/planner/TAUV-ROS-Packages/devel/share/roseus/ros/tauv_msgs/srv/SonarControl.l)
Linked: (/home/jiaxi/Projects/aCube/planner/TAUV-ROS-Packages/devel/.private/tauv_msgs/share/roseus/ros/tauv_msgs/srv/MapFindClosest.l, /home/jiaxi/Projects/aCube/planner/TAUV-ROS-Packages/devel/share/roseus/ros/tauv_msgs/srv/MapFindClosest.l)
Linked: (/home/jiaxi/Projects/aCube/planner/TAUV-ROS-Packages/devel/.private/tauv_msgs/share/roseus/ros/tauv_msgs/srv/TuneController.l, /home/jiaxi/Projects/aCube/planner/TAUV-ROS-Packages/devel/share/roseus/ros/tauv_msgs/srv/TuneController.l)
Linked: (/home/jiaxi/Projects/aCube/planner/TAUV-ROS-Packages/devel/.private/tauv_msgs/share/roseus/ros/tauv_msgs/srv/SetTargetPose.l, /home/jiaxi/Projects/aCube/planner/TAUV-ROS-Packages/devel/share/roseus/ros/tauv_msgs/srv/SetTargetPose.l)
Linked: (/home/jiaxi/Projects/aCube/planner/TAUV-ROS-Packages/devel/.private/tauv_msgs/share/roseus/ros/tauv_msgs/srv/RunMission.l, /home/jiaxi/Projects/aCube/planner/TAUV-ROS-Packages/devel/share/roseus/ros/tauv_msgs/srv/RunMission.l)
Linked: (/home/jiaxi/Projects/aCube/planner/TAUV-ROS-Packages/devel/.private/tauv_msgs/share/roseus/ros/tauv_msgs/srv/SyncAlarms.l, /home/jiaxi/Projects/aCube/planner/TAUV-ROS-Packages/devel/share/roseus/ros/tauv_msgs/srv/SyncAlarms.l)
Linked: (/home/jiaxi/Projects/aCube/planner/TAUV-ROS-Packages/devel/.private/tauv_msgs/share/roseus/ros/tauv_msgs/srv/MapFind.l, /home/jiaxi/Projects/aCube/planner/TAUV-ROS-Packages/devel/share/roseus/ros/tauv_msgs/srv/MapFind.l)
Linked: (/home/jiaxi/Projects/aCube/planner/TAUV-ROS-Packages/devel/.private/tauv_msgs/share/gennodejs/ros/tauv_msgs/_index.js, /home/jiaxi/Projects/aCube/planner/TAUV-ROS-Packages/devel/share/gennodejs/ros/tauv_msgs/_index.js)
Linked: (/home/jiaxi/Projects/aCube/planner/TAUV-ROS-Packages/devel/.private/tauv_msgs/share/gennodejs/ros/tauv_msgs/msg/GateDetection.js, /home/jiaxi/Projects/aCube/planner/TAUV-ROS-Packages/devel/share/gennodejs/ros/tauv_msgs/msg/GateDetection.js)
Linked: (/home/jiaxi/Projects/aCube/planner/TAUV-ROS-Packages/devel/.private/tauv_msgs/share/gennodejs/ros/tauv_msgs/msg/PIDDebug.js, /home/jiaxi/Projects/aCube/planner/TAUV-ROS-Packages/devel/share/gennodejs/ros/tauv_msgs/msg/PIDDebug.js)
Linked: (/home/jiaxi/Projects/aCube/planner/TAUV-ROS-Packages/devel/.private/tauv_msgs/share/gennodejs/ros/tauv_msgs/msg/XsensImuData.js, /home/jiaxi/Projects/aCube/planner/TAUV-ROS-Packages/devel/share/gennodejs/ros/tauv_msgs/msg/XsensImuData.js)
Linked: (/home/jiaxi/Projects/aCube/planner/TAUV-ROS-Packages/devel/.private/tauv_msgs/share/gennodejs/ros/tauv_msgs/msg/PoseGraphMeasurement.js, /home/jiaxi/Projects/aCube/planner/TAUV-ROS-Packages/devel/share/gennodejs/ros/tauv_msgs/msg/PoseGraphMeasurement.js)
Linked: (/home/jiaxi/Projects/aCube/planner/TAUV-ROS-Packages/devel/.private/tauv_msgs/share/gennodejs/ros/tauv_msgs/msg/ControllerDebug.js, /home/jiaxi/Projects/aCube/planner/TAUV-ROS-Packages/devel/share/gennodejs/ros/tauv_msgs/msg/ControllerDebug.js)
Linked: (/home/jiaxi/Projects/aCube/planner/TAUV-ROS-Packages/devel/.private/tauv_msgs/share/gennodejs/ros/tauv_msgs/msg/TrajPoint.js, /home/jiaxi/Projects/aCube/planner/TAUV-ROS-Packages/devel/share/gennodejs/ros/tauv_msgs/msg/TrajPoint.js)
Linked: (/home/jiaxi/Projects/aCube/planner/TAUV-ROS-Packages/devel/.private/tauv_msgs/share/gennodejs/ros/tauv_msgs/msg/ControllerCommand.js, /home/jiaxi/Projects/aCube/planner/TAUV-ROS-Packages/devel/share/gennodejs/ros/tauv_msgs/msg/ControllerCommand.js)
Linked: (/home/jiaxi/Projects/aCube/planner/TAUV-ROS-Packages/devel/.private/tauv_msgs/share/gennodejs/ros/tauv_msgs/msg/FluidDepth.js, /home/jiaxi/Projects/aCube/planner/TAUV-ROS-Packages/devel/share/gennodejs/ros/tauv_msgs/msg/FluidDepth.js)
Linked: (/home/jiaxi/Projects/aCube/planner/TAUV-ROS-Packages/devel/.private/tauv_msgs/share/gennodejs/ros/tauv_msgs/msg/ReadableAlarmReport.js, /home/jiaxi/Projects/aCube/planner/TAUV-ROS-Packages/devel/share/gennodejs/ros/tauv_msgs/msg/ReadableAlarmReport.js)
Linked: (/home/jiaxi/Projects/aCube/planner/TAUV-ROS-Packages/devel/.private/tauv_msgs/share/gennodejs/ros/tauv_msgs/msg/FeatureDetection.js, /home/jiaxi/Projects/aCube/planner/TAUV-ROS-Packages/devel/share/gennodejs/ros/tauv_msgs/msg/FeatureDetection.js)
Linked: (/home/jiaxi/Projects/aCube/planner/TAUV-ROS-Packages/devel/.private/tauv_msgs/share/gennodejs/ros/tauv_msgs/msg/Battery.js, /home/jiaxi/Projects/aCube/planner/TAUV-ROS-Packages/devel/share/gennodejs/ros/tauv_msgs/msg/Battery.js)
Linked: (/home/jiaxi/Projects/aCube/planner/TAUV-ROS-Packages/devel/.private/tauv_msgs/share/gennodejs/ros/tauv_msgs/msg/FeatureDetections.js, /home/jiaxi/Projects/aCube/planner/TAUV-ROS-Packages/devel/share/gennodejs/ros/tauv_msgs/msg/FeatureDetections.js)
Linked: (/home/jiaxi/Projects/aCube/planner/TAUV-ROS-Packages/devel/.private/tauv_msgs/share/gennodejs/ros/tauv_msgs/msg/Thrust.js, /home/jiaxi/Projects/aCube/planner/TAUV-ROS-Packages/devel/share/gennodejs/ros/tauv_msgs/msg/Thrust.js)
Linked: (/home/jiaxi/Projects/aCube/planner/TAUV-ROS-Packages/devel/.private/tauv_msgs/share/gennodejs/ros/tauv_msgs/msg/NavigationState.js, /home/jiaxi/Projects/aCube/planner/TAUV-ROS-Packages/devel/share/gennodejs/ros/tauv_msgs/msg/NavigationState.js)
Linked: (/home/jiaxi/Projects/aCube/planner/TAUV-ROS-Packages/devel/.private/tauv_msgs/share/gennodejs/ros/tauv_msgs/msg/AlarmReport.js, /home/jiaxi/Projects/aCube/planner/TAUV-ROS-Packages/devel/share/gennodejs/ros/tauv_msgs/msg/AlarmReport.js)
Symlinking /home/jiaxi/Projects/aCube/planner/TAUV-ROS-Packages/devel/share/gennodejs/ros/tauv_msgs/msg/Can.js
Symlinking /home/jiaxi/Projects/aCube/planner/TAUV-ROS-Packages/devel/share/gennodejs/ros/tauv_msgs/msg/Ctrl_cmd.js
Linked: (/home/jiaxi/Projects/aCube/planner/TAUV-ROS-Packages/devel/.private/tauv_msgs/share/gennodejs/ros/tauv_msgs/msg/SonarPulse.js, /home/jiaxi/Projects/aCube/planner/TAUV-ROS-Packages/devel/share/gennodejs/ros/tauv_msgs/msg/SonarPulse.js)
Linked: (/home/jiaxi/Projects/aCube/planner/TAUV-ROS-Packages/devel/.private/tauv_msgs/share/gennodejs/ros/tauv_msgs/msg/AlarmWithMessage.js, /home/jiaxi/Projects/aCube/planner/TAUV-ROS-Packages/devel/share/gennodejs/ros/tauv_msgs/msg/AlarmWithMessage.js)
Linked: (/home/jiaxi/Projects/aCube/planner/TAUV-ROS-Packages/devel/.private/tauv_msgs/share/gennodejs/ros/tauv_msgs/msg/PIDPlannerDebug.js, /home/jiaxi/Projects/aCube/planner/TAUV-ROS-Packages/devel/share/gennodejs/ros/tauv_msgs/msg/PIDPlannerDebug.js)
Linked: (/home/jiaxi/Projects/aCube/planner/TAUV-ROS-Packages/devel/.private/tauv_msgs/share/gennodejs/ros/tauv_msgs/msg/XsensImuSync.js, /home/jiaxi/Projects/aCube/planner/TAUV-ROS-Packages/devel/share/gennodejs/ros/tauv_msgs/msg/XsensImuSync.js)
Linked: (/home/jiaxi/Projects/aCube/planner/TAUV-ROS-Packages/devel/.private/tauv_msgs/share/gennodejs/ros/tauv_msgs/msg/PingDetection.js, /home/jiaxi/Projects/aCube/planner/TAUV-ROS-Packages/devel/share/gennodejs/ros/tauv_msgs/msg/PingDetection.js)
Linked: (/home/jiaxi/Projects/aCube/planner/TAUV-ROS-Packages/devel/.private/tauv_msgs/share/gennodejs/ros/tauv_msgs/msg/Message.js, /home/jiaxi/Projects/aCube/planner/TAUV-ROS-Packages/devel/share/gennodejs/ros/tauv_msgs/msg/Message.js)
Linked: (/home/jiaxi/Projects/aCube/planner/TAUV-ROS-Packages/devel/.private/tauv_msgs/share/gennodejs/ros/tauv_msgs/msg/DynamicsTuning.js, /home/jiaxi/Projects/aCube/planner/TAUV-ROS-Packages/devel/share/gennodejs/ros/tauv_msgs/msg/DynamicsTuning.js)
Linked: (/home/jiaxi/Projects/aCube/planner/TAUV-ROS-Packages/devel/.private/tauv_msgs/share/gennodejs/ros/tauv_msgs/msg/Servos.js, /home/jiaxi/Projects/aCube/planner/TAUV-ROS-Packages/devel/share/gennodejs/ros/tauv_msgs/msg/Servos.js)
Linked: (/home/jiaxi/Projects/aCube/planner/TAUV-ROS-Packages/devel/.private/tauv_msgs/share/gennodejs/ros/tauv_msgs/msg/DynamicsParametersEstimate.js, /home/jiaxi/Projects/aCube/planner/TAUV-ROS-Packages/devel/share/gennodejs/ros/tauv_msgs/msg/DynamicsParametersEstimate.js)
Linked: (/home/jiaxi/Projects/aCube/planner/TAUV-ROS-Packages/devel/.private/tauv_msgs/share/gennodejs/ros/tauv_msgs/msg/PIDTuning.js, /home/jiaxi/Projects/aCube/planner/TAUV-ROS-Packages/devel/share/gennodejs/ros/tauv_msgs/msg/PIDTuning.js)
Linked: (/home/jiaxi/Projects/aCube/planner/TAUV-ROS-Packages/devel/.private/tauv_msgs/share/gennodejs/ros/tauv_msgs/msg/DynamicsParameterConfigUpdate.js, /home/jiaxi/Projects/aCube/planner/TAUV-ROS-Packages/devel/share/gennodejs/ros/tauv_msgs/msg/DynamicsParameterConfigUpdate.js)
Linked: (/home/jiaxi/Projects/aCube/planner/TAUV-ROS-Packages/devel/.private/tauv_msgs/share/gennodejs/ros/tauv_msgs/msg/TeledyneDvlData.js, /home/jiaxi/Projects/aCube/planner/TAUV-ROS-Packages/devel/share/gennodejs/ros/tauv_msgs/msg/TeledyneDvlData.js)
Linked: (/home/jiaxi/Projects/aCube/planner/TAUV-ROS-Packages/devel/.private/tauv_msgs/share/gennodejs/ros/tauv_msgs/msg/RegisterMeasurement.js, /home/jiaxi/Projects/aCube/planner/TAUV-ROS-Packages/devel/share/gennodejs/ros/tauv_msgs/msg/RegisterMeasurement.js)
Linked: (/home/jiaxi/Projects/aCube/planner/TAUV-ROS-Packages/devel/.private/tauv_msgs/share/gennodejs/ros/tauv_msgs/msg/_index.js, /home/jiaxi/Projects/aCube/planner/TAUV-ROS-Packages/devel/share/gennodejs/ros/tauv_msgs/msg/_index.js)
Linked: (/home/jiaxi/Projects/aCube/planner/TAUV-ROS-Packages/devel/.private/tauv_msgs/share/gennodejs/ros/tauv_msgs/srv/GetTrajectory.js, /home/jiaxi/Projects/aCube/planner/TAUV-ROS-Packages/devel/share/gennodejs/ros/tauv_msgs/srv/GetTrajectory.js)
Linked: (/home/jiaxi/Projects/aCube/planner/TAUV-ROS-Packages/devel/.private/tauv_msgs/share/gennodejs/ros/tauv_msgs/srv/SetPose.js, /home/jiaxi/Projects/aCube/planner/TAUV-ROS-Packages/devel/share/gennodejs/ros/tauv_msgs/srv/SetPose.js)
Linked: (/home/jiaxi/Projects/aCube/planner/TAUV-ROS-Packages/devel/.private/tauv_msgs/share/gennodejs/ros/tauv_msgs/srv/TuneDynamics.js, /home/jiaxi/Projects/aCube/planner/TAUV-ROS-Packages/devel/share/gennodejs/ros/tauv_msgs/srv/TuneDynamics.js)
Linked: (/home/jiaxi/Projects/aCube/planner/TAUV-ROS-Packages/devel/.private/tauv_msgs/share/gennodejs/ros/tauv_msgs/srv/MapFindClosest.js, /home/jiaxi/Projects/aCube/planner/TAUV-ROS-Packages/devel/share/gennodejs/ros/tauv_msgs/srv/MapFindClosest.js)
Linked: (/home/jiaxi/Projects/aCube/planner/TAUV-ROS-Packages/devel/.private/tauv_msgs/share/gennodejs/ros/tauv_msgs/srv/MapFindOne.js, /home/jiaxi/Projects/aCube/planner/TAUV-ROS-Packages/devel/share/gennodejs/ros/tauv_msgs/srv/MapFindOne.js)
Linked: (/home/jiaxi/Projects/aCube/planner/TAUV-ROS-Packages/devel/.private/tauv_msgs/share/gennodejs/ros/tauv_msgs/srv/SonarControl.js, /home/jiaxi/Projects/aCube/planner/TAUV-ROS-Packages/devel/share/gennodejs/ros/tauv_msgs/srv/SonarControl.js)
Linked: (/home/jiaxi/Projects/aCube/planner/TAUV-ROS-Packages/devel/.private/tauv_msgs/share/gennodejs/ros/tauv_msgs/srv/MapFind.js, /home/jiaxi/Projects/aCube/planner/TAUV-ROS-Packages/devel/share/gennodejs/ros/tauv_msgs/srv/MapFind.js)
Linked: (/home/jiaxi/Projects/aCube/planner/TAUV-ROS-Packages/devel/.private/tauv_msgs/share/gennodejs/ros/tauv_msgs/srv/SyncAlarms.js, /home/jiaxi/Projects/aCube/planner/TAUV-ROS-Packages/devel/share/gennodejs/ros/tauv_msgs/srv/SyncAlarms.js)
Linked: (/home/jiaxi/Projects/aCube/planner/TAUV-ROS-Packages/devel/.private/tauv_msgs/share/gennodejs/ros/tauv_msgs/srv/RunMission.js, /home/jiaxi/Projects/aCube/planner/TAUV-ROS-Packages/devel/share/gennodejs/ros/tauv_msgs/srv/RunMission.js)
Linked: (/home/jiaxi/Projects/aCube/planner/TAUV-ROS-Packages/devel/.private/tauv_msgs/share/gennodejs/ros/tauv_msgs/srv/UpdateDynamicsParameterConfigs.js, /home/jiaxi/Projects/aCube/planner/TAUV-ROS-Packages/devel/share/gennodejs/ros/tauv_msgs/srv/UpdateDynamicsParameterConfigs.js)
Linked: (/home/jiaxi/Projects/aCube/planner/TAUV-ROS-Packages/devel/.private/tauv_msgs/share/gennodejs/ros/tauv_msgs/srv/SetTargetPose.js, /home/jiaxi/Projects/aCube/planner/TAUV-ROS-Packages/devel/share/gennodejs/ros/tauv_msgs/srv/SetTargetPose.js)
Linked: (/home/jiaxi/Projects/aCube/planner/TAUV-ROS-Packages/devel/.private/tauv_msgs/share/gennodejs/ros/tauv_msgs/srv/GetCameraInfo.js, /home/jiaxi/Projects/aCube/planner/TAUV-ROS-Packages/devel/share/gennodejs/ros/tauv_msgs/srv/GetCameraInfo.js)
Linked: (/home/jiaxi/Projects/aCube/planner/TAUV-ROS-Packages/devel/.private/tauv_msgs/share/gennodejs/ros/tauv_msgs/srv/FeatureDetectionsSync.js, /home/jiaxi/Projects/aCube/planner/TAUV-ROS-Packages/devel/share/gennodejs/ros/tauv_msgs/srv/FeatureDetectionsSync.js)
Linked: (/home/jiaxi/Projects/aCube/planner/TAUV-ROS-Packages/devel/.private/tauv_msgs/share/gennodejs/ros/tauv_msgs/srv/TunePIDPlanner.js, /home/jiaxi/Projects/aCube/planner/TAUV-ROS-Packages/devel/share/gennodejs/ros/tauv_msgs/srv/TunePIDPlanner.js)
Linked: (/home/jiaxi/Projects/aCube/planner/TAUV-ROS-Packages/devel/.private/tauv_msgs/share/gennodejs/ros/tauv_msgs/srv/_index.js, /home/jiaxi/Projects/aCube/planner/TAUV-ROS-Packages/devel/share/gennodejs/ros/tauv_msgs/srv/_index.js)
Linked: (/home/jiaxi/Projects/aCube/planner/TAUV-ROS-Packages/devel/.private/tauv_msgs/share/gennodejs/ros/tauv_msgs/srv/TuneController.js, /home/jiaxi/Projects/aCube/planner/TAUV-ROS-Packages/devel/share/gennodejs/ros/tauv_msgs/srv/TuneController.js)
Linked: (/home/jiaxi/Projects/aCube/planner/TAUV-ROS-Packages/devel/.private/tauv_msgs/share/tauv_msgs/cmake/tauv_msgs-msg-paths.cmake, /home/jiaxi/Projects/aCube/planner/TAUV-ROS-Packages/devel/share/tauv_msgs/cmake/tauv_msgs-msg-paths.cmake)
Linked: (/home/jiaxi/Projects/aCube/planner/TAUV-ROS-Packages/devel/.private/tauv_msgs/share/tauv_msgs/cmake/tauv_msgsConfig.cmake, /home/jiaxi/Projects/aCube/planner/TAUV-ROS-Packages/devel/share/tauv_msgs/cmake/tauv_msgsConfig.cmake)
Linked: (/home/jiaxi/Projects/aCube/planner/TAUV-ROS-Packages/devel/.private/tauv_msgs/share/tauv_msgs/cmake/tauv_msgs-msg-extras.cmake, /home/jiaxi/Projects/aCube/planner/TAUV-ROS-Packages/devel/share/tauv_msgs/cmake/tauv_msgs-msg-extras.cmake)
Linked: (/home/jiaxi/Projects/aCube/planner/TAUV-ROS-Packages/devel/.private/tauv_msgs/share/tauv_msgs/cmake/tauv_msgsConfig-version.cmake, /home/jiaxi/Projects/aCube/planner/TAUV-ROS-Packages/devel/share/tauv_msgs/cmake/tauv_msgsConfig-version.cmake)
Linked: (/home/jiaxi/Projects/aCube/planner/TAUV-ROS-Packages/devel/.private/tauv_msgs/share/common-lisp/ros/tauv_msgs/msg/_package_PoseGraphMeasurement.lisp, /home/jiaxi/Projects/aCube/planner/TAUV-ROS-Packages/devel/share/common-lisp/ros/tauv_msgs/msg/_package_PoseGraphMeasurement.lisp)
Symlinking /home/jiaxi/Projects/aCube/planner/TAUV-ROS-Packages/devel/share/common-lisp/ros/tauv_msgs/msg/Can.lisp
Linked: (/home/jiaxi/Projects/aCube/planner/TAUV-ROS-Packages/devel/.private/tauv_msgs/share/common-lisp/ros/tauv_msgs/msg/_package_Battery.lisp, /home/jiaxi/Projects/aCube/planner/TAUV-ROS-Packages/devel/share/common-lisp/ros/tauv_msgs/msg/_package_Battery.lisp)
Symlinking /home/jiaxi/Projects/aCube/planner/TAUV-ROS-Packages/devel/share/common-lisp/ros/tauv_msgs/msg/_package_Ctrl_cmd.lisp
Linked: (/home/jiaxi/Projects/aCube/planner/TAUV-ROS-Packages/devel/.private/tauv_msgs/share/common-lisp/ros/tauv_msgs/msg/_package_GateDetection.lisp, /home/jiaxi/Projects/aCube/planner/TAUV-ROS-Packages/devel/share/common-lisp/ros/tauv_msgs/msg/_package_GateDetection.lisp)
Linked: (/home/jiaxi/Projects/aCube/planner/TAUV-ROS-Packages/devel/.private/tauv_msgs/share/common-lisp/ros/tauv_msgs/msg/DynamicsParameterConfigUpdate.lisp, /home/jiaxi/Projects/aCube/planner/TAUV-ROS-Packages/devel/share/common-lisp/ros/tauv_msgs/msg/DynamicsParameterConfigUpdate.lisp)
Linked: (/home/jiaxi/Projects/aCube/planner/TAUV-ROS-Packages/devel/.private/tauv_msgs/share/common-lisp/ros/tauv_msgs/msg/_package_RegisterMeasurement.lisp, /home/jiaxi/Projects/aCube/planner/TAUV-ROS-Packages/devel/share/common-lisp/ros/tauv_msgs/msg/_package_RegisterMeasurement.lisp)
Linked: (/home/jiaxi/Projects/aCube/planner/TAUV-ROS-Packages/devel/.private/tauv_msgs/share/common-lisp/ros/tauv_msgs/msg/TrajPoint.lisp, /home/jiaxi/Projects/aCube/planner/TAUV-ROS-Packages/devel/share/common-lisp/ros/tauv_msgs/msg/TrajPoint.lisp)
Linked: (/home/jiaxi/Projects/aCube/planner/TAUV-ROS-Packages/devel/.private/tauv_msgs/share/common-lisp/ros/tauv_msgs/msg/_package_ControllerDebug.lisp, /home/jiaxi/Projects/aCube/planner/TAUV-ROS-Packages/devel/share/common-lisp/ros/tauv_msgs/msg/_package_ControllerDebug.lisp)
Linked: (/home/jiaxi/Projects/aCube/planner/TAUV-ROS-Packages/devel/.private/tauv_msgs/share/common-lisp/ros/tauv_msgs/msg/Battery.lisp, /home/jiaxi/Projects/aCube/planner/TAUV-ROS-Packages/devel/share/common-lisp/ros/tauv_msgs/msg/Battery.lisp)
Linked: (/home/jiaxi/Projects/aCube/planner/TAUV-ROS-Packages/devel/.private/tauv_msgs/share/common-lisp/ros/tauv_msgs/msg/_package_PIDDebug.lisp, /home/jiaxi/Projects/aCube/planner/TAUV-ROS-Packages/devel/share/common-lisp/ros/tauv_msgs/msg/_package_PIDDebug.lisp)
Linked: (/home/jiaxi/Projects/aCube/planner/TAUV-ROS-Packages/devel/.private/tauv_msgs/share/common-lisp/ros/tauv_msgs/msg/SonarPulse.lisp, /home/jiaxi/Projects/aCube/planner/TAUV-ROS-Packages/devel/share/common-lisp/ros/tauv_msgs/msg/SonarPulse.lisp)
Linked: (/home/jiaxi/Projects/aCube/planner/TAUV-ROS-Packages/devel/.private/tauv_msgs/share/common-lisp/ros/tauv_msgs/msg/FeatureDetection.lisp, /home/jiaxi/Projects/aCube/planner/TAUV-ROS-Packages/devel/share/common-lisp/ros/tauv_msgs/msg/FeatureDetection.lisp)
Linked: (/home/jiaxi/Projects/aCube/planner/TAUV-ROS-Packages/devel/.private/tauv_msgs/share/common-lisp/ros/tauv_msgs/msg/_package_XsensImuData.lisp, /home/jiaxi/Projects/aCube/planner/TAUV-ROS-Packages/devel/share/common-lisp/ros/tauv_msgs/msg/_package_XsensImuData.lisp)
Linked: (/home/jiaxi/Projects/aCube/planner/TAUV-ROS-Packages/devel/.private/tauv_msgs/share/common-lisp/ros/tauv_msgs/msg/RegisterMeasurement.lisp, /home/jiaxi/Projects/aCube/planner/TAUV-ROS-Packages/devel/share/common-lisp/ros/tauv_msgs/msg/RegisterMeasurement.lisp)
Linked: (/home/jiaxi/Projects/aCube/planner/TAUV-ROS-Packages/devel/.private/tauv_msgs/share/common-lisp/ros/tauv_msgs/msg/_package_DynamicsParameterConfigUpdate.lisp, /home/jiaxi/Projects/aCube/planner/TAUV-ROS-Packages/devel/share/common-lisp/ros/tauv_msgs/msg/_package_DynamicsParameterConfigUpdate.lisp)
Linked: (/home/jiaxi/Projects/aCube/planner/TAUV-ROS-Packages/devel/.private/tauv_msgs/share/common-lisp/ros/tauv_msgs/msg/_package_TrajPoint.lisp, /home/jiaxi/Projects/aCube/planner/TAUV-ROS-Packages/devel/share/common-lisp/ros/tauv_msgs/msg/_package_TrajPoint.lisp)
Linked: (/home/jiaxi/Projects/aCube/planner/TAUV-ROS-Packages/devel/.private/tauv_msgs/share/common-lisp/ros/tauv_msgs/msg/_package_Message.lisp, /home/jiaxi/Projects/aCube/planner/TAUV-ROS-Packages/devel/share/common-lisp/ros/tauv_msgs/msg/_package_Message.lisp)
Linked: (/home/jiaxi/Projects/aCube/planner/TAUV-ROS-Packages/devel/.private/tauv_msgs/share/common-lisp/ros/tauv_msgs/msg/PingDetection.lisp, /home/jiaxi/Projects/aCube/planner/TAUV-ROS-Packages/devel/share/common-lisp/ros/tauv_msgs/msg/PingDetection.lisp)
Linked: (/home/jiaxi/Projects/aCube/planner/TAUV-ROS-Packages/devel/.private/tauv_msgs/share/common-lisp/ros/tauv_msgs/msg/_package_NavigationState.lisp, /home/jiaxi/Projects/aCube/planner/TAUV-ROS-Packages/devel/share/common-lisp/ros/tauv_msgs/msg/_package_NavigationState.lisp)
Linked: (/home/jiaxi/Projects/aCube/planner/TAUV-ROS-Packages/devel/.private/tauv_msgs/share/common-lisp/ros/tauv_msgs/msg/_package_SonarPulse.lisp, /home/jiaxi/Projects/aCube/planner/TAUV-ROS-Packages/devel/share/common-lisp/ros/tauv_msgs/msg/_package_SonarPulse.lisp)
Linked: (/home/jiaxi/Projects/aCube/planner/TAUV-ROS-Packages/devel/.private/tauv_msgs/share/common-lisp/ros/tauv_msgs/msg/Message.lisp, /home/jiaxi/Projects/aCube/planner/TAUV-ROS-Packages/devel/share/common-lisp/ros/tauv_msgs/msg/Message.lisp)
Linked: (/home/jiaxi/Projects/aCube/planner/TAUV-ROS-Packages/devel/.private/tauv_msgs/share/common-lisp/ros/tauv_msgs/msg/ControllerDebug.lisp, /home/jiaxi/Projects/aCube/planner/TAUV-ROS-Packages/devel/share/common-lisp/ros/tauv_msgs/msg/ControllerDebug.lisp)
Linked: (/home/jiaxi/Projects/aCube/planner/TAUV-ROS-Packages/devel/.private/tauv_msgs/share/common-lisp/ros/tauv_msgs/msg/PoseGraphMeasurement.lisp, /home/jiaxi/Projects/aCube/planner/TAUV-ROS-Packages/devel/share/common-lisp/ros/tauv_msgs/msg/PoseGraphMeasurement.lisp)
Linked: (/home/jiaxi/Projects/aCube/planner/TAUV-ROS-Packages/devel/.private/tauv_msgs/share/common-lisp/ros/tauv_msgs/msg/_package_PingDetection.lisp, /home/jiaxi/Projects/aCube/planner/TAUV-ROS-Packages/devel/share/common-lisp/ros/tauv_msgs/msg/_package_PingDetection.lisp)
Symlinking /home/jiaxi/Projects/aCube/planner/TAUV-ROS-Packages/devel/share/common-lisp/ros/tauv_msgs/msg/Ctrl_cmd.lisp
Linked: (/home/jiaxi/Projects/aCube/planner/TAUV-ROS-Packages/devel/.private/tauv_msgs/share/common-lisp/ros/tauv_msgs/msg/AlarmReport.lisp, /home/jiaxi/Projects/aCube/planner/TAUV-ROS-Packages/devel/share/common-lisp/ros/tauv_msgs/msg/AlarmReport.lisp)
Linked: (/home/jiaxi/Projects/aCube/planner/TAUV-ROS-Packages/devel/.private/tauv_msgs/share/common-lisp/ros/tauv_msgs/msg/FluidDepth.lisp, /home/jiaxi/Projects/aCube/planner/TAUV-ROS-Packages/devel/share/common-lisp/ros/tauv_msgs/msg/FluidDepth.lisp)
Linked: (/home/jiaxi/Projects/aCube/planner/TAUV-ROS-Packages/devel/.private/tauv_msgs/share/common-lisp/ros/tauv_msgs/msg/XsensImuData.lisp, /home/jiaxi/Projects/aCube/planner/TAUV-ROS-Packages/devel/share/common-lisp/ros/tauv_msgs/msg/XsensImuData.lisp)
Symlinking /home/jiaxi/Projects/aCube/planner/TAUV-ROS-Packages/devel/share/common-lisp/ros/tauv_msgs/msg/_package_Can.lisp
Linked: (/home/jiaxi/Projects/aCube/planner/TAUV-ROS-Packages/devel/.private/tauv_msgs/share/common-lisp/ros/tauv_msgs/msg/_package_TeledyneDvlData.lisp, /home/jiaxi/Projects/aCube/planner/TAUV-ROS-Packages/devel/share/common-lisp/ros/tauv_msgs/msg/_package_TeledyneDvlData.lisp)
Linked: (/home/jiaxi/Projects/aCube/planner/TAUV-ROS-Packages/devel/.private/tauv_msgs/share/common-lisp/ros/tauv_msgs/msg/ReadableAlarmReport.lisp, /home/jiaxi/Projects/aCube/planner/TAUV-ROS-Packages/devel/share/common-lisp/ros/tauv_msgs/msg/ReadableAlarmReport.lisp)
Linked: (/home/jiaxi/Projects/aCube/planner/TAUV-ROS-Packages/devel/.private/tauv_msgs/share/common-lisp/ros/tauv_msgs/msg/_package_FeatureDetections.lisp, /home/jiaxi/Projects/aCube/planner/TAUV-ROS-Packages/devel/share/common-lisp/ros/tauv_msgs/msg/_package_FeatureDetections.lisp)
Linked: (/home/jiaxi/Projects/aCube/planner/TAUV-ROS-Packages/devel/.private/tauv_msgs/share/common-lisp/ros/tauv_msgs/msg/_package_DynamicsTuning.lisp, /home/jiaxi/Projects/aCube/planner/TAUV-ROS-Packages/devel/share/common-lisp/ros/tauv_msgs/msg/_package_DynamicsTuning.lisp)
Linked: (/home/jiaxi/Projects/aCube/planner/TAUV-ROS-Packages/devel/.private/tauv_msgs/share/common-lisp/ros/tauv_msgs/msg/_package_PIDTuning.lisp, /home/jiaxi/Projects/aCube/planner/TAUV-ROS-Packages/devel/share/common-lisp/ros/tauv_msgs/msg/_package_PIDTuning.lisp)
Linked: (/home/jiaxi/Projects/aCube/planner/TAUV-ROS-Packages/devel/.private/tauv_msgs/share/common-lisp/ros/tauv_msgs/msg/_package_PIDPlannerDebug.lisp, /home/jiaxi/Projects/aCube/planner/TAUV-ROS-Packages/devel/share/common-lisp/ros/tauv_msgs/msg/_package_PIDPlannerDebug.lisp)
Linked: (/home/jiaxi/Projects/aCube/planner/TAUV-ROS-Packages/devel/.private/tauv_msgs/share/common-lisp/ros/tauv_msgs/msg/_package.lisp, /home/jiaxi/Projects/aCube/planner/TAUV-ROS-Packages/devel/share/common-lisp/ros/tauv_msgs/msg/_package.lisp)
Linked: (/home/jiaxi/Projects/aCube/planner/TAUV-ROS-Packages/devel/.private/tauv_msgs/share/common-lisp/ros/tauv_msgs/msg/DynamicsTuning.lisp, /home/jiaxi/Projects/aCube/planner/TAUV-ROS-Packages/devel/share/common-lisp/ros/tauv_msgs/msg/DynamicsTuning.lisp)
Linked: (/home/jiaxi/Projects/aCube/planner/TAUV-ROS-Packages/devel/.private/tauv_msgs/share/common-lisp/ros/tauv_msgs/msg/FeatureDetections.lisp, /home/jiaxi/Projects/aCube/planner/TAUV-ROS-Packages/devel/share/common-lisp/ros/tauv_msgs/msg/FeatureDetections.lisp)
Linked: (/home/jiaxi/Projects/aCube/planner/TAUV-ROS-Packages/devel/.private/tauv_msgs/share/common-lisp/ros/tauv_msgs/msg/_package_DynamicsParametersEstimate.lisp, /home/jiaxi/Projects/aCube/planner/TAUV-ROS-Packages/devel/share/common-lisp/ros/tauv_msgs/msg/_package_DynamicsParametersEstimate.lisp)
Linked: (/home/jiaxi/Projects/aCube/planner/TAUV-ROS-Packages/devel/.private/tauv_msgs/share/common-lisp/ros/tauv_msgs/msg/PIDTuning.lisp, /home/jiaxi/Projects/aCube/planner/TAUV-ROS-Packages/devel/share/common-lisp/ros/tauv_msgs/msg/PIDTuning.lisp)
Linked: (/home/jiaxi/Projects/aCube/planner/TAUV-ROS-Packages/devel/.private/tauv_msgs/share/common-lisp/ros/tauv_msgs/msg/_package_ReadableAlarmReport.lisp, /home/jiaxi/Projects/aCube/planner/TAUV-ROS-Packages/devel/share/common-lisp/ros/tauv_msgs/msg/_package_ReadableAlarmReport.lisp)
Linked: (/home/jiaxi/Projects/aCube/planner/TAUV-ROS-Packages/devel/.private/tauv_msgs/share/common-lisp/ros/tauv_msgs/msg/XsensImuSync.lisp, /home/jiaxi/Projects/aCube/planner/TAUV-ROS-Packages/devel/share/common-lisp/ros/tauv_msgs/msg/XsensImuSync.lisp)
Linked: (/home/jiaxi/Projects/aCube/planner/TAUV-ROS-Packages/devel/.private/tauv_msgs/share/common-lisp/ros/tauv_msgs/msg/PIDDebug.lisp, /home/jiaxi/Projects/aCube/planner/TAUV-ROS-Packages/devel/share/common-lisp/ros/tauv_msgs/msg/PIDDebug.lisp)
Linked: (/home/jiaxi/Projects/aCube/planner/TAUV-ROS-Packages/devel/.private/tauv_msgs/share/common-lisp/ros/tauv_msgs/msg/GateDetection.lisp, /home/jiaxi/Projects/aCube/planner/TAUV-ROS-Packages/devel/share/common-lisp/ros/tauv_msgs/msg/GateDetection.lisp)
Linked: (/home/jiaxi/Projects/aCube/planner/TAUV-ROS-Packages/devel/.private/tauv_msgs/share/common-lisp/ros/tauv_msgs/msg/ControllerCommand.lisp, /home/jiaxi/Projects/aCube/planner/TAUV-ROS-Packages/devel/share/common-lisp/ros/tauv_msgs/msg/ControllerCommand.lisp)
Linked: (/home/jiaxi/Projects/aCube/planner/TAUV-ROS-Packages/devel/.private/tauv_msgs/share/common-lisp/ros/tauv_msgs/msg/_package_FeatureDetection.lisp, /home/jiaxi/Projects/aCube/planner/TAUV-ROS-Packages/devel/share/common-lisp/ros/tauv_msgs/msg/_package_FeatureDetection.lisp)
Linked: (/home/jiaxi/Projects/aCube/planner/TAUV-ROS-Packages/devel/.private/tauv_msgs/share/common-lisp/ros/tauv_msgs/msg/NavigationState.lisp, /home/jiaxi/Projects/aCube/planner/TAUV-ROS-Packages/devel/share/common-lisp/ros/tauv_msgs/msg/NavigationState.lisp)
Linked: (/home/jiaxi/Projects/aCube/planner/TAUV-ROS-Packages/devel/.private/tauv_msgs/share/common-lisp/ros/tauv_msgs/msg/_package_Servos.lisp, /home/jiaxi/Projects/aCube/planner/TAUV-ROS-Packages/devel/share/common-lisp/ros/tauv_msgs/msg/_package_Servos.lisp)
Linked: (/home/jiaxi/Projects/aCube/planner/TAUV-ROS-Packages/devel/.private/tauv_msgs/share/common-lisp/ros/tauv_msgs/msg/tauv_msgs-msg.asd, /home/jiaxi/Projects/aCube/planner/TAUV-ROS-Packages/devel/share/common-lisp/ros/tauv_msgs/msg/tauv_msgs-msg.asd)
Linked: (/home/jiaxi/Projects/aCube/planner/TAUV-ROS-Packages/devel/.private/tauv_msgs/share/common-lisp/ros/tauv_msgs/msg/AlarmWithMessage.lisp, /home/jiaxi/Projects/aCube/planner/TAUV-ROS-Packages/devel/share/common-lisp/ros/tauv_msgs/msg/AlarmWithMessage.lisp)
Linked: (/home/jiaxi/Projects/aCube/planner/TAUV-ROS-Packages/devel/.private/tauv_msgs/share/common-lisp/ros/tauv_msgs/msg/_package_AlarmWithMessage.lisp, /home/jiaxi/Projects/aCube/planner/TAUV-ROS-Packages/devel/share/common-lisp/ros/tauv_msgs/msg/_package_AlarmWithMessage.lisp)
Linked: (/home/jiaxi/Projects/aCube/planner/TAUV-ROS-Packages/devel/.private/tauv_msgs/share/common-lisp/ros/tauv_msgs/msg/_package_Thrust.lisp, /home/jiaxi/Projects/aCube/planner/TAUV-ROS-Packages/devel/share/common-lisp/ros/tauv_msgs/msg/_package_Thrust.lisp)
Linked: (/home/jiaxi/Projects/aCube/planner/TAUV-ROS-Packages/devel/.private/tauv_msgs/share/common-lisp/ros/tauv_msgs/msg/Thrust.lisp, /home/jiaxi/Projects/aCube/planner/TAUV-ROS-Packages/devel/share/common-lisp/ros/tauv_msgs/msg/Thrust.lisp)
Linked: (/home/jiaxi/Projects/aCube/planner/TAUV-ROS-Packages/devel/.private/tauv_msgs/share/common-lisp/ros/tauv_msgs/msg/_package_XsensImuSync.lisp, /home/jiaxi/Projects/aCube/planner/TAUV-ROS-Packages/devel/share/common-lisp/ros/tauv_msgs/msg/_package_XsensImuSync.lisp)
Linked: (/home/jiaxi/Projects/aCube/planner/TAUV-ROS-Packages/devel/.private/tauv_msgs/share/common-lisp/ros/tauv_msgs/msg/Servos.lisp, /home/jiaxi/Projects/aCube/planner/TAUV-ROS-Packages/devel/share/common-lisp/ros/tauv_msgs/msg/Servos.lisp)
Linked: (/home/jiaxi/Projects/aCube/planner/TAUV-ROS-Packages/devel/.private/tauv_msgs/share/common-lisp/ros/tauv_msgs/msg/PIDPlannerDebug.lisp, /home/jiaxi/Projects/aCube/planner/TAUV-ROS-Packages/devel/share/common-lisp/ros/tauv_msgs/msg/PIDPlannerDebug.lisp)
Linked: (/home/jiaxi/Projects/aCube/planner/TAUV-ROS-Packages/devel/.private/tauv_msgs/share/common-lisp/ros/tauv_msgs/msg/DynamicsParametersEstimate.lisp, /home/jiaxi/Projects/aCube/planner/TAUV-ROS-Packages/devel/share/common-lisp/ros/tauv_msgs/msg/DynamicsParametersEstimate.lisp)
Linked: (/home/jiaxi/Projects/aCube/planner/TAUV-ROS-Packages/devel/.private/tauv_msgs/share/common-lisp/ros/tauv_msgs/msg/TeledyneDvlData.lisp, /home/jiaxi/Projects/aCube/planner/TAUV-ROS-Packages/devel/share/common-lisp/ros/tauv_msgs/msg/TeledyneDvlData.lisp)
Linked: (/home/jiaxi/Projects/aCube/planner/TAUV-ROS-Packages/devel/.private/tauv_msgs/share/common-lisp/ros/tauv_msgs/msg/_package_FluidDepth.lisp, /home/jiaxi/Projects/aCube/planner/TAUV-ROS-Packages/devel/share/common-lisp/ros/tauv_msgs/msg/_package_FluidDepth.lisp)
Linked: (/home/jiaxi/Projects/aCube/planner/TAUV-ROS-Packages/devel/.private/tauv_msgs/share/common-lisp/ros/tauv_msgs/msg/_package_AlarmReport.lisp, /home/jiaxi/Projects/aCube/planner/TAUV-ROS-Packages/devel/share/common-lisp/ros/tauv_msgs/msg/_package_AlarmReport.lisp)
Linked: (/home/jiaxi/Projects/aCube/planner/TAUV-ROS-Packages/devel/.private/tauv_msgs/share/common-lisp/ros/tauv_msgs/msg/_package_ControllerCommand.lisp, /home/jiaxi/Projects/aCube/planner/TAUV-ROS-Packages/devel/share/common-lisp/ros/tauv_msgs/msg/_package_ControllerCommand.lisp)
Linked: (/home/jiaxi/Projects/aCube/planner/TAUV-ROS-Packages/devel/.private/tauv_msgs/share/common-lisp/ros/tauv_msgs/srv/TunePIDPlanner.lisp, /home/jiaxi/Projects/aCube/planner/TAUV-ROS-Packages/devel/share/common-lisp/ros/tauv_msgs/srv/TunePIDPlanner.lisp)
Linked: (/home/jiaxi/Projects/aCube/planner/TAUV-ROS-Packages/devel/.private/tauv_msgs/share/common-lisp/ros/tauv_msgs/srv/MapFind.lisp, /home/jiaxi/Projects/aCube/planner/TAUV-ROS-Packages/devel/share/common-lisp/ros/tauv_msgs/srv/MapFind.lisp)
Linked: (/home/jiaxi/Projects/aCube/planner/TAUV-ROS-Packages/devel/.private/tauv_msgs/share/common-lisp/ros/tauv_msgs/srv/_package_SetTargetPose.lisp, /home/jiaxi/Projects/aCube/planner/TAUV-ROS-Packages/devel/share/common-lisp/ros/tauv_msgs/srv/_package_SetTargetPose.lisp)
Linked: (/home/jiaxi/Projects/aCube/planner/TAUV-ROS-Packages/devel/.private/tauv_msgs/share/common-lisp/ros/tauv_msgs/srv/SetPose.lisp, /home/jiaxi/Projects/aCube/planner/TAUV-ROS-Packages/devel/share/common-lisp/ros/tauv_msgs/srv/SetPose.lisp)
Linked: (/home/jiaxi/Projects/aCube/planner/TAUV-ROS-Packages/devel/.private/tauv_msgs/share/common-lisp/ros/tauv_msgs/srv/TuneDynamics.lisp, /home/jiaxi/Projects/aCube/planner/TAUV-ROS-Packages/devel/share/common-lisp/ros/tauv_msgs/srv/TuneDynamics.lisp)
Linked: (/home/jiaxi/Projects/aCube/planner/TAUV-ROS-Packages/devel/.private/tauv_msgs/share/common-lisp/ros/tauv_msgs/srv/UpdateDynamicsParameterConfigs.lisp, /home/jiaxi/Projects/aCube/planner/TAUV-ROS-Packages/devel/share/common-lisp/ros/tauv_msgs/srv/UpdateDynamicsParameterConfigs.lisp)
Linked: (/home/jiaxi/Projects/aCube/planner/TAUV-ROS-Packages/devel/.private/tauv_msgs/share/common-lisp/ros/tauv_msgs/srv/_package_GetTrajectory.lisp, /home/jiaxi/Projects/aCube/planner/TAUV-ROS-Packages/devel/share/common-lisp/ros/tauv_msgs/srv/_package_GetTrajectory.lisp)
Linked: (/home/jiaxi/Projects/aCube/planner/TAUV-ROS-Packages/devel/.private/tauv_msgs/share/common-lisp/ros/tauv_msgs/srv/tauv_msgs-srv.asd, /home/jiaxi/Projects/aCube/planner/TAUV-ROS-Packages/devel/share/common-lisp/ros/tauv_msgs/srv/tauv_msgs-srv.asd)
Linked: (/home/jiaxi/Projects/aCube/planner/TAUV-ROS-Packages/devel/.private/tauv_msgs/share/common-lisp/ros/tauv_msgs/srv/_package_GetCameraInfo.lisp, /home/jiaxi/Projects/aCube/planner/TAUV-ROS-Packages/devel/share/common-lisp/ros/tauv_msgs/srv/_package_GetCameraInfo.lisp)
Linked: (/home/jiaxi/Projects/aCube/planner/TAUV-ROS-Packages/devel/.private/tauv_msgs/share/common-lisp/ros/tauv_msgs/srv/SyncAlarms.lisp, /home/jiaxi/Projects/aCube/planner/TAUV-ROS-Packages/devel/share/common-lisp/ros/tauv_msgs/srv/SyncAlarms.lisp)
Linked: (/home/jiaxi/Projects/aCube/planner/TAUV-ROS-Packages/devel/.private/tauv_msgs/share/common-lisp/ros/tauv_msgs/srv/RunMission.lisp, /home/jiaxi/Projects/aCube/planner/TAUV-ROS-Packages/devel/share/common-lisp/ros/tauv_msgs/srv/RunMission.lisp)
Linked: (/home/jiaxi/Projects/aCube/planner/TAUV-ROS-Packages/devel/.private/tauv_msgs/share/common-lisp/ros/tauv_msgs/srv/_package_SetPose.lisp, /home/jiaxi/Projects/aCube/planner/TAUV-ROS-Packages/devel/share/common-lisp/ros/tauv_msgs/srv/_package_SetPose.lisp)
Linked: (/home/jiaxi/Projects/aCube/planner/TAUV-ROS-Packages/devel/.private/tauv_msgs/share/common-lisp/ros/tauv_msgs/srv/FeatureDetectionsSync.lisp, /home/jiaxi/Projects/aCube/planner/TAUV-ROS-Packages/devel/share/common-lisp/ros/tauv_msgs/srv/FeatureDetectionsSync.lisp)
Linked: (/home/jiaxi/Projects/aCube/planner/TAUV-ROS-Packages/devel/.private/tauv_msgs/share/common-lisp/ros/tauv_msgs/srv/_package_SonarControl.lisp, /home/jiaxi/Projects/aCube/planner/TAUV-ROS-Packages/devel/share/common-lisp/ros/tauv_msgs/srv/_package_SonarControl.lisp)
Linked: (/home/jiaxi/Projects/aCube/planner/TAUV-ROS-Packages/devel/.private/tauv_msgs/share/common-lisp/ros/tauv_msgs/srv/_package_MapFind.lisp, /home/jiaxi/Projects/aCube/planner/TAUV-ROS-Packages/devel/share/common-lisp/ros/tauv_msgs/srv/_package_MapFind.lisp)
Linked: (/home/jiaxi/Projects/aCube/planner/TAUV-ROS-Packages/devel/.private/tauv_msgs/share/common-lisp/ros/tauv_msgs/srv/_package_TunePIDPlanner.lisp, /home/jiaxi/Projects/aCube/planner/TAUV-ROS-Packages/devel/share/common-lisp/ros/tauv_msgs/srv/_package_TunePIDPlanner.lisp)
Linked: (/home/jiaxi/Projects/aCube/planner/TAUV-ROS-Packages/devel/.private/tauv_msgs/share/common-lisp/ros/tauv_msgs/srv/_package_TuneDynamics.lisp, /home/jiaxi/Projects/aCube/planner/TAUV-ROS-Packages/devel/share/common-lisp/ros/tauv_msgs/srv/_package_TuneDynamics.lisp)
Linked: (/home/jiaxi/Projects/aCube/planner/TAUV-ROS-Packages/devel/.private/tauv_msgs/share/common-lisp/ros/tauv_msgs/srv/_package.lisp, /home/jiaxi/Projects/aCube/planner/TAUV-ROS-Packages/devel/share/common-lisp/ros/tauv_msgs/srv/_package.lisp)
Linked: (/home/jiaxi/Projects/aCube/planner/TAUV-ROS-Packages/devel/.private/tauv_msgs/share/common-lisp/ros/tauv_msgs/srv/_package_MapFindClosest.lisp, /home/jiaxi/Projects/aCube/planner/TAUV-ROS-Packages/devel/share/common-lisp/ros/tauv_msgs/srv/_package_MapFindClosest.lisp)
Linked: (/home/jiaxi/Projects/aCube/planner/TAUV-ROS-Packages/devel/.private/tauv_msgs/share/common-lisp/ros/tauv_msgs/srv/SonarControl.lisp, /home/jiaxi/Projects/aCube/planner/TAUV-ROS-Packages/devel/share/common-lisp/ros/tauv_msgs/srv/SonarControl.lisp)
Linked: (/home/jiaxi/Projects/aCube/planner/TAUV-ROS-Packages/devel/.private/tauv_msgs/share/common-lisp/ros/tauv_msgs/srv/MapFindOne.lisp, /home/jiaxi/Projects/aCube/planner/TAUV-ROS-Packages/devel/share/common-lisp/ros/tauv_msgs/srv/MapFindOne.lisp)
Linked: (/home/jiaxi/Projects/aCube/planner/TAUV-ROS-Packages/devel/.private/tauv_msgs/share/common-lisp/ros/tauv_msgs/srv/GetTrajectory.lisp, /home/jiaxi/Projects/aCube/planner/TAUV-ROS-Packages/devel/share/common-lisp/ros/tauv_msgs/srv/GetTrajectory.lisp)
Linked: (/home/jiaxi/Projects/aCube/planner/TAUV-ROS-Packages/devel/.private/tauv_msgs/share/common-lisp/ros/tauv_msgs/srv/_package_UpdateDynamicsParameterConfigs.lisp, /home/jiaxi/Projects/aCube/planner/TAUV-ROS-Packages/devel/share/common-lisp/ros/tauv_msgs/srv/_package_UpdateDynamicsParameterConfigs.lisp)
Linked: (/home/jiaxi/Projects/aCube/planner/TAUV-ROS-Packages/devel/.private/tauv_msgs/share/common-lisp/ros/tauv_msgs/srv/GetCameraInfo.lisp, /home/jiaxi/Projects/aCube/planner/TAUV-ROS-Packages/devel/share/common-lisp/ros/tauv_msgs/srv/GetCameraInfo.lisp)
Linked: (/home/jiaxi/Projects/aCube/planner/TAUV-ROS-Packages/devel/.private/tauv_msgs/share/common-lisp/ros/tauv_msgs/srv/TuneController.lisp, /home/jiaxi/Projects/aCube/planner/TAUV-ROS-Packages/devel/share/common-lisp/ros/tauv_msgs/srv/TuneController.lisp)
Linked: (/home/jiaxi/Projects/aCube/planner/TAUV-ROS-Packages/devel/.private/tauv_msgs/share/common-lisp/ros/tauv_msgs/srv/_package_TuneController.lisp, /home/jiaxi/Projects/aCube/planner/TAUV-ROS-Packages/devel/share/common-lisp/ros/tauv_msgs/srv/_package_TuneController.lisp)
Linked: (/home/jiaxi/Projects/aCube/planner/TAUV-ROS-Packages/devel/.private/tauv_msgs/share/common-lisp/ros/tauv_msgs/srv/_package_RunMission.lisp, /home/jiaxi/Projects/aCube/planner/TAUV-ROS-Packages/devel/share/common-lisp/ros/tauv_msgs/srv/_package_RunMission.lisp)
Linked: (/home/jiaxi/Projects/aCube/planner/TAUV-ROS-Packages/devel/.private/tauv_msgs/share/common-lisp/ros/tauv_msgs/srv/MapFindClosest.lisp, /home/jiaxi/Projects/aCube/planner/TAUV-ROS-Packages/devel/share/common-lisp/ros/tauv_msgs/srv/MapFindClosest.lisp)
Linked: (/home/jiaxi/Projects/aCube/planner/TAUV-ROS-Packages/devel/.private/tauv_msgs/share/common-lisp/ros/tauv_msgs/srv/_package_MapFindOne.lisp, /home/jiaxi/Projects/aCube/planner/TAUV-ROS-Packages/devel/share/common-lisp/ros/tauv_msgs/srv/_package_MapFindOne.lisp)
Linked: (/home/jiaxi/Projects/aCube/planner/TAUV-ROS-Packages/devel/.private/tauv_msgs/share/common-lisp/ros/tauv_msgs/srv/_package_FeatureDetectionsSync.lisp, /home/jiaxi/Projects/aCube/planner/TAUV-ROS-Packages/devel/share/common-lisp/ros/tauv_msgs/srv/_package_FeatureDetectionsSync.lisp)
Linked: (/home/jiaxi/Projects/aCube/planner/TAUV-ROS-Packages/devel/.private/tauv_msgs/share/common-lisp/ros/tauv_msgs/srv/_package_SyncAlarms.lisp, /home/jiaxi/Projects/aCube/planner/TAUV-ROS-Packages/devel/share/common-lisp/ros/tauv_msgs/srv/_package_SyncAlarms.lisp)
Linked: (/home/jiaxi/Projects/aCube/planner/TAUV-ROS-Packages/devel/.private/tauv_msgs/share/common-lisp/ros/tauv_msgs/srv/SetTargetPose.lisp, /home/jiaxi/Projects/aCube/planner/TAUV-ROS-Packages/devel/share/common-lisp/ros/tauv_msgs/srv/SetTargetPose.lisp)
Linked: (/home/jiaxi/Projects/aCube/planner/TAUV-ROS-Packages/devel/.private/tauv_msgs/include/tauv_msgs/GetTrajectoryResponse.h, /home/jiaxi/Projects/aCube/planner/TAUV-ROS-Packages/devel/include/tauv_msgs/GetTrajectoryResponse.h)
Linked: (/home/jiaxi/Projects/aCube/planner/TAUV-ROS-Packages/devel/.private/tauv_msgs/include/tauv_msgs/RunMissionRequest.h, /home/jiaxi/Projects/aCube/planner/TAUV-ROS-Packages/devel/include/tauv_msgs/RunMissionRequest.h)
Linked: (/home/jiaxi/Projects/aCube/planner/TAUV-ROS-Packages/devel/.private/tauv_msgs/include/tauv_msgs/ReadableAlarmReport.h, /home/jiaxi/Projects/aCube/planner/TAUV-ROS-Packages/devel/include/tauv_msgs/ReadableAlarmReport.h)
Linked: (/home/jiaxi/Projects/aCube/planner/TAUV-ROS-Packages/devel/.private/tauv_msgs/include/tauv_msgs/RunMissionResponse.h, /home/jiaxi/Projects/aCube/planner/TAUV-ROS-Packages/devel/include/tauv_msgs/RunMissionResponse.h)
Linked: (/home/jiaxi/Projects/aCube/planner/TAUV-ROS-Packages/devel/.private/tauv_msgs/include/tauv_msgs/Servos.h, /home/jiaxi/Projects/aCube/planner/TAUV-ROS-Packages/devel/include/tauv_msgs/Servos.h)
Linked: (/home/jiaxi/Projects/aCube/planner/TAUV-ROS-Packages/devel/.private/tauv_msgs/include/tauv_msgs/TuneControllerRequest.h, /home/jiaxi/Projects/aCube/planner/TAUV-ROS-Packages/devel/include/tauv_msgs/TuneControllerRequest.h)
Linked: (/home/jiaxi/Projects/aCube/planner/TAUV-ROS-Packages/devel/.private/tauv_msgs/include/tauv_msgs/PIDTuning.h, /home/jiaxi/Projects/aCube/planner/TAUV-ROS-Packages/devel/include/tauv_msgs/PIDTuning.h)
Linked: (/home/jiaxi/Projects/aCube/planner/TAUV-ROS-Packages/devel/.private/tauv_msgs/include/tauv_msgs/PIDDebug.h, /home/jiaxi/Projects/aCube/planner/TAUV-ROS-Packages/devel/include/tauv_msgs/PIDDebug.h)
Linked: (/home/jiaxi/Projects/aCube/planner/TAUV-ROS-Packages/devel/.private/tauv_msgs/include/tauv_msgs/SyncAlarmsRequest.h, /home/jiaxi/Projects/aCube/planner/TAUV-ROS-Packages/devel/include/tauv_msgs/SyncAlarmsRequest.h)
Linked: (/home/jiaxi/Projects/aCube/planner/TAUV-ROS-Packages/devel/.private/tauv_msgs/include/tauv_msgs/MapFindClosestRequest.h, /home/jiaxi/Projects/aCube/planner/TAUV-ROS-Packages/devel/include/tauv_msgs/MapFindClosestRequest.h)
Linked: (/home/jiaxi/Projects/aCube/planner/TAUV-ROS-Packages/devel/.private/tauv_msgs/include/tauv_msgs/SetTargetPose.h, /home/jiaxi/Projects/aCube/planner/TAUV-ROS-Packages/devel/include/tauv_msgs/SetTargetPose.h)
Linked: (/home/jiaxi/Projects/aCube/planner/TAUV-ROS-Packages/devel/.private/tauv_msgs/include/tauv_msgs/MapFindOne.h, /home/jiaxi/Projects/aCube/planner/TAUV-ROS-Packages/devel/include/tauv_msgs/MapFindOne.h)
Linked: (/home/jiaxi/Projects/aCube/planner/TAUV-ROS-Packages/devel/.private/tauv_msgs/include/tauv_msgs/MapFindOneResponse.h, /home/jiaxi/Projects/aCube/planner/TAUV-ROS-Packages/devel/include/tauv_msgs/MapFindOneResponse.h)
Linked: (/home/jiaxi/Projects/aCube/planner/TAUV-ROS-Packages/devel/.private/tauv_msgs/include/tauv_msgs/SetTargetPoseResponse.h, /home/jiaxi/Projects/aCube/planner/TAUV-ROS-Packages/devel/include/tauv_msgs/SetTargetPoseResponse.h)
Linked: (/home/jiaxi/Projects/aCube/planner/TAUV-ROS-Packages/devel/.private/tauv_msgs/include/tauv_msgs/SonarControlResponse.h, /home/jiaxi/Projects/aCube/planner/TAUV-ROS-Packages/devel/include/tauv_msgs/SonarControlResponse.h)
Linked: (/home/jiaxi/Projects/aCube/planner/TAUV-ROS-Packages/devel/.private/tauv_msgs/include/tauv_msgs/TuneDynamics.h, /home/jiaxi/Projects/aCube/planner/TAUV-ROS-Packages/devel/include/tauv_msgs/TuneDynamics.h)
Linked: (/home/jiaxi/Projects/aCube/planner/TAUV-ROS-Packages/devel/.private/tauv_msgs/include/tauv_msgs/RunMission.h, /home/jiaxi/Projects/aCube/planner/TAUV-ROS-Packages/devel/include/tauv_msgs/RunMission.h)
Linked: (/home/jiaxi/Projects/aCube/planner/TAUV-ROS-Packages/devel/.private/tauv_msgs/include/tauv_msgs/XsensImuSync.h, /home/jiaxi/Projects/aCube/planner/TAUV-ROS-Packages/devel/include/tauv_msgs/XsensImuSync.h)
Linked: (/home/jiaxi/Projects/aCube/planner/TAUV-ROS-Packages/devel/.private/tauv_msgs/include/tauv_msgs/UpdateDynamicsParameterConfigsResponse.h, /home/jiaxi/Projects/aCube/planner/TAUV-ROS-Packages/devel/include/tauv_msgs/UpdateDynamicsParameterConfigsResponse.h)
Linked: (/home/jiaxi/Projects/aCube/planner/TAUV-ROS-Packages/devel/.private/tauv_msgs/include/tauv_msgs/SonarControl.h, /home/jiaxi/Projects/aCube/planner/TAUV-ROS-Packages/devel/include/tauv_msgs/SonarControl.h)
Linked: (/home/jiaxi/Projects/aCube/planner/TAUV-ROS-Packages/devel/.private/tauv_msgs/include/tauv_msgs/MapFindClosest.h, /home/jiaxi/Projects/aCube/planner/TAUV-ROS-Packages/devel/include/tauv_msgs/MapFindClosest.h)
Linked: (/home/jiaxi/Projects/aCube/planner/TAUV-ROS-Packages/devel/.private/tauv_msgs/include/tauv_msgs/GetCameraInfoResponse.h, /home/jiaxi/Projects/aCube/planner/TAUV-ROS-Packages/devel/include/tauv_msgs/GetCameraInfoResponse.h)
Linked: (/home/jiaxi/Projects/aCube/planner/TAUV-ROS-Packages/devel/.private/tauv_msgs/include/tauv_msgs/FeatureDetectionsSyncResponse.h, /home/jiaxi/Projects/aCube/planner/TAUV-ROS-Packages/devel/include/tauv_msgs/FeatureDetectionsSyncResponse.h)
Linked: (/home/jiaxi/Projects/aCube/planner/TAUV-ROS-Packages/devel/.private/tauv_msgs/include/tauv_msgs/PIDPlannerDebug.h, /home/jiaxi/Projects/aCube/planner/TAUV-ROS-Packages/devel/include/tauv_msgs/PIDPlannerDebug.h)
Linked: (/home/jiaxi/Projects/aCube/planner/TAUV-ROS-Packages/devel/.private/tauv_msgs/include/tauv_msgs/ControllerDebug.h, /home/jiaxi/Projects/aCube/planner/TAUV-ROS-Packages/devel/include/tauv_msgs/ControllerDebug.h)
Linked: (/home/jiaxi/Projects/aCube/planner/TAUV-ROS-Packages/devel/.private/tauv_msgs/include/tauv_msgs/GateDetection.h, /home/jiaxi/Projects/aCube/planner/TAUV-ROS-Packages/devel/include/tauv_msgs/GateDetection.h)
Linked: (/home/jiaxi/Projects/aCube/planner/TAUV-ROS-Packages/devel/.private/tauv_msgs/include/tauv_msgs/TunePIDPlanner.h, /home/jiaxi/Projects/aCube/planner/TAUV-ROS-Packages/devel/include/tauv_msgs/TunePIDPlanner.h)
Linked: (/home/jiaxi/Projects/aCube/planner/TAUV-ROS-Packages/devel/.private/tauv_msgs/include/tauv_msgs/SonarPulse.h, /home/jiaxi/Projects/aCube/planner/TAUV-ROS-Packages/devel/include/tauv_msgs/SonarPulse.h)
Linked: (/home/jiaxi/Projects/aCube/planner/TAUV-ROS-Packages/devel/.private/tauv_msgs/include/tauv_msgs/TunePIDPlannerRequest.h, /home/jiaxi/Projects/aCube/planner/TAUV-ROS-Packages/devel/include/tauv_msgs/TunePIDPlannerRequest.h)
Linked: (/home/jiaxi/Projects/aCube/planner/TAUV-ROS-Packages/devel/.private/tauv_msgs/include/tauv_msgs/PingDetection.h, /home/jiaxi/Projects/aCube/planner/TAUV-ROS-Packages/devel/include/tauv_msgs/PingDetection.h)
Linked: (/home/jiaxi/Projects/aCube/planner/TAUV-ROS-Packages/devel/.private/tauv_msgs/include/tauv_msgs/MapFindRequest.h, /home/jiaxi/Projects/aCube/planner/TAUV-ROS-Packages/devel/include/tauv_msgs/MapFindRequest.h)
Linked: (/home/jiaxi/Projects/aCube/planner/TAUV-ROS-Packages/devel/.private/tauv_msgs/include/tauv_msgs/TuneDynamicsRequest.h, /home/jiaxi/Projects/aCube/planner/TAUV-ROS-Packages/devel/include/tauv_msgs/TuneDynamicsRequest.h)
Linked: (/home/jiaxi/Projects/aCube/planner/TAUV-ROS-Packages/devel/.private/tauv_msgs/include/tauv_msgs/SyncAlarmsResponse.h, /home/jiaxi/Projects/aCube/planner/TAUV-ROS-Packages/devel/include/tauv_msgs/SyncAlarmsResponse.h)
Symlinking /home/jiaxi/Projects/aCube/planner/TAUV-ROS-Packages/devel/include/tauv_msgs/Ctrl_cmd.h
Linked: (/home/jiaxi/Projects/aCube/planner/TAUV-ROS-Packages/devel/.private/tauv_msgs/include/tauv_msgs/FeatureDetections.h, /home/jiaxi/Projects/aCube/planner/TAUV-ROS-Packages/devel/include/tauv_msgs/FeatureDetections.h)
Linked: (/home/jiaxi/Projects/aCube/planner/TAUV-ROS-Packages/devel/.private/tauv_msgs/include/tauv_msgs/MapFind.h, /home/jiaxi/Projects/aCube/planner/TAUV-ROS-Packages/devel/include/tauv_msgs/MapFind.h)
Linked: (/home/jiaxi/Projects/aCube/planner/TAUV-ROS-Packages/devel/.private/tauv_msgs/include/tauv_msgs/MapFindResponse.h, /home/jiaxi/Projects/aCube/planner/TAUV-ROS-Packages/devel/include/tauv_msgs/MapFindResponse.h)
Linked: (/home/jiaxi/Projects/aCube/planner/TAUV-ROS-Packages/devel/.private/tauv_msgs/include/tauv_msgs/Message.h, /home/jiaxi/Projects/aCube/planner/TAUV-ROS-Packages/devel/include/tauv_msgs/Message.h)
Linked: (/home/jiaxi/Projects/aCube/planner/TAUV-ROS-Packages/devel/.private/tauv_msgs/include/tauv_msgs/GetTrajectoryRequest.h, /home/jiaxi/Projects/aCube/planner/TAUV-ROS-Packages/devel/include/tauv_msgs/GetTrajectoryRequest.h)
Linked: (/home/jiaxi/Projects/aCube/planner/TAUV-ROS-Packages/devel/.private/tauv_msgs/include/tauv_msgs/TrajPoint.h, /home/jiaxi/Projects/aCube/planner/TAUV-ROS-Packages/devel/include/tauv_msgs/TrajPoint.h)
Linked: (/home/jiaxi/Projects/aCube/planner/TAUV-ROS-Packages/devel/.private/tauv_msgs/include/tauv_msgs/MapFindClosestResponse.h, /home/jiaxi/Projects/aCube/planner/TAUV-ROS-Packages/devel/include/tauv_msgs/MapFindClosestResponse.h)
Linked: (/home/jiaxi/Projects/aCube/planner/TAUV-ROS-Packages/devel/.private/tauv_msgs/include/tauv_msgs/TuneDynamicsResponse.h, /home/jiaxi/Projects/aCube/planner/TAUV-ROS-Packages/devel/include/tauv_msgs/TuneDynamicsResponse.h)
Linked: (/home/jiaxi/Projects/aCube/planner/TAUV-ROS-Packages/devel/.private/tauv_msgs/include/tauv_msgs/SetPose.h, /home/jiaxi/Projects/aCube/planner/TAUV-ROS-Packages/devel/include/tauv_msgs/SetPose.h)
Symlinking /home/jiaxi/Projects/aCube/planner/TAUV-ROS-Packages/devel/include/tauv_msgs/Can.h
Linked: (/home/jiaxi/Projects/aCube/planner/TAUV-ROS-Packages/devel/.private/tauv_msgs/include/tauv_msgs/Battery.h, /home/jiaxi/Projects/aCube/planner/TAUV-ROS-Packages/devel/include/tauv_msgs/Battery.h)
Linked: (/home/jiaxi/Projects/aCube/planner/TAUV-ROS-Packages/devel/.private/tauv_msgs/include/tauv_msgs/DynamicsParameterConfigUpdate.h, /home/jiaxi/Projects/aCube/planner/TAUV-ROS-Packages/devel/include/tauv_msgs/DynamicsParameterConfigUpdate.h)
Linked: (/home/jiaxi/Projects/aCube/planner/TAUV-ROS-Packages/devel/.private/tauv_msgs/include/tauv_msgs/AlarmWithMessage.h, /home/jiaxi/Projects/aCube/planner/TAUV-ROS-Packages/devel/include/tauv_msgs/AlarmWithMessage.h)
Linked: (/home/jiaxi/Projects/aCube/planner/TAUV-ROS-Packages/devel/.private/tauv_msgs/include/tauv_msgs/SetTargetPoseRequest.h, /home/jiaxi/Projects/aCube/planner/TAUV-ROS-Packages/devel/include/tauv_msgs/SetTargetPoseRequest.h)
Linked: (/home/jiaxi/Projects/aCube/planner/TAUV-ROS-Packages/devel/.private/tauv_msgs/include/tauv_msgs/FeatureDetectionsSyncRequest.h, /home/jiaxi/Projects/aCube/planner/TAUV-ROS-Packages/devel/include/tauv_msgs/FeatureDetectionsSyncRequest.h)
Linked: (/home/jiaxi/Projects/aCube/planner/TAUV-ROS-Packages/devel/.private/tauv_msgs/include/tauv_msgs/GetCameraInfoRequest.h, /home/jiaxi/Projects/aCube/planner/TAUV-ROS-Packages/devel/include/tauv_msgs/GetCameraInfoRequest.h)
Linked: (/home/jiaxi/Projects/aCube/planner/TAUV-ROS-Packages/devel/.private/tauv_msgs/include/tauv_msgs/SetPoseResponse.h, /home/jiaxi/Projects/aCube/planner/TAUV-ROS-Packages/devel/include/tauv_msgs/SetPoseResponse.h)
Linked: (/home/jiaxi/Projects/aCube/planner/TAUV-ROS-Packages/devel/.private/tauv_msgs/include/tauv_msgs/SetPoseRequest.h, /home/jiaxi/Projects/aCube/planner/TAUV-ROS-Packages/devel/include/tauv_msgs/SetPoseRequest.h)
Linked: (/home/jiaxi/Projects/aCube/planner/TAUV-ROS-Packages/devel/.private/tauv_msgs/include/tauv_msgs/FeatureDetectionsSync.h, /home/jiaxi/Projects/aCube/planner/TAUV-ROS-Packages/devel/include/tauv_msgs/FeatureDetectionsSync.h)
Linked: (/home/jiaxi/Projects/aCube/planner/TAUV-ROS-Packages/devel/.private/tauv_msgs/include/tauv_msgs/FeatureDetection.h, /home/jiaxi/Projects/aCube/planner/TAUV-ROS-Packages/devel/include/tauv_msgs/FeatureDetection.h)
Linked: (/home/jiaxi/Projects/aCube/planner/TAUV-ROS-Packages/devel/.private/tauv_msgs/include/tauv_msgs/SyncAlarms.h, /home/jiaxi/Projects/aCube/planner/TAUV-ROS-Packages/devel/include/tauv_msgs/SyncAlarms.h)
Linked: (/home/jiaxi/Projects/aCube/planner/TAUV-ROS-Packages/devel/.private/tauv_msgs/include/tauv_msgs/MapFindOneRequest.h, /home/jiaxi/Projects/aCube/planner/TAUV-ROS-Packages/devel/include/tauv_msgs/MapFindOneRequest.h)
Linked: (/home/jiaxi/Projects/aCube/planner/TAUV-ROS-Packages/devel/.private/tauv_msgs/include/tauv_msgs/FluidDepth.h, /home/jiaxi/Projects/aCube/planner/TAUV-ROS-Packages/devel/include/tauv_msgs/FluidDepth.h)
Linked: (/home/jiaxi/Projects/aCube/planner/TAUV-ROS-Packages/devel/.private/tauv_msgs/include/tauv_msgs/TuneControllerResponse.h, /home/jiaxi/Projects/aCube/planner/TAUV-ROS-Packages/devel/include/tauv_msgs/TuneControllerResponse.h)
Linked: (/home/jiaxi/Projects/aCube/planner/TAUV-ROS-Packages/devel/.private/tauv_msgs/include/tauv_msgs/AlarmReport.h, /home/jiaxi/Projects/aCube/planner/TAUV-ROS-Packages/devel/include/tauv_msgs/AlarmReport.h)
Linked: (/home/jiaxi/Projects/aCube/planner/TAUV-ROS-Packages/devel/.private/tauv_msgs/include/tauv_msgs/TuneController.h, /home/jiaxi/Projects/aCube/planner/TAUV-ROS-Packages/devel/include/tauv_msgs/TuneController.h)
Linked: (/home/jiaxi/Projects/aCube/planner/TAUV-ROS-Packages/devel/.private/tauv_msgs/include/tauv_msgs/GetTrajectory.h, /home/jiaxi/Projects/aCube/planner/TAUV-ROS-Packages/devel/include/tauv_msgs/GetTrajectory.h)
Linked: (/home/jiaxi/Projects/aCube/planner/TAUV-ROS-Packages/devel/.private/tauv_msgs/include/tauv_msgs/TeledyneDvlData.h, /home/jiaxi/Projects/aCube/planner/TAUV-ROS-Packages/devel/include/tauv_msgs/TeledyneDvlData.h)
Linked: (/home/jiaxi/Projects/aCube/planner/TAUV-ROS-Packages/devel/.private/tauv_msgs/include/tauv_msgs/DynamicsTuning.h, /home/jiaxi/Projects/aCube/planner/TAUV-ROS-Packages/devel/include/tauv_msgs/DynamicsTuning.h)
Linked: (/home/jiaxi/Projects/aCube/planner/TAUV-ROS-Packages/devel/.private/tauv_msgs/include/tauv_msgs/Thrust.h, /home/jiaxi/Projects/aCube/planner/TAUV-ROS-Packages/devel/include/tauv_msgs/Thrust.h)
Linked: (/home/jiaxi/Projects/aCube/planner/TAUV-ROS-Packages/devel/.private/tauv_msgs/include/tauv_msgs/XsensImuData.h, /home/jiaxi/Projects/aCube/planner/TAUV-ROS-Packages/devel/include/tauv_msgs/XsensImuData.h)
Linked: (/home/jiaxi/Projects/aCube/planner/TAUV-ROS-Packages/devel/.private/tauv_msgs/include/tauv_msgs/SonarControlRequest.h, /home/jiaxi/Projects/aCube/planner/TAUV-ROS-Packages/devel/include/tauv_msgs/SonarControlRequest.h)
Linked: (/home/jiaxi/Projects/aCube/planner/TAUV-ROS-Packages/devel/.private/tauv_msgs/include/tauv_msgs/UpdateDynamicsParameterConfigsRequest.h, /home/jiaxi/Projects/aCube/planner/TAUV-ROS-Packages/devel/include/tauv_msgs/UpdateDynamicsParameterConfigsRequest.h)
Linked: (/home/jiaxi/Projects/aCube/planner/TAUV-ROS-Packages/devel/.private/tauv_msgs/include/tauv_msgs/TunePIDPlannerResponse.h, /home/jiaxi/Projects/aCube/planner/TAUV-ROS-Packages/devel/include/tauv_msgs/TunePIDPlannerResponse.h)
Linked: (/home/jiaxi/Projects/aCube/planner/TAUV-ROS-Packages/devel/.private/tauv_msgs/include/tauv_msgs/NavigationState.h, /home/jiaxi/Projects/aCube/planner/TAUV-ROS-Packages/devel/include/tauv_msgs/NavigationState.h)
Linked: (/home/jiaxi/Projects/aCube/planner/TAUV-ROS-Packages/devel/.private/tauv_msgs/include/tauv_msgs/ControllerCommand.h, /home/jiaxi/Projects/aCube/planner/TAUV-ROS-Packages/devel/include/tauv_msgs/ControllerCommand.h)
Linked: (/home/jiaxi/Projects/aCube/planner/TAUV-ROS-Packages/devel/.private/tauv_msgs/include/tauv_msgs/GetCameraInfo.h, /home/jiaxi/Projects/aCube/planner/TAUV-ROS-Packages/devel/include/tauv_msgs/GetCameraInfo.h)
Linked: (/home/jiaxi/Projects/aCube/planner/TAUV-ROS-Packages/devel/.private/tauv_msgs/include/tauv_msgs/UpdateDynamicsParameterConfigs.h, /home/jiaxi/Projects/aCube/planner/TAUV-ROS-Packages/devel/include/tauv_msgs/UpdateDynamicsParameterConfigs.h)
Linked: (/home/jiaxi/Projects/aCube/planner/TAUV-ROS-Packages/devel/.private/tauv_msgs/include/tauv_msgs/DynamicsParametersEstimate.h, /home/jiaxi/Projects/aCube/planner/TAUV-ROS-Packages/devel/include/tauv_msgs/DynamicsParametersEstimate.h)
Linked: (/home/jiaxi/Projects/aCube/planner/TAUV-ROS-Packages/devel/.private/tauv_msgs/include/tauv_msgs/PoseGraphMeasurement.h, /home/jiaxi/Projects/aCube/planner/TAUV-ROS-Packages/devel/include/tauv_msgs/PoseGraphMeasurement.h)
Linked: (/home/jiaxi/Projects/aCube/planner/TAUV-ROS-Packages/devel/.private/tauv_msgs/include/tauv_msgs/RegisterMeasurement.h, /home/jiaxi/Projects/aCube/planner/TAUV-ROS-Packages/devel/include/tauv_msgs/RegisterMeasurement.h)
Linked: (/home/jiaxi/Projects/aCube/planner/TAUV-ROS-Packages/devel/.private/tauv_msgs/lib/python3/dist-packages/tauv_msgs/__init__.py, /home/jiaxi/Projects/aCube/planner/TAUV-ROS-Packages/devel/lib/python3/dist-packages/tauv_msgs/__init__.py)
Linked: (/home/jiaxi/Projects/aCube/planner/TAUV-ROS-Packages/devel/.private/tauv_msgs/lib/python3/dist-packages/tauv_msgs/msg/_DynamicsTuning.py, /home/jiaxi/Projects/aCube/planner/TAUV-ROS-Packages/devel/lib/python3/dist-packages/tauv_msgs/msg/_DynamicsTuning.py)
Linked: (/home/jiaxi/Projects/aCube/planner/TAUV-ROS-Packages/devel/.private/tauv_msgs/lib/python3/dist-packages/tauv_msgs/msg/_FeatureDetections.py, /home/jiaxi/Projects/aCube/planner/TAUV-ROS-Packages/devel/lib/python3/dist-packages/tauv_msgs/msg/_FeatureDetections.py)
Linked: (/home/jiaxi/Projects/aCube/planner/TAUV-ROS-Packages/devel/.private/tauv_msgs/lib/python3/dist-packages/tauv_msgs/msg/_ControllerDebug.py, /home/jiaxi/Projects/aCube/planner/TAUV-ROS-Packages/devel/lib/python3/dist-packages/tauv_msgs/msg/_ControllerDebug.py)
Linked: (/home/jiaxi/Projects/aCube/planner/TAUV-ROS-Packages/devel/.private/tauv_msgs/lib/python3/dist-packages/tauv_msgs/msg/_DynamicsParametersEstimate.py, /home/jiaxi/Projects/aCube/planner/TAUV-ROS-Packages/devel/lib/python3/dist-packages/tauv_msgs/msg/_DynamicsParametersEstimate.py)
Symlinking /home/jiaxi/Projects/aCube/planner/TAUV-ROS-Packages/devel/lib/python3/dist-packages/tauv_msgs/msg/_Ctrl_cmd.py
Symlinking /home/jiaxi/Projects/aCube/planner/TAUV-ROS-Packages/devel/lib/python3/dist-packages/tauv_msgs/msg/_Can.py
Linked: (/home/jiaxi/Projects/aCube/planner/TAUV-ROS-Packages/devel/.private/tauv_msgs/lib/python3/dist-packages/tauv_msgs/msg/_GateDetection.py, /home/jiaxi/Projects/aCube/planner/TAUV-ROS-Packages/devel/lib/python3/dist-packages/tauv_msgs/msg/_GateDetection.py)
Linked: (/home/jiaxi/Projects/aCube/planner/TAUV-ROS-Packages/devel/.private/tauv_msgs/lib/python3/dist-packages/tauv_msgs/msg/_SonarPulse.py, /home/jiaxi/Projects/aCube/planner/TAUV-ROS-Packages/devel/lib/python3/dist-packages/tauv_msgs/msg/_SonarPulse.py)
Linked: (/home/jiaxi/Projects/aCube/planner/TAUV-ROS-Packages/devel/.private/tauv_msgs/lib/python3/dist-packages/tauv_msgs/msg/_Battery.py, /home/jiaxi/Projects/aCube/planner/TAUV-ROS-Packages/devel/lib/python3/dist-packages/tauv_msgs/msg/_Battery.py)
Linked: (/home/jiaxi/Projects/aCube/planner/TAUV-ROS-Packages/devel/.private/tauv_msgs/lib/python3/dist-packages/tauv_msgs/msg/_Thrust.py, /home/jiaxi/Projects/aCube/planner/TAUV-ROS-Packages/devel/lib/python3/dist-packages/tauv_msgs/msg/_Thrust.py)
Linked: (/home/jiaxi/Projects/aCube/planner/TAUV-ROS-Packages/devel/.private/tauv_msgs/lib/python3/dist-packages/tauv_msgs/msg/_XsensImuSync.py, /home/jiaxi/Projects/aCube/planner/TAUV-ROS-Packages/devel/lib/python3/dist-packages/tauv_msgs/msg/_XsensImuSync.py)
Linked: (/home/jiaxi/Projects/aCube/planner/TAUV-ROS-Packages/devel/.private/tauv_msgs/lib/python3/dist-packages/tauv_msgs/msg/_RegisterMeasurement.py, /home/jiaxi/Projects/aCube/planner/TAUV-ROS-Packages/devel/lib/python3/dist-packages/tauv_msgs/msg/_RegisterMeasurement.py)
Linked: (/home/jiaxi/Projects/aCube/planner/TAUV-ROS-Packages/devel/.private/tauv_msgs/lib/python3/dist-packages/tauv_msgs/msg/__init__.py, /home/jiaxi/Projects/aCube/planner/TAUV-ROS-Packages/devel/lib/python3/dist-packages/tauv_msgs/msg/__init__.py)
Linked: (/home/jiaxi/Projects/aCube/planner/TAUV-ROS-Packages/devel/.private/tauv_msgs/lib/python3/dist-packages/tauv_msgs/msg/_DynamicsParameterConfigUpdate.py, /home/jiaxi/Projects/aCube/planner/TAUV-ROS-Packages/devel/lib/python3/dist-packages/tauv_msgs/msg/_DynamicsParameterConfigUpdate.py)
Linked: (/home/jiaxi/Projects/aCube/planner/TAUV-ROS-Packages/devel/.private/tauv_msgs/lib/python3/dist-packages/tauv_msgs/msg/_AlarmReport.py, /home/jiaxi/Projects/aCube/planner/TAUV-ROS-Packages/devel/lib/python3/dist-packages/tauv_msgs/msg/_AlarmReport.py)
Linked: (/home/jiaxi/Projects/aCube/planner/TAUV-ROS-Packages/devel/.private/tauv_msgs/lib/python3/dist-packages/tauv_msgs/msg/_PingDetection.py, /home/jiaxi/Projects/aCube/planner/TAUV-ROS-Packages/devel/lib/python3/dist-packages/tauv_msgs/msg/_PingDetection.py)
Linked: (/home/jiaxi/Projects/aCube/planner/TAUV-ROS-Packages/devel/.private/tauv_msgs/lib/python3/dist-packages/tauv_msgs/msg/_ReadableAlarmReport.py, /home/jiaxi/Projects/aCube/planner/TAUV-ROS-Packages/devel/lib/python3/dist-packages/tauv_msgs/msg/_ReadableAlarmReport.py)
Linked: (/home/jiaxi/Projects/aCube/planner/TAUV-ROS-Packages/devel/.private/tauv_msgs/lib/python3/dist-packages/tauv_msgs/msg/_PIDDebug.py, /home/jiaxi/Projects/aCube/planner/TAUV-ROS-Packages/devel/lib/python3/dist-packages/tauv_msgs/msg/_PIDDebug.py)
Linked: (/home/jiaxi/Projects/aCube/planner/TAUV-ROS-Packages/devel/.private/tauv_msgs/lib/python3/dist-packages/tauv_msgs/msg/_PIDTuning.py, /home/jiaxi/Projects/aCube/planner/TAUV-ROS-Packages/devel/lib/python3/dist-packages/tauv_msgs/msg/_PIDTuning.py)
Linked: (/home/jiaxi/Projects/aCube/planner/TAUV-ROS-Packages/devel/.private/tauv_msgs/lib/python3/dist-packages/tauv_msgs/msg/_FluidDepth.py, /home/jiaxi/Projects/aCube/planner/TAUV-ROS-Packages/devel/lib/python3/dist-packages/tauv_msgs/msg/_FluidDepth.py)
Linked: (/home/jiaxi/Projects/aCube/planner/TAUV-ROS-Packages/devel/.private/tauv_msgs/lib/python3/dist-packages/tauv_msgs/msg/_PIDPlannerDebug.py, /home/jiaxi/Projects/aCube/planner/TAUV-ROS-Packages/devel/lib/python3/dist-packages/tauv_msgs/msg/_PIDPlannerDebug.py)
Linked: (/home/jiaxi/Projects/aCube/planner/TAUV-ROS-Packages/devel/.private/tauv_msgs/lib/python3/dist-packages/tauv_msgs/msg/_TrajPoint.py, /home/jiaxi/Projects/aCube/planner/TAUV-ROS-Packages/devel/lib/python3/dist-packages/tauv_msgs/msg/_TrajPoint.py)
Linked: (/home/jiaxi/Projects/aCube/planner/TAUV-ROS-Packages/devel/.private/tauv_msgs/lib/python3/dist-packages/tauv_msgs/msg/_AlarmWithMessage.py, /home/jiaxi/Projects/aCube/planner/TAUV-ROS-Packages/devel/lib/python3/dist-packages/tauv_msgs/msg/_AlarmWithMessage.py)
Linked: (/home/jiaxi/Projects/aCube/planner/TAUV-ROS-Packages/devel/.private/tauv_msgs/lib/python3/dist-packages/tauv_msgs/msg/_Message.py, /home/jiaxi/Projects/aCube/planner/TAUV-ROS-Packages/devel/lib/python3/dist-packages/tauv_msgs/msg/_Message.py)
Linked: (/home/jiaxi/Projects/aCube/planner/TAUV-ROS-Packages/devel/.private/tauv_msgs/lib/python3/dist-packages/tauv_msgs/msg/_ControllerCommand.py, /home/jiaxi/Projects/aCube/planner/TAUV-ROS-Packages/devel/lib/python3/dist-packages/tauv_msgs/msg/_ControllerCommand.py)
Linked: (/home/jiaxi/Projects/aCube/planner/TAUV-ROS-Packages/devel/.private/tauv_msgs/lib/python3/dist-packages/tauv_msgs/msg/_Servos.py, /home/jiaxi/Projects/aCube/planner/TAUV-ROS-Packages/devel/lib/python3/dist-packages/tauv_msgs/msg/_Servos.py)
Linked: (/home/jiaxi/Projects/aCube/planner/TAUV-ROS-Packages/devel/.private/tauv_msgs/lib/python3/dist-packages/tauv_msgs/msg/_FeatureDetection.py, /home/jiaxi/Projects/aCube/planner/TAUV-ROS-Packages/devel/lib/python3/dist-packages/tauv_msgs/msg/_FeatureDetection.py)
Linked: (/home/jiaxi/Projects/aCube/planner/TAUV-ROS-Packages/devel/.private/tauv_msgs/lib/python3/dist-packages/tauv_msgs/msg/_XsensImuData.py, /home/jiaxi/Projects/aCube/planner/TAUV-ROS-Packages/devel/lib/python3/dist-packages/tauv_msgs/msg/_XsensImuData.py)
Linked: (/home/jiaxi/Projects/aCube/planner/TAUV-ROS-Packages/devel/.private/tauv_msgs/lib/python3/dist-packages/tauv_msgs/msg/_NavigationState.py, /home/jiaxi/Projects/aCube/planner/TAUV-ROS-Packages/devel/lib/python3/dist-packages/tauv_msgs/msg/_NavigationState.py)
Linked: (/home/jiaxi/Projects/aCube/planner/TAUV-ROS-Packages/devel/.private/tauv_msgs/lib/python3/dist-packages/tauv_msgs/msg/_PoseGraphMeasurement.py, /home/jiaxi/Projects/aCube/planner/TAUV-ROS-Packages/devel/lib/python3/dist-packages/tauv_msgs/msg/_PoseGraphMeasurement.py)
Linked: (/home/jiaxi/Projects/aCube/planner/TAUV-ROS-Packages/devel/.private/tauv_msgs/lib/python3/dist-packages/tauv_msgs/msg/_TeledyneDvlData.py, /home/jiaxi/Projects/aCube/planner/TAUV-ROS-Packages/devel/lib/python3/dist-packages/tauv_msgs/msg/_TeledyneDvlData.py)
Linked: (/home/jiaxi/Projects/aCube/planner/TAUV-ROS-Packages/devel/.private/tauv_msgs/lib/python3/dist-packages/tauv_msgs/srv/_SonarControl.py, /home/jiaxi/Projects/aCube/planner/TAUV-ROS-Packages/devel/lib/python3/dist-packages/tauv_msgs/srv/_SonarControl.py)
Linked: (/home/jiaxi/Projects/aCube/planner/TAUV-ROS-Packages/devel/.private/tauv_msgs/lib/python3/dist-packages/tauv_msgs/srv/_UpdateDynamicsParameterConfigs.py, /home/jiaxi/Projects/aCube/planner/TAUV-ROS-Packages/devel/lib/python3/dist-packages/tauv_msgs/srv/_UpdateDynamicsParameterConfigs.py)
Linked: (/home/jiaxi/Projects/aCube/planner/TAUV-ROS-Packages/devel/.private/tauv_msgs/lib/python3/dist-packages/tauv_msgs/srv/_GetCameraInfo.py, /home/jiaxi/Projects/aCube/planner/TAUV-ROS-Packages/devel/lib/python3/dist-packages/tauv_msgs/srv/_GetCameraInfo.py)
Linked: (/home/jiaxi/Projects/aCube/planner/TAUV-ROS-Packages/devel/.private/tauv_msgs/lib/python3/dist-packages/tauv_msgs/srv/_SetPose.py, /home/jiaxi/Projects/aCube/planner/TAUV-ROS-Packages/devel/lib/python3/dist-packages/tauv_msgs/srv/_SetPose.py)
Linked: (/home/jiaxi/Projects/aCube/planner/TAUV-ROS-Packages/devel/.private/tauv_msgs/lib/python3/dist-packages/tauv_msgs/srv/_SyncAlarms.py, /home/jiaxi/Projects/aCube/planner/TAUV-ROS-Packages/devel/lib/python3/dist-packages/tauv_msgs/srv/_SyncAlarms.py)
Linked: (/home/jiaxi/Projects/aCube/planner/TAUV-ROS-Packages/devel/.private/tauv_msgs/lib/python3/dist-packages/tauv_msgs/srv/_GetTrajectory.py, /home/jiaxi/Projects/aCube/planner/TAUV-ROS-Packages/devel/lib/python3/dist-packages/tauv_msgs/srv/_GetTrajectory.py)
Linked: (/home/jiaxi/Projects/aCube/planner/TAUV-ROS-Packages/devel/.private/tauv_msgs/lib/python3/dist-packages/tauv_msgs/srv/_FeatureDetectionsSync.py, /home/jiaxi/Projects/aCube/planner/TAUV-ROS-Packages/devel/lib/python3/dist-packages/tauv_msgs/srv/_FeatureDetectionsSync.py)
Linked: (/home/jiaxi/Projects/aCube/planner/TAUV-ROS-Packages/devel/.private/tauv_msgs/lib/python3/dist-packages/tauv_msgs/srv/_TunePIDPlanner.py, /home/jiaxi/Projects/aCube/planner/TAUV-ROS-Packages/devel/lib/python3/dist-packages/tauv_msgs/srv/_TunePIDPlanner.py)
Linked: (/home/jiaxi/Projects/aCube/planner/TAUV-ROS-Packages/devel/.private/tauv_msgs/lib/python3/dist-packages/tauv_msgs/srv/_MapFind.py, /home/jiaxi/Projects/aCube/planner/TAUV-ROS-Packages/devel/lib/python3/dist-packages/tauv_msgs/srv/_MapFind.py)
Linked: (/home/jiaxi/Projects/aCube/planner/TAUV-ROS-Packages/devel/.private/tauv_msgs/lib/python3/dist-packages/tauv_msgs/srv/_SetTargetPose.py, /home/jiaxi/Projects/aCube/planner/TAUV-ROS-Packages/devel/lib/python3/dist-packages/tauv_msgs/srv/_SetTargetPose.py)
Linked: (/home/jiaxi/Projects/aCube/planner/TAUV-ROS-Packages/devel/.private/tauv_msgs/lib/python3/dist-packages/tauv_msgs/srv/__init__.py, /home/jiaxi/Projects/aCube/planner/TAUV-ROS-Packages/devel/lib/python3/dist-packages/tauv_msgs/srv/__init__.py)
Linked: (/home/jiaxi/Projects/aCube/planner/TAUV-ROS-Packages/devel/.private/tauv_msgs/lib/python3/dist-packages/tauv_msgs/srv/_RunMission.py, /home/jiaxi/Projects/aCube/planner/TAUV-ROS-Packages/devel/lib/python3/dist-packages/tauv_msgs/srv/_RunMission.py)
Linked: (/home/jiaxi/Projects/aCube/planner/TAUV-ROS-Packages/devel/.private/tauv_msgs/lib/python3/dist-packages/tauv_msgs/srv/_MapFindClosest.py, /home/jiaxi/Projects/aCube/planner/TAUV-ROS-Packages/devel/lib/python3/dist-packages/tauv_msgs/srv/_MapFindClosest.py)
Linked: (/home/jiaxi/Projects/aCube/planner/TAUV-ROS-Packages/devel/.private/tauv_msgs/lib/python3/dist-packages/tauv_msgs/srv/_TuneDynamics.py, /home/jiaxi/Projects/aCube/planner/TAUV-ROS-Packages/devel/lib/python3/dist-packages/tauv_msgs/srv/_TuneDynamics.py)
Linked: (/home/jiaxi/Projects/aCube/planner/TAUV-ROS-Packages/devel/.private/tauv_msgs/lib/python3/dist-packages/tauv_msgs/srv/_TuneController.py, /home/jiaxi/Projects/aCube/planner/TAUV-ROS-Packages/devel/lib/python3/dist-packages/tauv_msgs/srv/_TuneController.py)
Linked: (/home/jiaxi/Projects/aCube/planner/TAUV-ROS-Packages/devel/.private/tauv_msgs/lib/python3/dist-packages/tauv_msgs/srv/_MapFindOne.py, /home/jiaxi/Projects/aCube/planner/TAUV-ROS-Packages/devel/lib/python3/dist-packages/tauv_msgs/srv/_MapFindOne.py)
Linked: (/home/jiaxi/Projects/aCube/planner/TAUV-ROS-Packages/devel/.private/tauv_msgs/lib/pkgconfig/tauv_msgs.pc, /home/jiaxi/Projects/aCube/planner/TAUV-ROS-Packages/devel/lib/pkgconfig/tauv_msgs.pc)
