Symlinking /home/jiaxi/Projects/aCube/planner/TAUV-ROS-Packages/devel/share/roseus/ros/tauv_common/manifest.l
Symlinking /home/jiaxi/Projects/aCube/planner/TAUV-ROS-Packages/devel/share/roseus/ros/tauv_common/srv/SetThrusterManagerConfig.l
Symlinking /home/jiaxi/Projects/aCube/planner/TAUV-ROS-Packages/devel/share/roseus/ros/tauv_common/srv/GetThrusterCurve.l
Symlinking /home/jiaxi/Projects/aCube/planner/TAUV-ROS-Packages/devel/share/roseus/ros/tauv_common/srv/ThrusterManagerInfo.l
Symlinking /home/jiaxi/Projects/aCube/planner/TAUV-ROS-Packages/devel/share/roseus/ros/tauv_common/srv/GetThrusterManagerConfig.l
Symlinking /home/jiaxi/Projects/aCube/planner/TAUV-ROS-Packages/devel/share/tauv_common/cmake/tauv_common-msg-extras.cmake
Symlinking /home/jiaxi/Projects/aCube/planner/TAUV-ROS-Packages/devel/share/tauv_common/cmake/tauv_commonConfig.cmake
Symlinking /home/jiaxi/Projects/aCube/planner/TAUV-ROS-Packages/devel/share/tauv_common/cmake/tauv_commonConfig-version.cmake
Symlinking /home/jiaxi/Projects/aCube/planner/TAUV-ROS-Packages/devel/share/tauv_common/cmake/tauv_common-msg-paths.cmake
Symlinking /home/jiaxi/Projects/aCube/planner/TAUV-ROS-Packages/devel/share/gennodejs/ros/tauv_common/_index.js
Symlinking /home/jiaxi/Projects/aCube/planner/TAUV-ROS-Packages/devel/share/gennodejs/ros/tauv_common/srv/SetThrusterManagerConfig.js
Symlinking /home/jiaxi/Projects/aCube/planner/TAUV-ROS-Packages/devel/share/gennodejs/ros/tauv_common/srv/GetThrusterCurve.js
Symlinking /home/jiaxi/Projects/aCube/planner/TAUV-ROS-Packages/devel/share/gennodejs/ros/tauv_common/srv/ThrusterManagerInfo.js
Symlinking /home/jiaxi/Projects/aCube/planner/TAUV-ROS-Packages/devel/share/gennodejs/ros/tauv_common/srv/GetThrusterManagerConfig.js
Symlinking /home/jiaxi/Projects/aCube/planner/TAUV-ROS-Packages/devel/share/gennodejs/ros/tauv_common/srv/_index.js
Symlinking /home/jiaxi/Projects/aCube/planner/TAUV-ROS-Packages/devel/share/common-lisp/ros/tauv_common/srv/_package_GetThrusterCurve.lisp
Symlinking /home/jiaxi/Projects/aCube/planner/TAUV-ROS-Packages/devel/share/common-lisp/ros/tauv_common/srv/SetThrusterManagerConfig.lisp
Symlinking /home/jiaxi/Projects/aCube/planner/TAUV-ROS-Packages/devel/share/common-lisp/ros/tauv_common/srv/_package_SetThrusterManagerConfig.lisp
Symlinking /home/jiaxi/Projects/aCube/planner/TAUV-ROS-Packages/devel/share/common-lisp/ros/tauv_common/srv/_package_GetThrusterManagerConfig.lisp
Symlinking /home/jiaxi/Projects/aCube/planner/TAUV-ROS-Packages/devel/share/common-lisp/ros/tauv_common/srv/tauv_common-srv.asd
Symlinking /home/jiaxi/Projects/aCube/planner/TAUV-ROS-Packages/devel/share/common-lisp/ros/tauv_common/srv/_package_ThrusterManagerInfo.lisp
Symlinking /home/jiaxi/Projects/aCube/planner/TAUV-ROS-Packages/devel/share/common-lisp/ros/tauv_common/srv/_package.lisp
Symlinking /home/jiaxi/Projects/aCube/planner/TAUV-ROS-Packages/devel/share/common-lisp/ros/tauv_common/srv/GetThrusterCurve.lisp
Symlinking /home/jiaxi/Projects/aCube/planner/TAUV-ROS-Packages/devel/share/common-lisp/ros/tauv_common/srv/ThrusterManagerInfo.lisp
Symlinking /home/jiaxi/Projects/aCube/planner/TAUV-ROS-Packages/devel/share/common-lisp/ros/tauv_common/srv/GetThrusterManagerConfig.lisp
Symlinking /home/jiaxi/Projects/aCube/planner/TAUV-ROS-Packages/devel/include/tauv_common/GetThrusterCurve.h
Symlinking /home/jiaxi/Projects/aCube/planner/TAUV-ROS-Packages/devel/include/tauv_common/ThrusterManagerInfo.h
Symlinking /home/jiaxi/Projects/aCube/planner/TAUV-ROS-Packages/devel/include/tauv_common/GetThrusterManagerConfigRequest.h
Symlinking /home/jiaxi/Projects/aCube/planner/TAUV-ROS-Packages/devel/include/tauv_common/GetThrusterCurveResponse.h
Symlinking /home/jiaxi/Projects/aCube/planner/TAUV-ROS-Packages/devel/include/tauv_common/SetThrusterManagerConfig.h
Symlinking /home/jiaxi/Projects/aCube/planner/TAUV-ROS-Packages/devel/include/tauv_common/GetThrusterCurveRequest.h
Symlinking /home/jiaxi/Projects/aCube/planner/TAUV-ROS-Packages/devel/include/tauv_common/SetThrusterManagerConfigResponse.h
Symlinking /home/jiaxi/Projects/aCube/planner/TAUV-ROS-Packages/devel/include/tauv_common/GetThrusterManagerConfigResponse.h
Symlinking /home/jiaxi/Projects/aCube/planner/TAUV-ROS-Packages/devel/include/tauv_common/GetThrusterManagerConfig.h
Symlinking /home/jiaxi/Projects/aCube/planner/TAUV-ROS-Packages/devel/include/tauv_common/ThrusterManagerInfoRequest.h
Symlinking /home/jiaxi/Projects/aCube/planner/TAUV-ROS-Packages/devel/include/tauv_common/SetThrusterManagerConfigRequest.h
Symlinking /home/jiaxi/Projects/aCube/planner/TAUV-ROS-Packages/devel/include/tauv_common/ThrusterManagerInfoResponse.h
Symlinking /home/jiaxi/Projects/aCube/planner/TAUV-ROS-Packages/devel/bin/retare_sub_position
Symlinking /home/jiaxi/Projects/aCube/planner/TAUV-ROS-Packages/devel/bin/thruster_allocator
Symlinking /home/jiaxi/Projects/aCube/planner/TAUV-ROS-Packages/devel/bin/detector_bucket
Symlinking /home/jiaxi/Projects/aCube/planner/TAUV-ROS-Packages/devel/bin/bucket_to_tf
Symlinking /home/jiaxi/Projects/aCube/planner/TAUV-ROS-Packages/devel/bin/keyboard_planner
Symlinking /home/jiaxi/Projects/aCube/planner/TAUV-ROS-Packages/devel/bin/teleop_planner
Symlinking /home/jiaxi/Projects/aCube/planner/TAUV-ROS-Packages/devel/bin/albatross_state_estimation
Symlinking /home/jiaxi/Projects/aCube/planner/TAUV-ROS-Packages/devel/bin/alarm_server
Symlinking /home/jiaxi/Projects/aCube/planner/TAUV-ROS-Packages/devel/bin/darknet_transformer
Symlinking /home/jiaxi/Projects/aCube/planner/TAUV-ROS-Packages/devel/bin/mpc_planner
Symlinking /home/jiaxi/Projects/aCube/planner/TAUV-ROS-Packages/devel/bin/depth_estimation
Symlinking /home/jiaxi/Projects/aCube/planner/TAUV-ROS-Packages/devel/bin/message_printer
Symlinking /home/jiaxi/Projects/aCube/planner/TAUV-ROS-Packages/devel/bin/dynamics_parameter_estimator
Symlinking /home/jiaxi/Projects/aCube/planner/TAUV-ROS-Packages/devel/bin/shape_detector
Symlinking /home/jiaxi/Projects/aCube/planner/TAUV-ROS-Packages/devel/bin/state_estimation
Symlinking /home/jiaxi/Projects/aCube/planner/TAUV-ROS-Packages/devel/bin/thruster_manager
Symlinking /home/jiaxi/Projects/aCube/planner/TAUV-ROS-Packages/devel/bin/controller
Symlinking /home/jiaxi/Projects/aCube/planner/TAUV-ROS-Packages/devel/bin/watchdogs
Symlinking /home/jiaxi/Projects/aCube/planner/TAUV-ROS-Packages/devel/bin/log_detections
Symlinking /home/jiaxi/Projects/aCube/planner/TAUV-ROS-Packages/devel/lib/libtauv_utils.so
Symlinking /home/jiaxi/Projects/aCube/planner/TAUV-ROS-Packages/devel/lib/libtauv_alarms.so
Symlinking /home/jiaxi/Projects/aCube/planner/TAUV-ROS-Packages/devel/lib/libstate_estimator.so
Symlinking /home/jiaxi/Projects/aCube/planner/TAUV-ROS-Packages/devel/lib/libglobal_map.so
Symlinking /home/jiaxi/Projects/aCube/planner/TAUV-ROS-Packages/devel/lib/libkalman-filter.so
Symlinking /home/jiaxi/Projects/aCube/planner/TAUV-ROS-Packages/devel/lib/libhungarian-matching.so
Symlinking /home/jiaxi/Projects/aCube/planner/TAUV-ROS-Packages/devel/lib/python3/dist-packages/sonar/__init__.py
Symlinking /home/jiaxi/Projects/aCube/planner/TAUV-ROS-Packages/devel/lib/python3/dist-packages/transform_manager/__init__.py
Symlinking /home/jiaxi/Projects/aCube/planner/TAUV-ROS-Packages/devel/lib/python3/dist-packages/motion_client/__init__.py
Symlinking /home/jiaxi/Projects/aCube/planner/TAUV-ROS-Packages/devel/lib/python3/dist-packages/dynamics/__init__.py
Symlinking /home/jiaxi/Projects/aCube/planner/TAUV-ROS-Packages/devel/lib/python3/dist-packages/vision/__init__.py
Symlinking /home/jiaxi/Projects/aCube/planner/TAUV-ROS-Packages/devel/lib/python3/dist-packages/tauv_common/__init__.py
Symlinking /home/jiaxi/Projects/aCube/planner/TAUV-ROS-Packages/devel/lib/python3/dist-packages/tauv_common/srv/_SetThrusterManagerConfig.py
Symlinking /home/jiaxi/Projects/aCube/planner/TAUV-ROS-Packages/devel/lib/python3/dist-packages/tauv_common/srv/__init__.py
Symlinking /home/jiaxi/Projects/aCube/planner/TAUV-ROS-Packages/devel/lib/python3/dist-packages/tauv_common/srv/_ThrusterManagerInfo.py
Symlinking /home/jiaxi/Projects/aCube/planner/TAUV-ROS-Packages/devel/lib/python3/dist-packages/tauv_common/srv/_GetThrusterManagerConfig.py
Symlinking /home/jiaxi/Projects/aCube/planner/TAUV-ROS-Packages/devel/lib/python3/dist-packages/tauv_common/srv/_GetThrusterCurve.py
Symlinking /home/jiaxi/Projects/aCube/planner/TAUV-ROS-Packages/devel/lib/python3/dist-packages/trajectories/__init__.py
Symlinking /home/jiaxi/Projects/aCube/planner/TAUV-ROS-Packages/devel/lib/python3/dist-packages/tauv_alarms/__init__.py
Symlinking /home/jiaxi/Projects/aCube/planner/TAUV-ROS-Packages/devel/lib/python3/dist-packages/albatross_state_estimation/__init__.py
Symlinking /home/jiaxi/Projects/aCube/planner/TAUV-ROS-Packages/devel/lib/python3/dist-packages/motion/__init__.py
Symlinking /home/jiaxi/Projects/aCube/planner/TAUV-ROS-Packages/devel/lib/python3/dist-packages/controllers/__init__.py
Symlinking /home/jiaxi/Projects/aCube/planner/TAUV-ROS-Packages/devel/lib/python3/dist-packages/depth_estimation/__init__.py
Symlinking /home/jiaxi/Projects/aCube/planner/TAUV-ROS-Packages/devel/lib/python3/dist-packages/planners/__init__.py
Symlinking /home/jiaxi/Projects/aCube/planner/TAUV-ROS-Packages/devel/lib/python3/dist-packages/dynamics_parameter_estimator/__init__.py
Symlinking /home/jiaxi/Projects/aCube/planner/TAUV-ROS-Packages/devel/lib/python3/dist-packages/state_estimation/__init__.py
Symlinking /home/jiaxi/Projects/aCube/planner/TAUV-ROS-Packages/devel/lib/python3/dist-packages/thruster_manager/__init__.py
Symlinking /home/jiaxi/Projects/aCube/planner/TAUV-ROS-Packages/devel/lib/python3/dist-packages/tauv_util/__init__.py
Symlinking /home/jiaxi/Projects/aCube/planner/TAUV-ROS-Packages/devel/lib/python3/dist-packages/tauv_messages/__init__.py
Symlinking /home/jiaxi/Projects/aCube/planner/TAUV-ROS-Packages/devel/lib/python3/dist-packages/teleop/__init__.py
Symlinking /home/jiaxi/Projects/aCube/planner/TAUV-ROS-Packages/devel/lib/tauv_common/state_estimation_cpp
Symlinking /home/jiaxi/Projects/aCube/planner/TAUV-ROS-Packages/devel/lib/tauv_common/global_map_cpp
Symlinking /home/jiaxi/Projects/aCube/planner/TAUV-ROS-Packages/devel/lib/pkgconfig/tauv_common.pc
