Linked: (/home/jiaxi/Projects/aCube/planner/TAUV-ROS-Packages/devel/.private/tauv_common/share/roseus/ros/tauv_common/manifest.l, /home/jiaxi/Projects/aCube/planner/TAUV-ROS-Packages/devel/share/roseus/ros/tauv_common/manifest.l)
Linked: (/home/jiaxi/Projects/aCube/planner/TAUV-ROS-Packages/devel/.private/tauv_common/share/roseus/ros/tauv_common/srv/SetThrusterManagerConfig.l, /home/jiaxi/Projects/aCube/planner/TAUV-ROS-Packages/devel/share/roseus/ros/tauv_common/srv/SetThrusterManagerConfig.l)
Linked: (/home/jiaxi/Projects/aCube/planner/TAUV-ROS-Packages/devel/.private/tauv_common/share/roseus/ros/tauv_common/srv/GetThrusterCurve.l, /home/jiaxi/Projects/aCube/planner/TAUV-ROS-Packages/devel/share/roseus/ros/tauv_common/srv/GetThrusterCurve.l)
Linked: (/home/jiaxi/Projects/aCube/planner/TAUV-ROS-Packages/devel/.private/tauv_common/share/roseus/ros/tauv_common/srv/ThrusterManagerInfo.l, /home/jiaxi/Projects/aCube/planner/TAUV-ROS-Packages/devel/share/roseus/ros/tauv_common/srv/ThrusterManagerInfo.l)
Linked: (/home/jiaxi/Projects/aCube/planner/TAUV-ROS-Packages/devel/.private/tauv_common/share/roseus/ros/tauv_common/srv/GetThrusterManagerConfig.l, /home/jiaxi/Projects/aCube/planner/TAUV-ROS-Packages/devel/share/roseus/ros/tauv_common/srv/GetThrusterManagerConfig.l)
Linked: (/home/jiaxi/Projects/aCube/planner/TAUV-ROS-Packages/devel/.private/tauv_common/share/tauv_common/cmake/tauv_common-msg-extras.cmake, /home/jiaxi/Projects/aCube/planner/TAUV-ROS-Packages/devel/share/tauv_common/cmake/tauv_common-msg-extras.cmake)
Linked: (/home/jiaxi/Projects/aCube/planner/TAUV-ROS-Packages/devel/.private/tauv_common/share/tauv_common/cmake/tauv_commonConfig.cmake, /home/jiaxi/Projects/aCube/planner/TAUV-ROS-Packages/devel/share/tauv_common/cmake/tauv_commonConfig.cmake)
Linked: (/home/jiaxi/Projects/aCube/planner/TAUV-ROS-Packages/devel/.private/tauv_common/share/tauv_common/cmake/tauv_commonConfig-version.cmake, /home/jiaxi/Projects/aCube/planner/TAUV-ROS-Packages/devel/share/tauv_common/cmake/tauv_commonConfig-version.cmake)
Linked: (/home/jiaxi/Projects/aCube/planner/TAUV-ROS-Packages/devel/.private/tauv_common/share/tauv_common/cmake/tauv_common-msg-paths.cmake, /home/jiaxi/Projects/aCube/planner/TAUV-ROS-Packages/devel/share/tauv_common/cmake/tauv_common-msg-paths.cmake)
Linked: (/home/jiaxi/Projects/aCube/planner/TAUV-ROS-Packages/devel/.private/tauv_common/share/gennodejs/ros/tauv_common/_index.js, /home/jiaxi/Projects/aCube/planner/TAUV-ROS-Packages/devel/share/gennodejs/ros/tauv_common/_index.js)
Linked: (/home/jiaxi/Projects/aCube/planner/TAUV-ROS-Packages/devel/.private/tauv_common/share/gennodejs/ros/tauv_common/srv/SetThrusterManagerConfig.js, /home/jiaxi/Projects/aCube/planner/TAUV-ROS-Packages/devel/share/gennodejs/ros/tauv_common/srv/SetThrusterManagerConfig.js)
Linked: (/home/jiaxi/Projects/aCube/planner/TAUV-ROS-Packages/devel/.private/tauv_common/share/gennodejs/ros/tauv_common/srv/GetThrusterCurve.js, /home/jiaxi/Projects/aCube/planner/TAUV-ROS-Packages/devel/share/gennodejs/ros/tauv_common/srv/GetThrusterCurve.js)
Linked: (/home/jiaxi/Projects/aCube/planner/TAUV-ROS-Packages/devel/.private/tauv_common/share/gennodejs/ros/tauv_common/srv/ThrusterManagerInfo.js, /home/jiaxi/Projects/aCube/planner/TAUV-ROS-Packages/devel/share/gennodejs/ros/tauv_common/srv/ThrusterManagerInfo.js)
Linked: (/home/jiaxi/Projects/aCube/planner/TAUV-ROS-Packages/devel/.private/tauv_common/share/gennodejs/ros/tauv_common/srv/GetThrusterManagerConfig.js, /home/jiaxi/Projects/aCube/planner/TAUV-ROS-Packages/devel/share/gennodejs/ros/tauv_common/srv/GetThrusterManagerConfig.js)
Linked: (/home/jiaxi/Projects/aCube/planner/TAUV-ROS-Packages/devel/.private/tauv_common/share/gennodejs/ros/tauv_common/srv/_index.js, /home/jiaxi/Projects/aCube/planner/TAUV-ROS-Packages/devel/share/gennodejs/ros/tauv_common/srv/_index.js)
Linked: (/home/jiaxi/Projects/aCube/planner/TAUV-ROS-Packages/devel/.private/tauv_common/share/common-lisp/ros/tauv_common/srv/_package_GetThrusterCurve.lisp, /home/jiaxi/Projects/aCube/planner/TAUV-ROS-Packages/devel/share/common-lisp/ros/tauv_common/srv/_package_GetThrusterCurve.lisp)
Linked: (/home/jiaxi/Projects/aCube/planner/TAUV-ROS-Packages/devel/.private/tauv_common/share/common-lisp/ros/tauv_common/srv/SetThrusterManagerConfig.lisp, /home/jiaxi/Projects/aCube/planner/TAUV-ROS-Packages/devel/share/common-lisp/ros/tauv_common/srv/SetThrusterManagerConfig.lisp)
Linked: (/home/jiaxi/Projects/aCube/planner/TAUV-ROS-Packages/devel/.private/tauv_common/share/common-lisp/ros/tauv_common/srv/_package_SetThrusterManagerConfig.lisp, /home/jiaxi/Projects/aCube/planner/TAUV-ROS-Packages/devel/share/common-lisp/ros/tauv_common/srv/_package_SetThrusterManagerConfig.lisp)
Linked: (/home/jiaxi/Projects/aCube/planner/TAUV-ROS-Packages/devel/.private/tauv_common/share/common-lisp/ros/tauv_common/srv/_package_GetThrusterManagerConfig.lisp, /home/jiaxi/Projects/aCube/planner/TAUV-ROS-Packages/devel/share/common-lisp/ros/tauv_common/srv/_package_GetThrusterManagerConfig.lisp)
Linked: (/home/jiaxi/Projects/aCube/planner/TAUV-ROS-Packages/devel/.private/tauv_common/share/common-lisp/ros/tauv_common/srv/tauv_common-srv.asd, /home/jiaxi/Projects/aCube/planner/TAUV-ROS-Packages/devel/share/common-lisp/ros/tauv_common/srv/tauv_common-srv.asd)
Linked: (/home/jiaxi/Projects/aCube/planner/TAUV-ROS-Packages/devel/.private/tauv_common/share/common-lisp/ros/tauv_common/srv/_package_ThrusterManagerInfo.lisp, /home/jiaxi/Projects/aCube/planner/TAUV-ROS-Packages/devel/share/common-lisp/ros/tauv_common/srv/_package_ThrusterManagerInfo.lisp)
Linked: (/home/jiaxi/Projects/aCube/planner/TAUV-ROS-Packages/devel/.private/tauv_common/share/common-lisp/ros/tauv_common/srv/_package.lisp, /home/jiaxi/Projects/aCube/planner/TAUV-ROS-Packages/devel/share/common-lisp/ros/tauv_common/srv/_package.lisp)
Linked: (/home/jiaxi/Projects/aCube/planner/TAUV-ROS-Packages/devel/.private/tauv_common/share/common-lisp/ros/tauv_common/srv/GetThrusterCurve.lisp, /home/jiaxi/Projects/aCube/planner/TAUV-ROS-Packages/devel/share/common-lisp/ros/tauv_common/srv/GetThrusterCurve.lisp)
Linked: (/home/jiaxi/Projects/aCube/planner/TAUV-ROS-Packages/devel/.private/tauv_common/share/common-lisp/ros/tauv_common/srv/ThrusterManagerInfo.lisp, /home/jiaxi/Projects/aCube/planner/TAUV-ROS-Packages/devel/share/common-lisp/ros/tauv_common/srv/ThrusterManagerInfo.lisp)
Linked: (/home/jiaxi/Projects/aCube/planner/TAUV-ROS-Packages/devel/.private/tauv_common/share/common-lisp/ros/tauv_common/srv/GetThrusterManagerConfig.lisp, /home/jiaxi/Projects/aCube/planner/TAUV-ROS-Packages/devel/share/common-lisp/ros/tauv_common/srv/GetThrusterManagerConfig.lisp)
Linked: (/home/jiaxi/Projects/aCube/planner/TAUV-ROS-Packages/devel/.private/tauv_common/include/tauv_common/GetThrusterCurve.h, /home/jiaxi/Projects/aCube/planner/TAUV-ROS-Packages/devel/include/tauv_common/GetThrusterCurve.h)
Linked: (/home/jiaxi/Projects/aCube/planner/TAUV-ROS-Packages/devel/.private/tauv_common/include/tauv_common/ThrusterManagerInfo.h, /home/jiaxi/Projects/aCube/planner/TAUV-ROS-Packages/devel/include/tauv_common/ThrusterManagerInfo.h)
Linked: (/home/jiaxi/Projects/aCube/planner/TAUV-ROS-Packages/devel/.private/tauv_common/include/tauv_common/GetThrusterManagerConfigRequest.h, /home/jiaxi/Projects/aCube/planner/TAUV-ROS-Packages/devel/include/tauv_common/GetThrusterManagerConfigRequest.h)
Linked: (/home/jiaxi/Projects/aCube/planner/TAUV-ROS-Packages/devel/.private/tauv_common/include/tauv_common/GetThrusterCurveResponse.h, /home/jiaxi/Projects/aCube/planner/TAUV-ROS-Packages/devel/include/tauv_common/GetThrusterCurveResponse.h)
Linked: (/home/jiaxi/Projects/aCube/planner/TAUV-ROS-Packages/devel/.private/tauv_common/include/tauv_common/SetThrusterManagerConfig.h, /home/jiaxi/Projects/aCube/planner/TAUV-ROS-Packages/devel/include/tauv_common/SetThrusterManagerConfig.h)
Linked: (/home/jiaxi/Projects/aCube/planner/TAUV-ROS-Packages/devel/.private/tauv_common/include/tauv_common/GetThrusterCurveRequest.h, /home/jiaxi/Projects/aCube/planner/TAUV-ROS-Packages/devel/include/tauv_common/GetThrusterCurveRequest.h)
Linked: (/home/jiaxi/Projects/aCube/planner/TAUV-ROS-Packages/devel/.private/tauv_common/include/tauv_common/SetThrusterManagerConfigResponse.h, /home/jiaxi/Projects/aCube/planner/TAUV-ROS-Packages/devel/include/tauv_common/SetThrusterManagerConfigResponse.h)
Linked: (/home/jiaxi/Projects/aCube/planner/TAUV-ROS-Packages/devel/.private/tauv_common/include/tauv_common/GetThrusterManagerConfigResponse.h, /home/jiaxi/Projects/aCube/planner/TAUV-ROS-Packages/devel/include/tauv_common/GetThrusterManagerConfigResponse.h)
Linked: (/home/jiaxi/Projects/aCube/planner/TAUV-ROS-Packages/devel/.private/tauv_common/include/tauv_common/GetThrusterManagerConfig.h, /home/jiaxi/Projects/aCube/planner/TAUV-ROS-Packages/devel/include/tauv_common/GetThrusterManagerConfig.h)
Linked: (/home/jiaxi/Projects/aCube/planner/TAUV-ROS-Packages/devel/.private/tauv_common/include/tauv_common/ThrusterManagerInfoRequest.h, /home/jiaxi/Projects/aCube/planner/TAUV-ROS-Packages/devel/include/tauv_common/ThrusterManagerInfoRequest.h)
Linked: (/home/jiaxi/Projects/aCube/planner/TAUV-ROS-Packages/devel/.private/tauv_common/include/tauv_common/SetThrusterManagerConfigRequest.h, /home/jiaxi/Projects/aCube/planner/TAUV-ROS-Packages/devel/include/tauv_common/SetThrusterManagerConfigRequest.h)
Linked: (/home/jiaxi/Projects/aCube/planner/TAUV-ROS-Packages/devel/.private/tauv_common/include/tauv_common/ThrusterManagerInfoResponse.h, /home/jiaxi/Projects/aCube/planner/TAUV-ROS-Packages/devel/include/tauv_common/ThrusterManagerInfoResponse.h)
Linked: (/home/jiaxi/Projects/aCube/planner/TAUV-ROS-Packages/devel/.private/tauv_common/bin/retare_sub_position, /home/jiaxi/Projects/aCube/planner/TAUV-ROS-Packages/devel/bin/retare_sub_position)
Linked: (/home/jiaxi/Projects/aCube/planner/TAUV-ROS-Packages/devel/.private/tauv_common/bin/thruster_allocator, /home/jiaxi/Projects/aCube/planner/TAUV-ROS-Packages/devel/bin/thruster_allocator)
Linked: (/home/jiaxi/Projects/aCube/planner/TAUV-ROS-Packages/devel/.private/tauv_common/bin/detector_bucket, /home/jiaxi/Projects/aCube/planner/TAUV-ROS-Packages/devel/bin/detector_bucket)
Linked: (/home/jiaxi/Projects/aCube/planner/TAUV-ROS-Packages/devel/.private/tauv_common/bin/bucket_to_tf, /home/jiaxi/Projects/aCube/planner/TAUV-ROS-Packages/devel/bin/bucket_to_tf)
Linked: (/home/jiaxi/Projects/aCube/planner/TAUV-ROS-Packages/devel/.private/tauv_common/bin/keyboard_planner, /home/jiaxi/Projects/aCube/planner/TAUV-ROS-Packages/devel/bin/keyboard_planner)
Linked: (/home/jiaxi/Projects/aCube/planner/TAUV-ROS-Packages/devel/.private/tauv_common/bin/teleop_planner, /home/jiaxi/Projects/aCube/planner/TAUV-ROS-Packages/devel/bin/teleop_planner)
Linked: (/home/jiaxi/Projects/aCube/planner/TAUV-ROS-Packages/devel/.private/tauv_common/bin/albatross_state_estimation, /home/jiaxi/Projects/aCube/planner/TAUV-ROS-Packages/devel/bin/albatross_state_estimation)
Linked: (/home/jiaxi/Projects/aCube/planner/TAUV-ROS-Packages/devel/.private/tauv_common/bin/alarm_server, /home/jiaxi/Projects/aCube/planner/TAUV-ROS-Packages/devel/bin/alarm_server)
Linked: (/home/jiaxi/Projects/aCube/planner/TAUV-ROS-Packages/devel/.private/tauv_common/bin/darknet_transformer, /home/jiaxi/Projects/aCube/planner/TAUV-ROS-Packages/devel/bin/darknet_transformer)
Linked: (/home/jiaxi/Projects/aCube/planner/TAUV-ROS-Packages/devel/.private/tauv_common/bin/mpc_planner, /home/jiaxi/Projects/aCube/planner/TAUV-ROS-Packages/devel/bin/mpc_planner)
Linked: (/home/jiaxi/Projects/aCube/planner/TAUV-ROS-Packages/devel/.private/tauv_common/bin/depth_estimation, /home/jiaxi/Projects/aCube/planner/TAUV-ROS-Packages/devel/bin/depth_estimation)
Linked: (/home/jiaxi/Projects/aCube/planner/TAUV-ROS-Packages/devel/.private/tauv_common/bin/message_printer, /home/jiaxi/Projects/aCube/planner/TAUV-ROS-Packages/devel/bin/message_printer)
Linked: (/home/jiaxi/Projects/aCube/planner/TAUV-ROS-Packages/devel/.private/tauv_common/bin/dynamics_parameter_estimator, /home/jiaxi/Projects/aCube/planner/TAUV-ROS-Packages/devel/bin/dynamics_parameter_estimator)
Linked: (/home/jiaxi/Projects/aCube/planner/TAUV-ROS-Packages/devel/.private/tauv_common/bin/shape_detector, /home/jiaxi/Projects/aCube/planner/TAUV-ROS-Packages/devel/bin/shape_detector)
Linked: (/home/jiaxi/Projects/aCube/planner/TAUV-ROS-Packages/devel/.private/tauv_common/bin/state_estimation, /home/jiaxi/Projects/aCube/planner/TAUV-ROS-Packages/devel/bin/state_estimation)
Linked: (/home/jiaxi/Projects/aCube/planner/TAUV-ROS-Packages/devel/.private/tauv_common/bin/thruster_manager, /home/jiaxi/Projects/aCube/planner/TAUV-ROS-Packages/devel/bin/thruster_manager)
Linked: (/home/jiaxi/Projects/aCube/planner/TAUV-ROS-Packages/devel/.private/tauv_common/bin/controller, /home/jiaxi/Projects/aCube/planner/TAUV-ROS-Packages/devel/bin/controller)
Linked: (/home/jiaxi/Projects/aCube/planner/TAUV-ROS-Packages/devel/.private/tauv_common/bin/watchdogs, /home/jiaxi/Projects/aCube/planner/TAUV-ROS-Packages/devel/bin/watchdogs)
Linked: (/home/jiaxi/Projects/aCube/planner/TAUV-ROS-Packages/devel/.private/tauv_common/bin/log_detections, /home/jiaxi/Projects/aCube/planner/TAUV-ROS-Packages/devel/bin/log_detections)
Linked: (/home/jiaxi/Projects/aCube/planner/TAUV-ROS-Packages/devel/.private/tauv_common/lib/libtauv_utils.so, /home/jiaxi/Projects/aCube/planner/TAUV-ROS-Packages/devel/lib/libtauv_utils.so)
Linked: (/home/jiaxi/Projects/aCube/planner/TAUV-ROS-Packages/devel/.private/tauv_common/lib/libtauv_alarms.so, /home/jiaxi/Projects/aCube/planner/TAUV-ROS-Packages/devel/lib/libtauv_alarms.so)
Linked: (/home/jiaxi/Projects/aCube/planner/TAUV-ROS-Packages/devel/.private/tauv_common/lib/libstate_estimator.so, /home/jiaxi/Projects/aCube/planner/TAUV-ROS-Packages/devel/lib/libstate_estimator.so)
Linked: (/home/jiaxi/Projects/aCube/planner/TAUV-ROS-Packages/devel/.private/tauv_common/lib/libglobal_map.so, /home/jiaxi/Projects/aCube/planner/TAUV-ROS-Packages/devel/lib/libglobal_map.so)
Linked: (/home/jiaxi/Projects/aCube/planner/TAUV-ROS-Packages/devel/.private/tauv_common/lib/libkalman-filter.so, /home/jiaxi/Projects/aCube/planner/TAUV-ROS-Packages/devel/lib/libkalman-filter.so)
Linked: (/home/jiaxi/Projects/aCube/planner/TAUV-ROS-Packages/devel/.private/tauv_common/lib/libhungarian-matching.so, /home/jiaxi/Projects/aCube/planner/TAUV-ROS-Packages/devel/lib/libhungarian-matching.so)
Linked: (/home/jiaxi/Projects/aCube/planner/TAUV-ROS-Packages/devel/.private/tauv_common/lib/python3/dist-packages/sonar/__init__.py, /home/jiaxi/Projects/aCube/planner/TAUV-ROS-Packages/devel/lib/python3/dist-packages/sonar/__init__.py)
Linked: (/home/jiaxi/Projects/aCube/planner/TAUV-ROS-Packages/devel/.private/tauv_common/lib/python3/dist-packages/transform_manager/__init__.py, /home/jiaxi/Projects/aCube/planner/TAUV-ROS-Packages/devel/lib/python3/dist-packages/transform_manager/__init__.py)
Linked: (/home/jiaxi/Projects/aCube/planner/TAUV-ROS-Packages/devel/.private/tauv_common/lib/python3/dist-packages/motion_client/__init__.py, /home/jiaxi/Projects/aCube/planner/TAUV-ROS-Packages/devel/lib/python3/dist-packages/motion_client/__init__.py)
Linked: (/home/jiaxi/Projects/aCube/planner/TAUV-ROS-Packages/devel/.private/tauv_common/lib/python3/dist-packages/dynamics/__init__.py, /home/jiaxi/Projects/aCube/planner/TAUV-ROS-Packages/devel/lib/python3/dist-packages/dynamics/__init__.py)
Linked: (/home/jiaxi/Projects/aCube/planner/TAUV-ROS-Packages/devel/.private/tauv_common/lib/python3/dist-packages/vision/__init__.py, /home/jiaxi/Projects/aCube/planner/TAUV-ROS-Packages/devel/lib/python3/dist-packages/vision/__init__.py)
Linked: (/home/jiaxi/Projects/aCube/planner/TAUV-ROS-Packages/devel/.private/tauv_common/lib/python3/dist-packages/tauv_common/__init__.py, /home/jiaxi/Projects/aCube/planner/TAUV-ROS-Packages/devel/lib/python3/dist-packages/tauv_common/__init__.py)
Linked: (/home/jiaxi/Projects/aCube/planner/TAUV-ROS-Packages/devel/.private/tauv_common/lib/python3/dist-packages/tauv_common/srv/_SetThrusterManagerConfig.py, /home/jiaxi/Projects/aCube/planner/TAUV-ROS-Packages/devel/lib/python3/dist-packages/tauv_common/srv/_SetThrusterManagerConfig.py)
Linked: (/home/jiaxi/Projects/aCube/planner/TAUV-ROS-Packages/devel/.private/tauv_common/lib/python3/dist-packages/tauv_common/srv/__init__.py, /home/jiaxi/Projects/aCube/planner/TAUV-ROS-Packages/devel/lib/python3/dist-packages/tauv_common/srv/__init__.py)
Linked: (/home/jiaxi/Projects/aCube/planner/TAUV-ROS-Packages/devel/.private/tauv_common/lib/python3/dist-packages/tauv_common/srv/_ThrusterManagerInfo.py, /home/jiaxi/Projects/aCube/planner/TAUV-ROS-Packages/devel/lib/python3/dist-packages/tauv_common/srv/_ThrusterManagerInfo.py)
Linked: (/home/jiaxi/Projects/aCube/planner/TAUV-ROS-Packages/devel/.private/tauv_common/lib/python3/dist-packages/tauv_common/srv/_GetThrusterManagerConfig.py, /home/jiaxi/Projects/aCube/planner/TAUV-ROS-Packages/devel/lib/python3/dist-packages/tauv_common/srv/_GetThrusterManagerConfig.py)
Linked: (/home/jiaxi/Projects/aCube/planner/TAUV-ROS-Packages/devel/.private/tauv_common/lib/python3/dist-packages/tauv_common/srv/_GetThrusterCurve.py, /home/jiaxi/Projects/aCube/planner/TAUV-ROS-Packages/devel/lib/python3/dist-packages/tauv_common/srv/_GetThrusterCurve.py)
Linked: (/home/jiaxi/Projects/aCube/planner/TAUV-ROS-Packages/devel/.private/tauv_common/lib/python3/dist-packages/trajectories/__init__.py, /home/jiaxi/Projects/aCube/planner/TAUV-ROS-Packages/devel/lib/python3/dist-packages/trajectories/__init__.py)
Linked: (/home/jiaxi/Projects/aCube/planner/TAUV-ROS-Packages/devel/.private/tauv_common/lib/python3/dist-packages/tauv_alarms/__init__.py, /home/jiaxi/Projects/aCube/planner/TAUV-ROS-Packages/devel/lib/python3/dist-packages/tauv_alarms/__init__.py)
Linked: (/home/jiaxi/Projects/aCube/planner/TAUV-ROS-Packages/devel/.private/tauv_common/lib/python3/dist-packages/albatross_state_estimation/__init__.py, /home/jiaxi/Projects/aCube/planner/TAUV-ROS-Packages/devel/lib/python3/dist-packages/albatross_state_estimation/__init__.py)
Linked: (/home/jiaxi/Projects/aCube/planner/TAUV-ROS-Packages/devel/.private/tauv_common/lib/python3/dist-packages/motion/__init__.py, /home/jiaxi/Projects/aCube/planner/TAUV-ROS-Packages/devel/lib/python3/dist-packages/motion/__init__.py)
Linked: (/home/jiaxi/Projects/aCube/planner/TAUV-ROS-Packages/devel/.private/tauv_common/lib/python3/dist-packages/controllers/__init__.py, /home/jiaxi/Projects/aCube/planner/TAUV-ROS-Packages/devel/lib/python3/dist-packages/controllers/__init__.py)
Linked: (/home/jiaxi/Projects/aCube/planner/TAUV-ROS-Packages/devel/.private/tauv_common/lib/python3/dist-packages/depth_estimation/__init__.py, /home/jiaxi/Projects/aCube/planner/TAUV-ROS-Packages/devel/lib/python3/dist-packages/depth_estimation/__init__.py)
Linked: (/home/jiaxi/Projects/aCube/planner/TAUV-ROS-Packages/devel/.private/tauv_common/lib/python3/dist-packages/planners/__init__.py, /home/jiaxi/Projects/aCube/planner/TAUV-ROS-Packages/devel/lib/python3/dist-packages/planners/__init__.py)
Linked: (/home/jiaxi/Projects/aCube/planner/TAUV-ROS-Packages/devel/.private/tauv_common/lib/python3/dist-packages/dynamics_parameter_estimator/__init__.py, /home/jiaxi/Projects/aCube/planner/TAUV-ROS-Packages/devel/lib/python3/dist-packages/dynamics_parameter_estimator/__init__.py)
Linked: (/home/jiaxi/Projects/aCube/planner/TAUV-ROS-Packages/devel/.private/tauv_common/lib/python3/dist-packages/state_estimation/__init__.py, /home/jiaxi/Projects/aCube/planner/TAUV-ROS-Packages/devel/lib/python3/dist-packages/state_estimation/__init__.py)
Linked: (/home/jiaxi/Projects/aCube/planner/TAUV-ROS-Packages/devel/.private/tauv_common/lib/python3/dist-packages/thruster_manager/__init__.py, /home/jiaxi/Projects/aCube/planner/TAUV-ROS-Packages/devel/lib/python3/dist-packages/thruster_manager/__init__.py)
Linked: (/home/jiaxi/Projects/aCube/planner/TAUV-ROS-Packages/devel/.private/tauv_common/lib/python3/dist-packages/tauv_util/__init__.py, /home/jiaxi/Projects/aCube/planner/TAUV-ROS-Packages/devel/lib/python3/dist-packages/tauv_util/__init__.py)
Linked: (/home/jiaxi/Projects/aCube/planner/TAUV-ROS-Packages/devel/.private/tauv_common/lib/python3/dist-packages/tauv_messages/__init__.py, /home/jiaxi/Projects/aCube/planner/TAUV-ROS-Packages/devel/lib/python3/dist-packages/tauv_messages/__init__.py)
Linked: (/home/jiaxi/Projects/aCube/planner/TAUV-ROS-Packages/devel/.private/tauv_common/lib/python3/dist-packages/teleop/__init__.py, /home/jiaxi/Projects/aCube/planner/TAUV-ROS-Packages/devel/lib/python3/dist-packages/teleop/__init__.py)
Linked: (/home/jiaxi/Projects/aCube/planner/TAUV-ROS-Packages/devel/.private/tauv_common/lib/tauv_common/state_estimation_cpp, /home/jiaxi/Projects/aCube/planner/TAUV-ROS-Packages/devel/lib/tauv_common/state_estimation_cpp)
Linked: (/home/jiaxi/Projects/aCube/planner/TAUV-ROS-Packages/devel/.private/tauv_common/lib/tauv_common/global_map_cpp, /home/jiaxi/Projects/aCube/planner/TAUV-ROS-Packages/devel/lib/tauv_common/global_map_cpp)
Linked: (/home/jiaxi/Projects/aCube/planner/TAUV-ROS-Packages/devel/.private/tauv_common/lib/pkgconfig/tauv_common.pc, /home/jiaxi/Projects/aCube/planner/TAUV-ROS-Packages/devel/lib/pkgconfig/tauv_common.pc)
