[  0%] Built target std_msgs_generate_messages_py
[  0%] Built target sensor_msgs_generate_messages_py
[  0%] Built target std_srvs_generate_messages_py
[  0%] Built target tauv_msgs_generate_messages_py
[  0%] Built target vision_msgs_generate_messages_py
[  0%] Built target std_msgs_generate_messages_cpp
[  0%] Built target geometry_msgs_generate_messages_py
[  0%] Built target sensor_msgs_generate_messages_cpp
[  0%] Built target tauv_msgs_generate_messages_cpp
[  0%] Built target sensor_msgs_generate_messages_eus
[  0%] Built target std_srvs_generate_messages_cpp
[  0%] Built target std_srvs_generate_messages_eus
[  0%] Built target vision_msgs_generate_messages_eus
[  0%] Built target geometry_msgs_generate_messages_eus
[  0%] Built target std_msgs_generate_messages_lisp
[  0%] Built target geometry_msgs_generate_messages_cpp
[  0%] Built target vision_msgs_generate_messages_cpp
[  0%] Built target std_msgs_generate_messages_eus
[  0%] Built target sensor_msgs_generate_messages_lisp
[  0%] Built target geometry_msgs_generate_messages_lisp
[  0%] Built target tauv_msgs_generate_messages_lisp
[  0%] Built target std_srvs_generate_messages_lisp
[  0%] Built target tauv_msgs_generate_messages_eus
[  0%] Built target _tauv_common_generate_messages_check_deps_SetThrusterManagerConfig
[  0%] Built target std_msgs_generate_messages_nodejs
[  0%] Built target sensor_msgs_generate_messages_nodejs
[  0%] Built target vision_msgs_generate_messages_lisp
[  0%] Built target geometry_msgs_generate_messages_nodejs
[  0%] Built target std_srvs_generate_messages_nodejs
[  0%] Built target vision_msgs_generate_messages_nodejs
[  0%] Built target tauv_msgs_generate_messages_nodejs
[  0%] Built target roscpp_generate_messages_lisp
[  0%] Built target roscpp_generate_messages_eus
[  0%] Built target _tauv_common_generate_messages_check_deps_GetThrusterCurve
[  0%] Built target roscpp_generate_messages_nodejs
[  0%] Built target rosgraph_msgs_generate_messages_cpp
[  0%] Built target _tauv_common_generate_messages_check_deps_ThrusterManagerInfo
[  0%] Built target roscpp_generate_messages_py
[  0%] Built target roscpp_generate_messages_cpp
[  0%] Built target tf_generate_messages_eus
[  0%] Built target actionlib_generate_messages_cpp
[  0%] Built target tf_generate_messages_cpp
[  0%] Built target tf_generate_messages_nodejs
[  0%] Built target _tauv_common_generate_messages_check_deps_GetThrusterManagerConfig
[  0%] Built target rosgraph_msgs_generate_messages_py
[  0%] Built target rosgraph_msgs_generate_messages_lisp
[  0%] Built target rosgraph_msgs_generate_messages_eus
[  0%] Built target tf_generate_messages_py
[  0%] Built target rosgraph_msgs_generate_messages_nodejs
[  0%] Built target tf_generate_messages_lisp
[  0%] Built target actionlib_generate_messages_eus
[  0%] Built target actionlib_generate_messages_lisp
[  0%] Built target actionlib_msgs_generate_messages_eus
[  0%] Built target actionlib_msgs_generate_messages_cpp
[  0%] Built target actionlib_msgs_generate_messages_lisp
[  0%] Built target actionlib_generate_messages_py
[  0%] Built target actionlib_msgs_generate_messages_py
[  0%] Built target actionlib_generate_messages_nodejs
[  0%] Built target tf2_msgs_generate_messages_cpp
[  0%] Built target actionlib_msgs_generate_messages_nodejs
[  0%] Built target tf2_msgs_generate_messages_lisp
[  0%] Built target tf2_msgs_generate_messages_eus
[  0%] Built target tf2_msgs_generate_messages_nodejs
[  0%] Built target tf2_msgs_generate_messages_py
[  0%] Built target jsk_recognition_msgs_generate_messages_cpp
[  0%] Built target jsk_recognition_msgs_generate_messages_nodejs
[  0%] Built target jsk_recognition_msgs_generate_messages_lisp
[  0%] Built target pcl_msgs_generate_messages_eus
[  0%] Built target jsk_recognition_msgs_generate_messages_py
[  0%] Built target jsk_recognition_msgs_generate_messages_eus
[  0%] Built target pcl_msgs_generate_messages_cpp
[  0%] Built target pcl_msgs_generate_messages_nodejs
[  0%] Built target pcl_msgs_generate_messages_lisp
[  0%] Built target jsk_footstep_msgs_generate_messages_cpp
[  0%] Built target pcl_msgs_generate_messages_py
[  0%] Built target jsk_footstep_msgs_generate_messages_eus
[  0%] Built target jsk_footstep_msgs_generate_messages_lisp
[  0%] Built target jsk_footstep_msgs_generate_messages_nodejs
[  2%] Built target generate_alarms
[  4%] [32mBuilding CXX object src/global_map_cpp/kalman-filter/CMakeFiles/kalman-filter.dir/kalman_filter.cpp.o[0m
[  7%] [32mBuilding CXX object src/global_map_cpp/hungarian-algorithm-cpp/CMakeFiles/hungarian-matching.dir/Hungarian.cpp.o[0m
[  9%] [34m[1mGenerating Python code from SRV tauv_common/GetThrusterCurve[0m
[ 12%] [34m[1mGenerating Python code from SRV tauv_common/ThrusterManagerInfo[0m
[ 14%] Built target jsk_footstep_msgs_generate_messages_py
[ 17%] [34m[1mGenerating C++ code from tauv_common/ThrusterManagerInfo.srv[0m
[ 14%] [34m[1mGenerating C++ code from tauv_common/GetThrusterCurve.srv[0m
[ 21%] [34m[1mGenerating Javascript code from tauv_common/GetThrusterCurve.srv[0m
[ 19%] [34m[1mGenerating Lisp code from tauv_common/GetThrusterCurve.srv[0m
[ 24%] [34m[1mGenerating EusLisp code from tauv_common/GetThrusterCurve.srv[0m
[ 26%] [34m[1mGenerating Python code from SRV tauv_common/SetThrusterManagerConfig[0m
[ 29%] [34m[1mGenerating C++ code from tauv_common/GetThrusterManagerConfig.srv[0m
[ 31%] [34m[1mGenerating C++ code from tauv_common/SetThrusterManagerConfig.srv[0m
[ 34%] [34m[1mGenerating Javascript code from tauv_common/ThrusterManagerInfo.srv[0m
[ 36%] [34m[1mGenerating Lisp code from tauv_common/ThrusterManagerInfo.srv[0m
[ 39%] [34m[1mGenerating Javascript code from tauv_common/SetThrusterManagerConfig.srv[0m
[ 41%] [34m[1mGenerating EusLisp code from tauv_common/ThrusterManagerInfo.srv[0m
[ 43%] [34m[1mGenerating Javascript code from tauv_common/GetThrusterManagerConfig.srv[0m
[ 46%] [34m[1mGenerating Python code from SRV tauv_common/GetThrusterManagerConfig[0m
[ 48%] [34m[1mGenerating EusLisp code from tauv_common/SetThrusterManagerConfig.srv[0m
[ 51%] [34m[1mGenerating EusLisp code from tauv_common/GetThrusterManagerConfig.srv[0m
[ 53%] [34m[1mGenerating EusLisp manifest code for tauv_common[0m
[ 56%] [34m[1mGenerating Lisp code from tauv_common/GetThrusterManagerConfig.srv[0m
[ 58%] [34m[1mGenerating Lisp code from tauv_common/SetThrusterManagerConfig.srv[0m
[ 58%] Built target tauv_common_generate_messages_nodejs
[ 58%] Built target tauv_common_generate_messages_cpp
[ 60%] [32m[1mLinking CXX shared library /home/jiaxi/Projects/aCube/planner/TAUV-ROS-Packages/devel/.private/tauv_common/lib/libhungarian-matching.so[0m
[ 60%] Built target tauv_common_generate_messages_lisp
[ 63%] [34m[1mGenerating Python srv __init__.py for tauv_common[0m
[ 63%] Built target hungarian-matching
[ 63%] Built target tauv_common_generate_messages_py
[ 63%] Built target tauv_common_generate_messages_eus
[ 73%] [32mBuilding CXX object src/global_map_cpp/CMakeFiles/global_map.dir/global_map.cpp.o[0m
[ 73%] Built target tauv_common_generate_messages
[ 73%] [32mBuilding CXX object src/state_estimation_cpp/CMakeFiles/state_estimator.dir/ekf.cpp.o[0m
[ 73%] [32mBuilding CXX object src/state_estimation_cpp/CMakeFiles/state_estimator.dir/state_estimator.cpp.o[0m
[ 73%] [32mBuilding CXX object src/tauv_utils_cpp/CMakeFiles/tauv_utils.dir/transforms.cpp.o[0m
[ 75%] [32mBuilding CXX object src/tauv_alarms/CMakeFiles/tauv_alarms.dir/alarm_client.cpp.o[0m
[ 78%] [32mBuilding CXX object src/global_map_cpp/CMakeFiles/global_map.dir/feature.cpp.o[0m
[ 80%] [32m[1mLinking CXX shared library /home/jiaxi/Projects/aCube/planner/TAUV-ROS-Packages/devel/.private/tauv_common/lib/libtauv_alarms.so[0m
[ 80%] Built target tauv_alarms
[ 82%] [32m[1mLinking CXX shared library /home/jiaxi/Projects/aCube/planner/TAUV-ROS-Packages/devel/.private/tauv_common/lib/libtauv_utils.so[0m
[ 82%] Built target tauv_utils
[ 85%] [32m[1mLinking CXX shared library /home/jiaxi/Projects/aCube/planner/TAUV-ROS-Packages/devel/.private/tauv_common/lib/libglobal_map.so[0m
[ 87%] [32m[1mLinking CXX shared library /home/jiaxi/Projects/aCube/planner/TAUV-ROS-Packages/devel/.private/tauv_common/lib/libkalman-filter.so[0m
[ 87%] Built target kalman-filter
[ 87%] Built target global_map
[ 90%] [32mBuilding CXX object src/global_map_cpp/CMakeFiles/global_map_cpp.dir/main.cpp.o[0m
[ 92%] [32m[1mLinking CXX executable /home/jiaxi/Projects/aCube/planner/TAUV-ROS-Packages/devel/.private/tauv_common/lib/tauv_common/global_map_cpp[0m
[ 92%] Built target global_map_cpp
[ 95%] [32m[1mLinking CXX shared library /home/jiaxi/Projects/aCube/planner/TAUV-ROS-Packages/devel/.private/tauv_common/lib/libstate_estimator.so[0m
[ 95%] Built target state_estimator
[ 97%] [32mBuilding CXX object src/state_estimation_cpp/CMakeFiles/state_estimation_cpp.dir/main.cpp.o[0m
[100%] [32m[1mLinking CXX executable /home/jiaxi/Projects/aCube/planner/TAUV-ROS-Packages/devel/.private/tauv_common/lib/tauv_common/state_estimation_cpp[0m
[100%] Built target state_estimation_cpp
