Linked: (/home/jiaxi/Projects/aCube/planner/TAUV-ROS-Packages/devel/.private/tauv_vehicle/share/roseus/ros/tauv_vehicle/manifest.l, /home/jiaxi/Projects/aCube/planner/TAUV-ROS-Packages/devel/share/roseus/ros/tauv_vehicle/manifest.l)
Linked: (/home/jiaxi/Projects/aCube/planner/TAUV-ROS-Packages/devel/.private/tauv_vehicle/share/tauv_vehicle/cmake/tauv_vehicleConfig.cmake, /home/jiaxi/Projects/aCube/planner/TAUV-ROS-Packages/devel/share/tauv_vehicle/cmake/tauv_vehicleConfig.cmake)
Linked: (/home/jiaxi/Projects/aCube/planner/TAUV-ROS-Packages/devel/.private/tauv_vehicle/share/tauv_vehicle/cmake/tauv_vehicle-msg-paths.cmake, /home/jiaxi/Projects/aCube/planner/TAUV-ROS-Packages/devel/share/tauv_vehicle/cmake/tauv_vehicle-msg-paths.cmake)
Linked: (/home/jiaxi/Projects/aCube/planner/TAUV-ROS-Packages/devel/.private/tauv_vehicle/share/tauv_vehicle/cmake/tauv_vehicle-msg-extras.cmake, /home/jiaxi/Projects/aCube/planner/TAUV-ROS-Packages/devel/share/tauv_vehicle/cmake/tauv_vehicle-msg-extras.cmake)
Linked: (/home/jiaxi/Projects/aCube/planner/TAUV-ROS-Packages/devel/.private/tauv_vehicle/share/tauv_vehicle/cmake/tauv_vehicleConfig-version.cmake, /home/jiaxi/Projects/aCube/planner/TAUV-ROS-Packages/devel/share/tauv_vehicle/cmake/tauv_vehicleConfig-version.cmake)
Linked: (/home/jiaxi/Projects/aCube/planner/TAUV-ROS-Packages/devel/.private/tauv_vehicle/bin/sonar, /home/jiaxi/Projects/aCube/planner/TAUV-ROS-Packages/devel/bin/sonar)
Linked: (/home/jiaxi/Projects/aCube/planner/TAUV-ROS-Packages/devel/.private/tauv_vehicle/bin/arduino, /home/jiaxi/Projects/aCube/planner/TAUV-ROS-Packages/devel/bin/arduino)
Linked: (/home/jiaxi/Projects/aCube/planner/TAUV-ROS-Packages/devel/.private/tauv_vehicle/bin/thrusters, /home/jiaxi/Projects/aCube/planner/TAUV-ROS-Packages/devel/bin/thrusters)
Linked: (/home/jiaxi/Projects/aCube/planner/TAUV-ROS-Packages/devel/.private/tauv_vehicle/bin/pinger_localizer, /home/jiaxi/Projects/aCube/planner/TAUV-ROS-Packages/devel/bin/pinger_localizer)
Linked: (/home/jiaxi/Projects/aCube/planner/TAUV-ROS-Packages/devel/.private/tauv_vehicle/bin/teledyne_dvl, /home/jiaxi/Projects/aCube/planner/TAUV-ROS-Packages/devel/bin/teledyne_dvl)
Linked: (/home/jiaxi/Projects/aCube/planner/TAUV-ROS-Packages/devel/.private/tauv_vehicle/bin/battery, /home/jiaxi/Projects/aCube/planner/TAUV-ROS-Packages/devel/bin/battery)
Linked: (/home/jiaxi/Projects/aCube/planner/TAUV-ROS-Packages/devel/.private/tauv_vehicle/bin/depth_sensor, /home/jiaxi/Projects/aCube/planner/TAUV-ROS-Packages/devel/bin/depth_sensor)
Linked: (/home/jiaxi/Projects/aCube/planner/TAUV-ROS-Packages/devel/.private/tauv_vehicle/bin/oakd, /home/jiaxi/Projects/aCube/planner/TAUV-ROS-Packages/devel/bin/oakd)
Linked: (/home/jiaxi/Projects/aCube/planner/TAUV-ROS-Packages/devel/.private/tauv_vehicle/bin/xsens_imu_sync, /home/jiaxi/Projects/aCube/planner/TAUV-ROS-Packages/devel/bin/xsens_imu_sync)
Warning: Cannot symlink from /home/jiaxi/Projects/aCube/planner/TAUV-ROS-Packages/devel/.private/tauv_vehicle/lib/python3/dist-packages/sonar/__init__.py to existing file /home/jiaxi/Projects/aCube/planner/TAUV-ROS-Packages/devel/lib/python3/dist-packages/sonar/__init__.py
Warning: Source hash: c28912a1776d3bdfefab32a89e98692e
Warning: Dest hash: f4ec6b5ad18c64a656c50ce74aacfcc0
Linked: (/home/jiaxi/Projects/aCube/planner/TAUV-ROS-Packages/devel/.private/tauv_vehicle/lib/python3/dist-packages/arduino/__init__.py, /home/jiaxi/Projects/aCube/planner/TAUV-ROS-Packages/devel/lib/python3/dist-packages/arduino/__init__.py)
Linked: (/home/jiaxi/Projects/aCube/planner/TAUV-ROS-Packages/devel/.private/tauv_vehicle/lib/python3/dist-packages/thrusters/__init__.py, /home/jiaxi/Projects/aCube/planner/TAUV-ROS-Packages/devel/lib/python3/dist-packages/thrusters/__init__.py)
Linked: (/home/jiaxi/Projects/aCube/planner/TAUV-ROS-Packages/devel/.private/tauv_vehicle/lib/python3/dist-packages/pinger_localizer/__init__.py, /home/jiaxi/Projects/aCube/planner/TAUV-ROS-Packages/devel/lib/python3/dist-packages/pinger_localizer/__init__.py)
Linked: (/home/jiaxi/Projects/aCube/planner/TAUV-ROS-Packages/devel/.private/tauv_vehicle/lib/python3/dist-packages/teledyne_dvl/__init__.py, /home/jiaxi/Projects/aCube/planner/TAUV-ROS-Packages/devel/lib/python3/dist-packages/teledyne_dvl/__init__.py)
Linked: (/home/jiaxi/Projects/aCube/planner/TAUV-ROS-Packages/devel/.private/tauv_vehicle/lib/python3/dist-packages/battery/__init__.py, /home/jiaxi/Projects/aCube/planner/TAUV-ROS-Packages/devel/lib/python3/dist-packages/battery/__init__.py)
Linked: (/home/jiaxi/Projects/aCube/planner/TAUV-ROS-Packages/devel/.private/tauv_vehicle/lib/python3/dist-packages/depth_sensor/__init__.py, /home/jiaxi/Projects/aCube/planner/TAUV-ROS-Packages/devel/lib/python3/dist-packages/depth_sensor/__init__.py)
Linked: (/home/jiaxi/Projects/aCube/planner/TAUV-ROS-Packages/devel/.private/tauv_vehicle/lib/python3/dist-packages/oakd/__init__.py, /home/jiaxi/Projects/aCube/planner/TAUV-ROS-Packages/devel/lib/python3/dist-packages/oakd/__init__.py)
Linked: (/home/jiaxi/Projects/aCube/planner/TAUV-ROS-Packages/devel/.private/tauv_vehicle/lib/python3/dist-packages/tauv_vehicle/__init__.py, /home/jiaxi/Projects/aCube/planner/TAUV-ROS-Packages/devel/lib/python3/dist-packages/tauv_vehicle/__init__.py)
Linked: (/home/jiaxi/Projects/aCube/planner/TAUV-ROS-Packages/devel/.private/tauv_vehicle/lib/python3/dist-packages/xsens_imu_sync/__init__.py, /home/jiaxi/Projects/aCube/planner/TAUV-ROS-Packages/devel/lib/python3/dist-packages/xsens_imu_sync/__init__.py)
Linked: (/home/jiaxi/Projects/aCube/planner/TAUV-ROS-Packages/devel/.private/tauv_vehicle/lib/pkgconfig/tauv_vehicle.pc, /home/jiaxi/Projects/aCube/planner/TAUV-ROS-Packages/devel/lib/pkgconfig/tauv_vehicle.pc)
Linked: (/home/jiaxi/Projects/aCube/planner/TAUV-ROS-Packages/devel/.private/tauv_vehicle/lib/tauv_vehicle/xsens_imu, /home/jiaxi/Projects/aCube/planner/TAUV-ROS-Packages/devel/lib/tauv_vehicle/xsens_imu)
